TN:
SF:.storybook/main.ts
FN:1,(empty-report)
FNF:1
FNH:1
FNDA:1,(empty-report)
DA:3,0
DA:4,0
DA:5,0
DA:6,0
DA:7,0
DA:8,0
DA:9,0
DA:10,0
DA:11,0
LF:9
LH:0
BRDA:1,0,0,1
BRF:1
BRH:1
end_of_record
TN:
SF:.storybook/preview.ts
FN:1,(empty-report)
FNF:1
FNH:1
FNDA:1,(empty-report)
DA:2,0
DA:4,0
DA:5,0
DA:6,0
DA:7,0
DA:8,0
DA:9,0
DA:10,0
DA:11,0
DA:12,0
DA:13,0
DA:15,0
LF:12
LH:0
BRDA:1,0,0,1
BRF:1
BRH:1
end_of_record
TN:
SF:scripts/copy-coverage.js
FN:1,(empty-report)
FNF:1
FNH:0
FNDA:0,(empty-report)
DA:1,0
DA:3,0
DA:4,0
DA:6,0
DA:7,0
DA:8,0
DA:9,0
DA:11,0
DA:12,0
DA:14,0
DA:15,0
DA:17,0
DA:18,0
DA:19,0
DA:20,0
DA:21,0
DA:23,0
DA:24,0
DA:26,0
DA:27,0
DA:28,0
DA:30,0
DA:31,0
DA:32,0
DA:33,0
DA:34,0
DA:35,0
DA:36,0
DA:38,0
DA:39,0
DA:40,0
DA:41,0
DA:42,0
DA:43,0
DA:44,0
DA:45,0
DA:46,0
DA:47,0
DA:48,0
DA:49,0
DA:50,0
DA:51,0
DA:52,0
DA:53,0
DA:55,0
DA:56,0
DA:57,0
DA:58,0
DA:59,0
DA:60,0
DA:61,0
DA:62,0
DA:63,0
DA:64,0
DA:65,0
DA:66,0
DA:67,0
DA:68,0
DA:69,0
DA:71,0
DA:72,0
DA:73,0
DA:74,0
DA:76,0
DA:77,0
DA:79,0
DA:80,0
DA:81,0
DA:82,0
DA:83,0
DA:85,0
DA:86,0
DA:87,0
DA:88,0
DA:89,0
DA:90,0
DA:91,0
DA:92,0
DA:93,0
DA:94,0
DA:95,0
DA:96,0
DA:97,0
DA:98,0
DA:99,0
DA:100,0
DA:102,0
DA:103,0
DA:104,0
DA:105,0
DA:106,0
DA:108,0
LF:92
LH:0
BRDA:1,0,0,0
BRF:1
BRH:0
end_of_record
TN:
SF:scripts/update-blog-posts.js
FN:1,(empty-report)
FNF:1
FNH:0
FNDA:0,(empty-report)
DA:1,0
DA:3,0
DA:4,0
DA:5,0
DA:6,0
DA:8,0
DA:9,0
DA:10,0
DA:11,0
DA:13,0
DA:14,0
DA:15,0
DA:16,0
DA:18,0
DA:20,0
DA:21,0
DA:22,0
DA:23,0
DA:24,0
DA:25,0
DA:27,0
DA:28,0
DA:29,0
DA:30,0
DA:31,0
DA:32,0
DA:33,0
DA:34,0
DA:36,0
DA:37,0
DA:38,0
DA:40,0
DA:41,0
DA:42,0
DA:43,0
DA:45,0
DA:46,0
DA:47,0
DA:48,0
DA:50,0
DA:52,0
DA:53,0
DA:54,0
DA:55,0
DA:57,0
DA:58,0
DA:59,0
DA:61,0
DA:62,0
DA:63,0
DA:64,0
DA:65,0
DA:66,0
DA:67,0
DA:68,0
DA:69,0
DA:70,0
DA:71,0
DA:72,0
DA:73,0
DA:74,0
DA:76,0
DA:77,0
DA:78,0
DA:80,0
DA:81,0
DA:82,0
DA:83,0
DA:84,0
DA:85,0
DA:87,0
DA:88,0
DA:89,0
DA:90,0
DA:91,0
DA:92,0
DA:94,0
DA:95,0
DA:96,0
DA:97,0
DA:99,0
DA:100,0
DA:101,0
DA:102,0
DA:103,0
DA:104,0
DA:105,0
DA:106,0
DA:108,0
DA:109,0
DA:111,0
DA:112,0
DA:113,0
DA:114,0
DA:115,0
DA:117,0
DA:118,0
DA:119,0
DA:120,0
DA:121,0
DA:122,0
DA:123,0
DA:125,0
DA:126,0
DA:128,0
DA:129,0
DA:130,0
DA:131,0
DA:133,0
DA:134,0
DA:135,0
DA:136,0
DA:137,0
DA:138,0
DA:139,0
DA:141,0
DA:142,0
DA:143,0
DA:144,0
DA:145,0
DA:146,0
DA:147,0
DA:148,0
DA:149,0
DA:150,0
DA:151,0
DA:152,0
DA:154,0
DA:155,0
DA:157,0
DA:158,0
DA:160,0
DA:161,0
DA:162,0
DA:163,0
DA:165,0
DA:166,0
DA:168,0
DA:169,0
DA:170,0
DA:171,0
DA:172,0
DA:174,0
DA:175,0
DA:176,0
DA:178,0
DA:179,0
DA:181,0
DA:182,0
DA:183,0
DA:184,0
DA:186,0
DA:188,0
DA:189,0
DA:190,0
DA:191,0
DA:192,0
DA:194,0
DA:195,0
DA:196,0
DA:198,0
DA:199,0
DA:201,0
DA:202,0
DA:203,0
DA:205,0
DA:206,0
DA:207,0
DA:208,0
DA:209,0
DA:210,0
DA:211,0
DA:212,0
DA:213,0
DA:214,0
DA:215,0
DA:216,0
DA:217,0
DA:219,0
DA:221,0
DA:222,0
DA:224,0
DA:225,0
DA:227,0
DA:228,0
DA:229,0
DA:231,0
DA:232,0
DA:234,0
DA:235,0
DA:237,0
DA:238,0
DA:239,0
DA:240,0
DA:242,0
DA:243,0
DA:245,0
DA:246,0
DA:247,0
DA:248,0
DA:249,0
DA:251,0
DA:252,0
DA:254,0
DA:255,0
DA:256,0
DA:257,0
DA:259,0
DA:260,0
DA:261,0
DA:262,0
DA:263,0
DA:264,0
DA:266,0
DA:267,0
DA:268,0
DA:269,0
DA:271,0
LF:218
LH:0
BRDA:1,0,0,0
BRF:1
BRH:0
end_of_record
TN:
SF:scripts/update-lib-version.js
FN:1,(empty-report)
FNF:1
FNH:0
FNDA:0,(empty-report)
DA:1,0
DA:3,0
DA:4,0
DA:5,0
DA:7,0
DA:8,0
DA:9,0
DA:10,0
DA:11,0
DA:13,0
DA:14,0
DA:16,0
DA:17,0
DA:18,0
DA:20,0
DA:21,0
DA:22,0
DA:23,0
DA:24,0
DA:25,0
DA:27,0
DA:28,0
DA:29,0
DA:30,0
DA:31,0
DA:32,0
DA:33,0
DA:35,0
DA:36,0
DA:37,0
DA:38,0
DA:40,0
DA:41,0
DA:42,0
DA:43,0
DA:45,0
DA:46,0
DA:47,0
DA:48,0
DA:49,0
DA:51,0
DA:52,0
DA:53,0
DA:55,0
DA:56,0
DA:57,0
DA:58,0
DA:60,0
DA:62,0
DA:63,0
DA:65,0
DA:67,0
DA:68,0
DA:69,0
DA:70,0
DA:71,0
DA:73,0
DA:74,0
DA:76,0
DA:77,0
DA:78,0
DA:79,0
DA:80,0
DA:82,0
DA:83,0
DA:85,0
DA:86,0
DA:87,0
DA:88,0
DA:89,0
DA:90,0
DA:92,0
DA:93,0
DA:94,0
DA:96,0
DA:97,0
DA:99,0
DA:100,0
DA:101,0
DA:102,0
DA:103,0
DA:104,0
DA:106,0
DA:107,0
DA:108,0
DA:109,0
DA:110,0
DA:111,0
DA:113,0
DA:114,0
DA:115,0
DA:116,0
DA:118,0
LF:93
LH:0
BRDA:1,0,0,0
BRF:1
BRH:0
end_of_record
TN:
SF:scripts/update-stats.js
FN:1,(empty-report)
FNF:1
FNH:0
FNDA:0,(empty-report)
DA:1,0
DA:3,0
DA:4,0
DA:6,0
DA:7,0
DA:8,0
DA:9,0
DA:11,0
DA:12,0
DA:13,0
DA:15,0
DA:16,0
DA:17,0
DA:18,0
DA:19,0
DA:21,0
DA:23,0
DA:24,0
DA:25,0
DA:26,0
DA:27,0
DA:29,0
DA:30,0
DA:32,0
DA:33,0
DA:34,0
DA:35,0
DA:36,0
DA:37,0
DA:38,0
DA:39,0
DA:40,0
DA:41,0
DA:42,0
DA:43,0
DA:44,0
DA:46,0
DA:47,0
DA:48,0
DA:49,0
DA:50,0
DA:51,0
DA:52,0
DA:53,0
DA:55,0
DA:56,0
DA:57,0
DA:58,0
DA:59,0
DA:61,0
DA:62,0
DA:63,0
DA:64,0
DA:65,0
DA:66,0
DA:67,0
DA:69,0
DA:70,0
DA:71,0
DA:72,0
DA:73,0
DA:75,0
DA:76,0
DA:77,0
DA:78,0
DA:79,0
DA:80,0
DA:81,0
DA:82,0
DA:83,0
DA:84,0
DA:85,0
DA:86,0
DA:87,0
DA:88,0
DA:89,0
DA:90,0
DA:91,0
DA:93,0
DA:94,0
DA:95,0
DA:97,0
DA:98,0
DA:99,0
DA:101,0
DA:102,0
DA:103,0
DA:105,0
DA:106,0
DA:107,0
DA:108,0
DA:109,0
DA:110,0
DA:111,0
DA:112,0
DA:114,0
DA:115,0
DA:116,0
DA:117,0
DA:118,0
DA:119,0
DA:120,0
DA:121,0
DA:122,0
DA:123,0
DA:124,0
DA:125,0
DA:126,0
DA:127,0
DA:128,0
DA:130,0
DA:131,0
DA:132,0
DA:133,0
DA:134,0
DA:136,0
DA:137,0
DA:139,0
DA:140,0
DA:141,0
DA:142,0
DA:143,0
DA:145,0
DA:146,0
DA:147,0
DA:148,0
DA:149,0
DA:150,0
DA:152,0
DA:153,0
DA:154,0
DA:155,0
DA:157,0
LF:133
LH:0
BRDA:1,0,0,0
BRF:1
BRH:0
end_of_record
TN:
SF:scripts/verify-docs-version.js
FN:1,(empty-report)
FNF:1
FNH:0
FNDA:0,(empty-report)
DA:1,0
DA:3,0
DA:4,0
DA:5,0
DA:6,0
DA:8,0
DA:9,0
DA:10,0
DA:11,0
DA:13,0
DA:14,0
DA:16,0
DA:17,0
DA:19,0
DA:20,0
DA:21,0
DA:22,0
DA:23,0
DA:24,0
DA:26,0
DA:27,0
DA:28,0
DA:29,0
DA:31,0
DA:32,0
DA:33,0
DA:34,0
DA:35,0
DA:37,0
DA:38,0
DA:39,0
DA:40,0
DA:41,0
DA:43,0
DA:44,0
DA:46,0
DA:47,0
DA:49,0
DA:50,0
DA:51,0
DA:52,0
DA:54,0
DA:55,0
DA:56,0
DA:57,0
DA:59,0
DA:60,0
DA:62,0
DA:63,0
DA:64,0
DA:65,0
DA:66,0
DA:68,0
DA:69,0
DA:70,0
DA:71,0
DA:72,0
DA:73,0
DA:74,0
DA:75,0
DA:76,0
DA:77,0
DA:78,0
DA:79,0
DA:80,0
DA:81,0
DA:82,0
DA:83,0
DA:84,0
DA:85,0
DA:86,0
DA:87,0
DA:88,0
DA:89,0
DA:90,0
DA:91,0
DA:92,0
DA:94,0
DA:95,0
DA:96,0
DA:97,0
DA:98,0
DA:99,0
DA:101,0
DA:102,0
DA:103,0
DA:104,0
DA:106,0
DA:107,0
DA:109,0
DA:111,0
DA:112,0
DA:114,0
DA:115,0
DA:116,0
DA:117,0
DA:118,0
DA:120,0
DA:121,0
DA:122,0
DA:123,0
DA:124,0
DA:125,0
DA:126,0
DA:127,0
DA:129,0
DA:130,0
DA:131,0
DA:132,0
DA:133,0
DA:134,0
DA:136,0
DA:137,0
DA:139,0
DA:140,0
DA:141,0
DA:142,0
DA:143,0
DA:144,0
DA:145,0
DA:146,0
DA:147,0
DA:148,0
DA:149,0
DA:150,0
DA:151,0
LF:126
LH:0
BRDA:1,0,0,0
BRF:1
BRH:0
end_of_record
TN:
SF:src/blocks/bento-grid/bento-grid.tsx
FN:14,BentoGrid
FN:25,BentoCard
FNF:2
FNH:0
FNDA:0,BentoGrid
FNDA:0,BentoCard
DA:2,1
DA:14,1
DA:15,0
DA:16,0
DA:17,0
DA:18,0
DA:20,0
DA:21,0
DA:23,0
DA:25,1
DA:26,0
DA:27,0
DA:28,0
DA:30,0
DA:32,0
DA:33,0
DA:34,0
DA:35,0
DA:37,0
DA:38,0
LF:20
LH:3
BRF:0
BRH:0
end_of_record
TN:
SF:src/blocks/data-table/data-table.tsx
FN:33,DataTableInner
FN:68,DataTableInner.resolvedLabels.allFilterOption
FN:87,getRowId
FN:369,clearSelection
FN:432,onChange
FN:470,onClearSearch
FN:472,onClearSort
FN:480,onClearSelection
FNF:8
FNH:4
FNDA:93,DataTableInner
FNDA:4,DataTableInner.resolvedLabels.allFilterOption
FNDA:482,getRowId
FNDA:1,clearSelection
FNDA:0,onChange
FNDA:0,onClearSearch
FNDA:0,onClearSort
FNDA:0,onClearSelection
DA:3,1
DA:4,1
DA:5,1
DA:6,1
DA:9,1
DA:10,1
DA:11,1
DA:12,1
DA:13,1
DA:14,1
DA:15,1
DA:16,1
DA:19,1
DA:22,1
DA:23,1
DA:24,1
DA:33,93
DA:34,93
DA:35,93
DA:36,93
DA:37,93
DA:38,93
DA:39,93
DA:40,93
DA:41,93
DA:42,93
DA:43,93
DA:44,93
DA:45,93
DA:46,93
DA:47,93
DA:48,93
DA:49,93
DA:52,93
DA:53,93
DA:54,93
DA:55,93
DA:56,93
DA:57,93
DA:58,93
DA:59,93
DA:60,93
DA:61,93
DA:62,93
DA:63,93
DA:64,93
DA:65,93
DA:66,93
DA:67,93
DA:68,93
DA:69,93
DA:70,93
DA:71,93
DA:72,93
DA:74,93
DA:75,93
DA:76,93
DA:77,93
DA:78,93
DA:79,93
DA:80,93
DA:81,93
DA:84,93
DA:87,93
DA:88,482
DA:89,482
DA:92,93
DA:93,53
DA:96,53
DA:97,3
DA:98,3
DA:99,15
DA:100,29
DA:101,29
DA:102,29
DA:103,15
DA:104,3
DA:105,3
DA:108,53
DA:109,2
DA:110,2
DA:111,10
DA:112,10
DA:113,2
DA:114,2
DA:115,53
DA:118,53
DA:119,5
DA:120,5
DA:121,20
DA:122,20
DA:125,20
DA:126,20
DA:127,20
DA:130,20
DA:131,20
DA:132,12
DA:133,8
DA:134,20
DA:137,0
DA:138,0
DA:139,0
DA:140,5
DA:141,5
DA:143,53
DA:144,93
DA:147,93
DA:148,55
DA:150,3
DA:151,3
DA:152,3
DA:153,3
DA:154,3
DA:155,3
DA:156,3
DA:157,3
DA:158,3
DA:159,3
DA:161,52
DA:162,52
DA:163,52
DA:164,52
DA:165,52
DA:167,52
DA:168,52
DA:169,52
DA:170,52
DA:171,52
DA:172,52
DA:173,52
DA:174,93
DA:177,93
DA:178,53
DA:179,93
DA:182,93
DA:183,2
DA:184,10
DA:185,10
DA:186,2
DA:187,93
DA:190,93
DA:191,4
DA:192,93
DA:195,93
DA:196,1
DA:197,93
DA:200,93
DA:201,2
DA:202,93
DA:205,93
DA:206,2
DA:207,2
DA:208,2
DA:209,2
DA:210,93
DA:213,93
DA:214,93
DA:215,1
DA:216,1
DA:217,93
DA:218,93
DA:221,93
DA:222,93
DA:223,1
DA:224,0
DA:225,1
DA:226,1
DA:227,1
DA:228,1
DA:229,93
DA:230,93
DA:233,93
DA:234,0
DA:235,93
DA:238,93
DA:239,0
DA:240,0
DA:241,0
DA:242,0
DA:243,93
DA:245,93
DA:246,0
DA:247,0
DA:248,0
DA:249,0
DA:250,0
DA:251,93
DA:253,93
DA:254,1
DA:255,93
DA:258,93
DA:259,6
DA:260,6
DA:262,3
DA:263,1
DA:264,0
DA:265,0
DA:267,3
DA:268,6
DA:269,93
DA:272,93
DA:273,0
DA:274,0
DA:275,0
DA:276,93
DA:278,93
DA:279,0
DA:280,93
DA:283,93
DA:284,93
DA:285,3
DA:286,2
DA:287,2
DA:288,10
DA:289,10
DA:290,2
DA:291,2
DA:292,3
DA:293,1
DA:294,1
DA:295,3
DA:296,93
DA:297,93
DA:299,93
DA:300,5
DA:301,5
DA:302,5
DA:303,5
DA:304,5
DA:305,0
DA:306,0
DA:307,5
DA:308,5
DA:309,93
DA:312,93
DA:313,1
DA:314,93
DA:317,93
DA:318,1
DA:319,1
DA:320,1
DA:321,0
DA:322,0
DA:323,93
DA:325,93
DA:326,2
DA:327,1
DA:328,1
DA:329,1
DA:330,1
DA:331,1
DA:332,1
DA:333,93
DA:335,93
DA:336,93
DA:337,0
DA:338,0
DA:339,93
DA:340,93
DA:343,93
DA:344,93
DA:345,93
DA:346,93
DA:347,93
DA:350,93
DA:351,93
DA:354,93
DA:355,65
DA:356,65
DA:357,61
DA:358,76
DA:359,76
DA:360,61
DA:362,93
DA:365,93
DA:366,93
DA:367,93
DA:368,14
DA:369,14
DA:370,14
DA:371,14
DA:372,14
DA:373,14
DA:374,14
DA:375,14
DA:376,14
DA:377,14
DA:378,93
DA:379,93
DA:380,93
DA:381,93
DA:382,93
DA:383,93
DA:384,93
DA:385,93
DA:386,93
DA:387,93
DA:388,93
DA:390,93
DA:391,1
DA:392,1
DA:393,1
DA:394,1
DA:395,1
DA:396,0
DA:397,1
DA:398,1
DA:399,1
DA:400,1
DA:401,1
DA:402,1
DA:403,1
DA:404,1
DA:405,1
DA:406,1
DA:407,1
DA:408,1
DA:409,1
DA:410,1
DA:411,1
DA:413,1
DA:415,92
DA:416,92
DA:418,92
DA:419,93
DA:420,91
DA:421,91
DA:422,91
DA:423,91
DA:424,91
DA:425,1
DA:427,93
DA:428,5
DA:429,5
DA:430,5
DA:431,5
DA:432,5
DA:433,5
DA:434,5
DA:435,93
DA:437,93
DA:438,91
DA:439,91
DA:440,91
DA:441,91
DA:442,91
DA:443,91
DA:444,91
DA:445,91
DA:446,1
DA:448,93
DA:449,91
DA:450,91
DA:451,91
DA:452,91
DA:453,1
DA:455,93
DA:456,28
DA:457,28
DA:458,28
DA:459,28
DA:461,93
DA:464,93
DA:465,93
DA:466,93
DA:467,93
DA:468,93
DA:469,93
DA:470,93
DA:471,93
DA:472,93
DA:473,93
DA:474,93
DA:475,93
DA:478,93
DA:479,93
DA:480,93
DA:481,93
DA:482,93
DA:483,93
DA:484,93
DA:487,93
DA:488,93
DA:489,93
DA:490,93
DA:491,93
DA:492,93
DA:493,93
DA:494,93
DA:495,93
DA:496,93
DA:497,93
DA:498,93
DA:499,93
DA:500,93
DA:501,93
DA:502,6
DA:503,6
DA:504,6
DA:505,6
DA:507,6
DA:508,4
DA:509,2
DA:510,6
DA:511,6
DA:513,86
DA:514,386
DA:515,386
DA:516,386
DA:517,386
DA:518,386
DA:519,386
DA:520,386
DA:521,386
DA:522,386
DA:523,386
DA:524,386
DA:525,386
DA:527,86
DA:529,93
DA:530,93
DA:531,93
DA:534,93
DA:535,93
DA:536,93
DA:537,93
DA:538,93
DA:539,93
DA:540,93
DA:541,93
DA:542,93
DA:543,93
DA:544,93
DA:545,93
DA:547,93
DA:550,1
LF:436
LH:409
BRDA:33,0,0,93
BRDA:53,1,0,6
BRDA:53,2,0,2
BRDA:53,3,0,92
BRDA:53,4,0,9
BRDA:53,5,0,91
BRDA:54,6,0,6
BRDA:54,7,0,2
BRDA:54,8,0,92
BRDA:54,9,0,8
BRDA:54,10,0,91
BRDA:55,11,0,6
BRDA:55,12,0,0
BRDA:55,13,0,9
BRDA:57,14,0,6
BRDA:57,15,0,0
BRDA:58,16,0,9
BRDA:60,17,0,9
BRDA:60,18,0,92
BRDA:62,19,0,9
BRDA:62,20,0,88
BRDA:63,21,0,9
BRDA:64,22,0,9
BRDA:65,23,0,9
BRDA:66,24,0,9
BRDA:67,25,0,9
BRDA:68,26,0,9
BRDA:69,27,0,9
BRDA:70,28,0,9
BRDA:71,29,0,9
BRDA:347,30,0,91
BRDA:347,31,0,75
BRDA:390,32,0,1
BRDA:413,33,0,92
BRDA:419,34,0,6
BRDA:419,35,0,2
BRDA:419,36,0,91
BRDA:424,37,0,1
BRDA:437,38,0,6
BRDA:437,39,0,1
BRDA:437,40,0,91
BRDA:445,41,0,1
BRDA:448,42,0,6
BRDA:448,43,0,2
BRDA:448,44,0,91
BRDA:452,45,0,1
BRDA:455,46,0,6
BRDA:455,47,0,0
BRDA:455,48,0,92
BRDA:455,49,0,28
BRDA:491,50,0,6
BRDA:491,51,0,1
BRDA:501,52,0,6
BRDA:507,53,0,4
BRDA:508,54,0,2
BRDA:511,55,0,86
BRDA:535,56,0,3
BRDA:535,57,0,89
BRDA:68,58,0,4
BRDA:87,59,0,482
BRDA:88,60,0,0
BRDA:88,61,0,0
BRDA:92,62,0,53
BRDA:96,63,0,3
BRDA:118,64,0,5
BRDA:118,65,0,5
BRDA:98,66,0,15
BRDA:99,67,0,29
BRDA:101,68,0,0
BRDA:108,69,0,2
BRDA:110,70,0,10
BRDA:120,71,0,20
BRDA:125,72,0,0
BRDA:125,73,0,0
BRDA:126,74,0,0
BRDA:127,75,0,0
BRDA:131,76,0,12
BRDA:132,77,0,8
BRDA:134,78,0,0
BRDA:138,79,0,0
BRDA:147,80,0,55
BRDA:148,81,0,3
BRDA:159,82,0,52
BRDA:177,83,0,53
BRDA:182,84,0,2
BRDA:183,85,0,10
BRDA:190,86,0,4
BRDA:195,87,0,1
BRDA:200,88,0,2
BRDA:205,89,0,2
BRDA:214,90,0,1
BRDA:222,91,0,1
BRDA:223,92,0,0
BRDA:253,93,0,1
BRDA:258,94,0,6
BRDA:259,95,0,6
BRDA:260,96,0,3
BRDA:262,97,0,2
BRDA:262,98,0,1
BRDA:263,99,0,0
BRDA:284,100,0,3
BRDA:285,101,0,2
BRDA:292,102,0,1
BRDA:287,103,0,10
BRDA:299,104,0,5
BRDA:300,105,0,5
BRDA:304,106,0,0
BRDA:312,107,0,1
BRDA:317,108,0,1
BRDA:320,109,0,0
BRDA:325,110,0,2
BRDA:326,111,0,1
BRDA:331,112,0,1
BRDA:344,113,0,2
BRDA:350,114,0,279
BRDA:354,115,0,65
BRDA:356,116,0,61
BRDA:357,117,0,76
BRDA:367,118,0,14
BRDA:369,119,0,1
BRDA:427,120,0,5
BRDA:513,121,0,386
BRDA:520,122,0,30
BRDA:520,123,0,5
BRF:124
BRH:108
end_of_record
TN:
SF:src/blocks/data-table/components/active-filters.tsx
FN:20,ActiveFilters
FN:59,onClick
FNF:2
FNH:1
FNDA:69,ActiveFilters
FNDA:0,onClick
DA:3,1
DA:4,1
DA:20,1
DA:21,69
DA:22,69
DA:23,69
DA:24,69
DA:25,69
DA:26,69
DA:27,69
DA:28,69
DA:29,69
DA:30,69
DA:31,69
DA:32,69
DA:33,69
DA:34,67
DA:35,59
DA:37,69
DA:39,15
DA:40,15
DA:41,15
DA:42,8
DA:43,8
DA:44,8
DA:45,8
DA:46,8
DA:47,8
DA:48,8
DA:50,69
DA:51,2
DA:52,2
DA:53,2
DA:54,2
DA:55,2
DA:56,2
DA:57,2
DA:58,2
DA:59,2
DA:60,2
DA:61,2
DA:63,69
DA:64,69
DA:65,5
DA:66,5
DA:67,5
DA:68,5
DA:69,5
DA:70,5
DA:71,5
DA:72,5
DA:73,5
DA:74,5
DA:76,69
DA:78,69
LF:55
LH:55
BRDA:20,0,0,69
BRDA:33,1,0,67
BRDA:34,2,0,59
BRDA:37,3,0,54
BRDA:37,4,0,15
BRDA:41,5,0,8
BRDA:64,6,0,5
BRDA:67,7,0,0
BRDA:69,8,0,3
BRDA:69,9,0,2
BRDA:33,10,0,2
BRDA:50,11,0,2
BRDA:51,12,0,0
BRDA:56,13,0,0
BRDA:52,14,0,2
BRDA:53,15,0,2
BRDA:67,16,0,5
BRF:17
BRH:14
end_of_record
TN:
SF:src/blocks/data-table/components/column-visibility-dropdown.tsx
FN:24,ColumnVisibilityDropdown
FN:47,onCheckedChange
FNF:2
FNH:1
FNDA:68,ColumnVisibilityDropdown
FNDA:0,onCheckedChange
DA:3,1
DA:4,1
DA:12,1
DA:24,1
DA:25,68
DA:26,68
DA:27,68
DA:28,68
DA:29,68
DA:30,68
DA:31,68
DA:32,68
DA:33,68
DA:34,68
DA:35,68
DA:36,68
DA:37,68
DA:38,68
DA:39,68
DA:40,68
DA:41,68
DA:42,68
DA:43,68
DA:44,204
DA:45,204
DA:46,204
DA:47,204
DA:49,204
DA:50,204
DA:51,68
DA:52,68
DA:53,68
DA:54,68
DA:55,68
DA:56,68
DA:57,68
DA:59,68
DA:60,68
DA:61,68
DA:62,68
DA:64,68
LF:41
LH:41
BRDA:24,0,0,68
BRDA:43,1,0,204
BRF:2
BRH:2
end_of_record
TN:
SF:src/blocks/data-table/components/filter-dropdown.tsx
FN:20,FilterDropdown
FNF:1
FNH:1
FNDA:4,FilterDropdown
DA:3,1
DA:10,1
DA:20,1
DA:21,4
DA:22,4
DA:23,4
DA:24,4
DA:25,4
DA:26,4
DA:27,4
DA:28,4
DA:29,4
DA:30,4
DA:31,4
DA:32,8
DA:33,8
DA:34,8
DA:35,4
DA:36,4
DA:37,4
DA:39,4
LF:21
LH:21
BRDA:20,0,0,4
BRDA:22,1,0,2
BRDA:31,2,0,8
BRF:3
BRH:3
end_of_record
TN:
SF:src/blocks/data-table/components/search-input.tsx
FN:12,SearchInput
FN:23,onChange
FNF:2
FNH:2
FNDA:68,SearchInput
FNDA:5,onChange
DA:3,1
DA:4,1
DA:12,1
DA:13,68
DA:14,68
DA:15,68
DA:16,68
DA:17,68
DA:18,68
DA:19,68
DA:20,68
DA:21,68
DA:22,68
DA:23,68
DA:24,68
DA:25,68
DA:26,68
DA:27,68
DA:29,68
LF:19
LH:19
BRDA:12,0,0,68
BRDA:23,1,0,5
BRF:2
BRH:2
end_of_record
TN:
SF:src/blocks/data-table/components/selection-info.tsx
FN:13,SelectionInfo
FNF:1
FNH:1
FNDA:69,SelectionInfo
DA:3,1
DA:13,1
DA:14,69
DA:15,69
DA:16,69
DA:17,69
DA:18,69
DA:19,69
DA:20,69
DA:22,8
DA:23,8
DA:24,8
DA:25,8
DA:26,69
DA:27,69
DA:28,69
DA:29,69
DA:30,69
DA:31,69
DA:33,69
LF:20
LH:20
BRDA:13,0,0,69
BRDA:20,1,0,61
BRDA:20,2,0,8
BRDA:26,3,0,5
BRDA:26,4,0,3
BRF:5
BRH:5
end_of_record
TN:
SF:src/blocks/data-table/components/table-header.tsx
FN:19,TableHeader
FN:53,onClick
FNF:2
FNH:2
FNDA:69,TableHeader
FNDA:6,onClick
DA:3,1
DA:4,1
DA:5,1
DA:6,1
DA:19,1
DA:20,69
DA:21,69
DA:22,69
DA:23,69
DA:24,69
DA:25,69
DA:26,69
DA:27,69
DA:28,69
DA:30,69
DA:31,69
DA:33,69
DA:34,68
DA:35,68
DA:36,68
DA:37,68
DA:38,68
DA:39,68
DA:40,68
DA:44,69
DA:45,207
DA:46,207
DA:47,207
DA:48,207
DA:49,207
DA:50,207
DA:51,207
DA:52,207
DA:53,207
DA:54,207
DA:55,207
DA:56,0
DA:57,0
DA:58,0
DA:59,207
DA:60,207
DA:62,207
DA:63,207
DA:64,207
DA:65,138
DA:66,138
DA:67,5
DA:68,3
DA:70,2
DA:73,133
DA:75,138
DA:77,207
DA:78,207
DA:79,69
DA:80,69
DA:82,69
LF:56
LH:53
BRDA:19,0,0,69
BRDA:33,1,0,68
BRDA:36,2,0,2
BRDA:28,3,0,207
BRDA:44,4,0,207
BRDA:48,5,0,138
BRDA:48,6,0,69
BRDA:50,7,0,0
BRDA:51,8,0,0
BRDA:53,9,0,138
BRDA:53,10,0,69
BRDA:55,11,0,0
BRDA:64,12,0,138
BRDA:66,13,0,5
BRDA:67,14,0,3
BRDA:68,15,0,2
BRDA:70,16,0,133
BRDA:53,17,0,6
BRF:18
BRH:15
end_of_record
TN:
SF:src/blocks/data-table/components/table-row.tsx
FN:16,DataTableRow
FN:34,onCheckedChange
FNF:2
FNH:2
FNDA:288,DataTableRow
FNDA:5,onCheckedChange
DA:1,1
DA:2,1
DA:3,1
DA:16,1
DA:17,288
DA:18,288
DA:19,288
DA:20,288
DA:21,288
DA:22,288
DA:23,288
DA:24,288
DA:25,288
DA:27,288
DA:28,288
DA:30,288
DA:31,283
DA:32,283
DA:33,283
DA:34,283
DA:35,283
DA:36,283
DA:37,283
DA:41,288
DA:42,864
DA:43,864
DA:44,864
DA:45,864
DA:46,864
DA:47,864
DA:48,864
DA:49,864
DA:50,864
DA:52,864
DA:53,0
DA:54,864
DA:55,864
DA:57,288
DA:58,288
DA:60,288
LF:40
LH:39
BRDA:16,0,0,288
BRDA:28,1,0,17
BRDA:28,2,0,271
BRDA:30,3,0,283
BRDA:25,4,0,864
BRDA:34,5,0,5
BRDA:41,6,0,864
BRDA:47,7,0,0
BRDA:48,8,0,0
BRDA:52,9,0,0
BRDA:54,10,0,0
BRF:11
BRH:7
end_of_record
TN:
SF:src/blocks/data-table/components/table-skeleton.tsx
FN:16,TableSkeleton
FNF:1
FNH:1
FNDA:1,TableSkeleton
DA:1,1
DA:2,1
DA:16,1
DA:17,1
DA:18,1
DA:19,1
DA:20,1
DA:21,1
DA:22,1
DA:23,4
DA:24,4
DA:25,4
DA:26,1
DA:27,1
DA:28,1
DA:29,1
DA:30,1
DA:31,40
DA:32,40
DA:33,160
DA:34,160
DA:35,160
DA:36,40
DA:37,40
DA:38,1
DA:39,1
DA:40,1
DA:41,1
DA:43,1
LF:29
LH:29
BRDA:16,0,0,1
BRDA:22,1,0,4
BRDA:30,2,0,40
BRDA:32,3,0,160
BRF:4
BRH:4
end_of_record
TN:
SF:src/blocks/data-table/types/data-table.ts
FNF:0
FNH:0
LF:0
LH:0
BRF:0
BRH:0
end_of_record
TN:
SF:src/blocks/data-table/utils/export.ts
FN:3,exportToCSV
FNF:1
FNH:1
FNDA:1,exportToCSV
DA:3,1
DA:4,1
DA:5,1
DA:6,1
DA:7,1
DA:9,1
DA:12,1
DA:15,1
DA:16,5
DA:17,15
DA:18,15
DA:19,5
DA:20,1
DA:23,1
DA:26,1
DA:27,1
DA:28,1
DA:29,1
DA:30,1
DA:31,1
DA:32,1
DA:33,1
DA:34,1
DA:35,1
LF:24
LH:24
BRDA:3,0,0,1
BRDA:9,1,0,3
BRDA:12,2,0,3
BRDA:15,3,0,5
BRDA:16,4,0,15
BRDA:18,5,0,0
BRDA:23,6,0,5
BRF:7
BRH:6
end_of_record
TN:
SF:src/blocks/empty-message/empty-message.tsx
FN:12,EmptyItems
FNF:1
FNH:0
FNDA:0,EmptyItems
DA:1,1
DA:2,1
DA:12,1
DA:13,0
DA:15,0
DA:16,0
DA:17,0
DA:18,0
DA:19,0
DA:20,0
DA:22,0
DA:23,0
DA:24,0
DA:25,0
DA:26,0
DA:27,0
DA:29,0
LF:17
LH:3
BRF:0
BRH:0
end_of_record
TN:
SF:src/blocks/file-upload-dropzone/file-upload-dropzone.tsx
FN:45,FileUploadDropzone
FNF:1
FNH:0
FNDA:0,FileUploadDropzone
DA:3,1
DA:4,1
DA:5,1
DA:6,1
DA:7,1
DA:8,1
DA:35,1
DA:36,1
DA:37,1
DA:38,1
DA:39,1
DA:40,1
DA:41,1
DA:42,1
DA:43,1
DA:45,1
DA:46,0
DA:47,0
DA:48,0
DA:49,0
DA:50,0
DA:51,0
DA:52,0
DA:53,0
DA:55,0
DA:57,0
DA:58,0
DA:59,0
DA:60,0
DA:61,0
DA:62,0
DA:63,0
DA:64,0
DA:65,0
DA:66,0
DA:67,0
DA:69,0
DA:70,0
DA:72,0
DA:73,0
DA:74,0
DA:76,0
DA:77,0
DA:78,0
DA:79,0
DA:80,0
DA:81,0
DA:82,0
DA:83,0
DA:84,0
DA:85,0
DA:86,0
DA:87,0
DA:88,0
DA:89,0
DA:90,0
DA:91,0
DA:92,0
DA:93,0
DA:94,0
DA:96,0
DA:97,0
DA:98,0
DA:99,0
DA:100,0
DA:101,0
DA:102,0
DA:103,0
DA:104,0
DA:105,0
DA:106,0
DA:107,0
DA:108,0
DA:109,0
DA:111,0
DA:112,0
DA:113,0
DA:114,0
DA:115,0
DA:117,0
DA:118,0
DA:119,0
DA:120,0
DA:121,0
DA:122,0
DA:123,0
DA:125,0
DA:126,0
DA:128,0
DA:129,0
DA:130,0
DA:132,0
DA:133,0
DA:134,0
DA:135,0
DA:137,0
DA:138,0
DA:140,0
DA:141,0
DA:143,0
DA:144,0
DA:145,0
DA:146,0
DA:147,0
DA:148,0
DA:149,0
DA:150,0
DA:151,0
DA:152,0
DA:154,0
DA:155,0
DA:156,0
DA:157,0
DA:158,0
DA:159,0
DA:160,0
DA:161,0
DA:162,0
DA:163,0
DA:166,0
DA:167,0
DA:168,0
DA:169,0
DA:170,0
DA:171,0
DA:173,0
DA:174,0
DA:175,0
DA:176,0
DA:180,0
DA:181,0
DA:182,0
DA:183,0
DA:184,0
DA:185,0
DA:186,0
DA:187,0
DA:188,0
DA:189,0
DA:190,0
DA:192,0
DA:193,0
DA:194,0
DA:197,0
DA:198,0
DA:199,0
DA:200,0
DA:201,0
DA:202,0
DA:203,0
DA:205,0
DA:206,0
DA:209,0
DA:210,0
DA:212,0
DA:214,0
DA:215,0
DA:216,0
DA:217,0
DA:218,0
DA:220,0
DA:221,0
DA:222,0
DA:223,0
DA:224,0
DA:226,0
DA:228,0
LF:167
LH:16
BRF:0
BRH:0
end_of_record
TN:
SF:src/blocks/file-upload-dropzone/index.tsx
FNF:0
FNH:0
DA:1,1
LF:1
LH:1
BRF:0
BRH:0
end_of_record
TN:
SF:src/blocks/help-carousel/help-carousel.tsx
FN:22,HelpCarousel
FNF:1
FNH:0
FNDA:0,HelpCarousel
DA:1,1
DA:10,1
DA:11,1
DA:12,1
DA:22,1
DA:23,0
DA:25,0
DA:26,0
DA:28,0
DA:29,0
DA:30,0
DA:32,0
DA:33,0
DA:34,0
DA:36,0
DA:37,0
DA:38,0
DA:39,0
DA:40,0
DA:41,0
DA:42,0
DA:43,0
DA:44,0
DA:45,0
DA:46,0
DA:47,0
DA:48,0
DA:49,0
DA:50,0
DA:51,0
DA:52,0
DA:54,0
DA:55,0
DA:56,0
DA:57,0
DA:58,0
DA:59,0
DA:60,0
DA:61,0
DA:62,0
DA:63,0
DA:64,0
DA:65,0
DA:66,0
DA:67,0
DA:68,0
DA:69,0
DA:70,0
DA:71,0
DA:73,0
DA:74,0
DA:75,0
DA:76,0
DA:77,0
DA:79,0
LF:55
LH:5
BRF:0
BRH:0
end_of_record
TN:
SF:src/blocks/html-text-editor/html-text-area.tsx
FN:26,HtmlTextArea
FNF:1
FNH:0
FNDA:0,HtmlTextArea
DA:1,1
DA:2,1
DA:26,1
DA:27,0
DA:28,0
DA:29,0
DA:30,0
DA:31,0
DA:32,0
DA:34,0
DA:37,0
DA:38,0
DA:39,0
DA:40,0
DA:42,0
DA:43,0
DA:44,0
DA:45,0
DA:46,0
DA:48,0
LF:20
LH:3
BRF:0
BRH:0
end_of_record
TN:
SF:src/blocks/html-text-editor/html-text-editor.tsx
FN:12,HtmlTextEditor
FNF:1
FNH:0
FNDA:0,HtmlTextEditor
DA:1,1
DA:2,1
DA:3,1
DA:4,1
DA:12,1
DA:13,0
DA:14,0
DA:15,0
DA:16,0
DA:17,0
DA:19,0
DA:20,0
DA:21,0
DA:22,0
DA:24,0
DA:25,0
DA:26,0
DA:27,0
DA:29,0
DA:30,0
DA:31,0
DA:32,0
DA:33,0
DA:35,0
DA:36,0
DA:37,0
DA:38,0
DA:39,0
DA:41,0
DA:42,0
DA:43,0
DA:44,0
DA:45,0
DA:46,0
DA:48,0
DA:49,0
DA:50,0
DA:77,0
DA:78,0
DA:79,0
DA:80,0
DA:81,0
DA:82,0
DA:83,0
DA:85,0
LF:45
LH:5
BRF:0
BRH:0
end_of_record
TN:
SF:src/blocks/html-text-editor/options-bar.tsx
FN:24,OptionsBar
FNF:1
FNH:0
FNDA:0,OptionsBar
DA:1,1
DA:9,1
DA:24,1
DA:25,0
DA:27,0
DA:28,0
DA:29,0
DA:30,0
DA:31,0
DA:32,0
DA:33,0
DA:34,0
DA:35,0
DA:36,0
DA:37,0
DA:38,0
DA:39,0
DA:40,0
DA:41,0
DA:42,0
DA:44,0
DA:45,0
DA:46,0
DA:47,0
DA:48,0
DA:49,0
DA:51,0
DA:52,0
DA:53,0
DA:55,0
DA:56,0
DA:57,0
DA:58,0
DA:59,0
DA:60,0
DA:61,0
DA:63,0
DA:64,0
DA:65,0
DA:66,0
DA:67,0
DA:68,0
DA:69,0
DA:71,0
DA:72,0
DA:73,0
DA:74,0
DA:75,0
DA:76,0
DA:77,0
DA:79,0
DA:80,0
DA:81,0
DA:82,0
DA:83,0
DA:84,0
DA:85,0
DA:86,0
DA:87,0
DA:88,0
DA:89,0
DA:90,0
DA:91,0
DA:92,0
DA:93,0
DA:94,0
DA:95,0
DA:96,0
DA:97,0
DA:98,0
DA:99,0
DA:100,0
DA:101,0
DA:102,0
DA:103,0
DA:104,0
DA:106,0
DA:107,0
DA:108,0
DA:109,0
DA:110,0
DA:111,0
DA:112,0
DA:114,0
DA:115,0
DA:116,0
DA:117,0
DA:118,0
DA:119,0
DA:120,0
DA:122,0
DA:123,0
DA:124,0
DA:125,0
DA:126,0
DA:127,0
DA:128,0
DA:129,0
DA:138,0
DA:140,0
LF:100
LH:3
BRF:0
BRH:0
end_of_record
TN:
SF:src/blocks/lazy-image-gallery/lazy-image-gallery.tsx
FN:14,LazyImageGallery
FNF:1
FNH:0
FNDA:0,LazyImageGallery
DA:1,1
DA:2,1
DA:14,1
DA:15,0
DA:16,0
DA:17,0
DA:19,0
DA:20,0
DA:21,0
DA:22,0
DA:23,0
DA:24,0
DA:25,0
DA:27,0
DA:28,0
DA:29,0
DA:30,0
DA:31,0
DA:32,0
DA:33,0
DA:34,0
DA:36,0
DA:37,0
DA:39,0
DA:40,0
DA:41,0
DA:42,0
DA:44,0
DA:45,0
DA:46,0
DA:47,0
DA:48,0
DA:49,0
DA:50,0
DA:52,0
DA:53,0
DA:54,0
DA:55,0
DA:56,0
DA:58,0
DA:59,0
DA:60,0
DA:61,0
DA:62,0
DA:63,0
DA:64,0
DA:65,0
DA:66,0
DA:68,0
DA:69,0
DA:70,0
DA:72,0
LF:52
LH:3
BRF:0
BRH:0
end_of_record
TN:
SF:src/blocks/month-navigator/month-navigator.tsx
FN:16,MonthNavigator
FNF:1
FNH:0
FNDA:0,MonthNavigator
DA:1,1
DA:2,1
DA:3,1
DA:16,1
DA:17,0
DA:18,0
DA:19,0
DA:20,0
DA:21,0
DA:22,0
DA:23,0
DA:25,0
DA:26,0
DA:27,0
DA:29,0
DA:30,0
DA:31,0
DA:32,0
DA:33,0
DA:34,0
DA:35,0
DA:36,0
DA:37,0
DA:38,0
DA:39,0
DA:40,0
DA:41,0
DA:42,0
DA:43,0
DA:44,0
DA:45,0
DA:46,0
DA:47,0
DA:49,0
DA:50,0
DA:52,0
DA:53,0
DA:54,0
DA:55,0
DA:56,0
DA:57,0
DA:58,0
DA:60,0
DA:61,0
DA:62,0
DA:63,0
DA:64,0
DA:65,0
DA:66,0
DA:67,0
DA:68,0
DA:69,0
DA:71,0
DA:72,0
DA:73,0
DA:74,0
DA:75,0
DA:76,0
DA:78,0
DA:79,0
DA:80,0
DA:82,0
LF:62
LH:4
BRF:0
BRH:0
end_of_record
TN:
SF:src/blocks/multi-select-list/multi-select-list.tsx
FN:26,selectedCount
FN:30,MultiSelectList
FN:45,toggleAll
FN:50,handleItemClick
FN:95,onClick
FN:100,onCheckedChange
FNF:6
FNH:5
FNDA:22,selectedCount
FNDA:23,MultiSelectList
FNDA:2,toggleAll
FNDA:6,handleItemClick
FNDA:6,onClick
FNDA:0,onCheckedChange
DA:1,1
DA:2,1
DA:22,1
DA:23,1
DA:24,1
DA:25,1
DA:26,1
DA:27,1
DA:28,1
DA:30,1
DA:31,23
DA:32,23
DA:33,23
DA:34,23
DA:35,23
DA:36,23
DA:37,23
DA:38,23
DA:39,23
DA:41,23
DA:43,23
DA:45,23
DA:46,2
DA:47,2
DA:48,2
DA:50,23
DA:51,6
DA:52,6
DA:54,6
DA:55,2
DA:56,2
DA:57,2
DA:59,2
DA:60,2
DA:61,1
DA:62,1
DA:64,2
DA:65,6
DA:66,4
DA:67,4
DA:68,4
DA:69,4
DA:70,4
DA:71,4
DA:72,6
DA:74,23
DA:75,23
DA:76,23
DA:77,23
DA:78,23
DA:79,23
DA:80,23
DA:81,23
DA:83,23
DA:84,23
DA:85,23
DA:87,23
DA:88,23
DA:89,101
DA:90,101
DA:91,101
DA:92,101
DA:93,101
DA:94,101
DA:95,101
DA:97,101
DA:98,101
DA:99,101
DA:100,101
DA:101,0
DA:103,101
DA:104,101
DA:105,101
DA:106,101
DA:108,101
DA:109,101
DA:110,101
DA:112,23
DA:113,23
DA:115,23
DA:116,23
DA:117,23
DA:118,20
DA:120,23
DA:121,23
DA:123,23
LF:86
LH:85
BRDA:26,0,0,22
BRDA:30,1,0,23
BRDA:43,2,0,21
BRDA:77,3,0,1
BRDA:83,4,0,3
BRDA:83,5,0,20
BRDA:117,6,0,20
BRDA:45,7,0,2
BRDA:46,8,0,1
BRDA:46,9,0,1
BRDA:50,10,0,6
BRDA:54,11,0,2
BRDA:54,12,0,2
BRDA:60,13,0,1
BRDA:61,14,0,1
BRDA:65,15,0,4
BRDA:68,16,0,2
BRDA:68,17,0,2
BRDA:62,18,0,4
BRDA:68,19,0,7
BRDA:88,20,0,101
BRDA:95,21,0,6
BRF:22
BRH:22
end_of_record
TN:
SF:src/blocks/navigable-list/navigable-list.tsx
FN:23,formatShortcut
FN:32,NavigableList
FNF:2
FNH:0
FNDA:0,formatShortcut
FNDA:0,NavigableList
DA:1,1
DA:23,0
DA:24,0
DA:25,0
DA:26,0
DA:27,0
DA:28,0
DA:29,0
DA:30,0
DA:32,1
DA:33,0
DA:34,0
DA:35,0
DA:36,0
DA:37,0
DA:38,0
DA:39,0
DA:40,0
DA:41,0
DA:43,0
DA:44,0
DA:45,0
DA:46,0
DA:47,0
DA:48,0
DA:50,0
DA:52,0
DA:53,0
DA:54,0
DA:56,0
DA:57,0
DA:59,0
DA:60,0
DA:61,0
DA:62,0
DA:63,0
DA:64,0
DA:65,0
DA:66,0
DA:67,0
DA:68,0
DA:69,0
DA:70,0
DA:71,0
DA:72,0
DA:73,0
DA:74,0
DA:75,0
DA:77,0
DA:78,0
DA:79,0
DA:81,0
DA:82,0
DA:83,0
DA:84,0
DA:86,0
DA:87,0
DA:88,0
DA:89,0
DA:90,0
DA:91,0
DA:92,0
DA:93,0
DA:94,0
DA:95,0
DA:96,0
DA:98,0
DA:99,0
DA:101,0
DA:102,0
DA:103,0
DA:104,0
DA:105,0
DA:106,0
DA:107,0
DA:108,0
DA:109,0
DA:110,0
DA:111,0
DA:112,0
DA:113,0
DA:115,0
DA:116,0
DA:117,0
DA:118,0
DA:119,0
DA:120,0
DA:121,0
DA:122,0
DA:123,0
DA:124,0
DA:125,0
DA:127,0
DA:128,0
DA:129,0
DA:130,0
DA:131,0
DA:133,0
DA:134,0
DA:136,0
LF:100
LH:2
BRF:0
BRH:0
end_of_record
TN:
SF:src/blocks/number-stepper/number-stepper.tsx
FN:69,NumberStepper
FN:94,handleValueChange
FN:105,increment
FN:112,decrement
FN:119,handleInputChange
FN:139,handleInputBlur
FN:157,handleInputFocus
FN:165,getInputPadding
FNF:8
FNH:6
FNDA:15,NumberStepper
FNDA:2,handleValueChange
FNDA:1,increment
FNDA:1,decrement
FNDA:3,handleInputChange
FNDA:0,handleInputBlur
FNDA:0,handleInputFocus
FNDA:15,getInputPadding
DA:3,1
DA:4,1
DA:6,1
DA:7,1
DA:8,1
DA:24,1
DA:25,1
DA:26,1
DA:27,1
DA:28,1
DA:29,1
DA:30,1
DA:31,1
DA:32,1
DA:33,1
DA:34,1
DA:35,1
DA:36,1
DA:37,1
DA:38,1
DA:39,1
DA:40,1
DA:41,1
DA:42,1
DA:43,1
DA:44,1
DA:45,1
DA:46,1
DA:47,1
DA:48,1
DA:49,1
DA:50,1
DA:51,1
DA:52,1
DA:53,1
DA:55,1
DA:56,1
DA:57,1
DA:58,1
DA:59,1
DA:60,1
DA:62,1
DA:63,1
DA:64,1
DA:65,1
DA:66,1
DA:67,1
DA:69,1
DA:70,15
DA:71,15
DA:72,15
DA:73,15
DA:74,15
DA:75,15
DA:76,15
DA:77,15
DA:78,15
DA:79,15
DA:80,15
DA:81,15
DA:82,15
DA:83,15
DA:85,15
DA:86,15
DA:88,15
DA:89,10
DA:90,0
DA:91,0
DA:92,15
DA:94,15
DA:95,2
DA:97,2
DA:98,2
DA:99,2
DA:101,2
DA:102,2
DA:103,2
DA:105,15
DA:106,1
DA:107,1
DA:108,1
DA:109,1
DA:110,1
DA:112,15
DA:113,1
DA:114,1
DA:115,1
DA:116,1
DA:117,1
DA:119,15
DA:120,3
DA:121,3
DA:123,3
DA:124,0
DA:125,0
DA:127,3
DA:128,3
DA:129,3
DA:131,3
DA:132,3
DA:133,3
DA:135,3
DA:136,3
DA:137,3
DA:139,15
DA:140,0
DA:141,0
DA:142,0
DA:143,0
DA:144,0
DA:145,0
DA:146,0
DA:148,0
DA:149,0
DA:150,0
DA:151,0
DA:152,0
DA:153,0
DA:154,0
DA:155,0
DA:157,15
DA:158,0
DA:159,0
DA:161,15
DA:162,15
DA:165,15
DA:166,15
DA:167,0
DA:168,15
DA:169,15
DA:170,0
DA:171,0
DA:172,0
DA:174,15
DA:175,15
DA:177,15
DA:178,1
DA:179,1
DA:180,15
DA:181,1
DA:182,1
DA:184,15
DA:185,15
DA:187,15
DA:188,15
DA:189,15
DA:190,15
DA:191,15
DA:192,15
DA:193,15
DA:194,15
DA:195,15
DA:197,15
DA:198,15
DA:200,15
DA:201,15
DA:202,1
DA:203,1
DA:204,1
DA:205,1
DA:206,1
DA:208,1
DA:209,1
DA:212,15
DA:213,15
DA:214,15
DA:215,15
DA:216,15
DA:217,15
DA:218,15
DA:219,15
DA:220,15
DA:221,15
DA:222,15
DA:223,15
DA:224,15
DA:225,15
DA:226,15
DA:227,15
DA:228,15
DA:230,15
DA:231,1
DA:232,1
DA:233,1
DA:234,1
DA:235,1
DA:237,1
DA:238,1
DA:240,15
DA:242,15
DA:243,15
DA:244,15
DA:245,15
DA:246,15
DA:247,15
DA:248,15
DA:250,15
DA:251,15
DA:252,15
DA:254,15
LF:200
LH:175
BRDA:69,0,0,15
BRDA:85,1,0,0
BRDA:161,2,0,13
BRDA:162,3,0,13
BRDA:201,4,0,1
BRDA:230,5,0,1
BRDA:88,6,0,10
BRDA:89,7,0,0
BRDA:94,8,0,2
BRDA:105,9,0,1
BRDA:112,10,0,1
BRDA:119,11,0,3
BRDA:123,12,0,0
BRDA:165,13,0,15
BRDA:166,14,0,0
BRDA:169,15,0,0
BRDA:177,16,0,1
BRDA:180,17,0,1
BRF:18
BRH:13
end_of_record
TN:
SF:src/blocks/paginated-items/paginated-items.tsx
FN:65,PaginatedControls
FN:95,PaginatedItems
FNF:2
FNH:0
FNDA:0,PaginatedControls
FNDA:0,PaginatedItems
DA:1,1
DA:2,1
DA:3,1
DA:4,1
DA:65,1
DA:66,0
DA:67,0
DA:68,0
DA:69,0
DA:70,0
DA:71,0
DA:72,0
DA:73,0
DA:74,0
DA:75,0
DA:76,0
DA:77,0
DA:78,0
DA:79,0
DA:80,0
DA:81,0
DA:82,0
DA:83,0
DA:84,0
DA:85,0
DA:86,0
DA:87,0
DA:88,0
DA:89,0
DA:91,0
DA:93,0
DA:95,1
DA:96,0
DA:97,0
DA:98,0
DA:99,0
DA:100,0
DA:101,0
DA:102,0
DA:103,0
DA:104,0
DA:105,0
DA:106,0
DA:107,0
DA:108,0
DA:109,0
DA:110,0
DA:111,0
DA:113,0
DA:116,0
DA:119,0
DA:120,0
DA:123,0
DA:124,0
DA:126,0
DA:127,0
DA:128,0
DA:129,0
DA:130,0
DA:131,0
DA:134,0
DA:135,0
DA:136,0
DA:137,0
DA:138,0
DA:139,0
DA:140,0
DA:141,0
DA:142,0
DA:143,0
DA:144,0
DA:145,0
DA:147,0
DA:148,0
DA:149,0
DA:151,0
DA:152,0
DA:153,0
DA:154,0
DA:155,0
DA:156,0
DA:157,0
DA:158,0
DA:159,0
DA:160,0
DA:161,0
DA:162,0
DA:163,0
DA:165,0
DA:166,0
DA:167,0
DA:168,0
DA:169,0
DA:170,0
DA:171,0
DA:172,0
DA:174,0
DA:175,0
DA:176,0
DA:177,0
DA:178,0
DA:181,0
DA:182,0
DA:183,0
DA:184,0
DA:185,0
DA:186,0
DA:187,0
DA:188,0
DA:189,0
DA:190,0
DA:191,0
DA:192,0
DA:194,0
LF:114
LH:6
BRF:0
BRH:0
end_of_record
TN:
SF:src/blocks/pagination-controls/index.tsx
FNF:0
FNH:0
DA:1,1
LF:1
LH:1
BRF:0
BRH:0
end_of_record
TN:
SF:src/blocks/pagination-controls/pagination-controls.tsx
FN:22,PaginationControls
FN:38,getPageNumbers
FN:114,onClick
FNF:3
FNH:3
FNDA:84,PaginationControls
FNDA:22,getPageNumbers
FNDA:1,onClick
DA:3,1
DA:4,1
DA:5,1
DA:6,1
DA:22,1
DA:23,84
DA:24,84
DA:25,84
DA:26,84
DA:27,84
DA:28,84
DA:29,84
DA:30,84
DA:31,84
DA:32,84
DA:33,84
DA:34,84
DA:35,84
DA:38,84
DA:39,22
DA:40,22
DA:42,22
DA:43,16
DA:44,70
DA:45,70
DA:46,22
DA:48,6
DA:50,6
DA:51,2
DA:52,2
DA:55,6
DA:56,6
DA:58,6
DA:59,14
DA:60,14
DA:61,14
DA:62,14
DA:64,6
DA:65,6
DA:66,6
DA:69,6
DA:70,6
DA:71,6
DA:72,6
DA:74,22
DA:75,22
DA:77,84
DA:78,84
DA:79,84
DA:80,84
DA:81,84
DA:82,84
DA:84,84
DA:85,83
DA:86,83
DA:87,83
DA:88,83
DA:89,83
DA:90,83
DA:91,83
DA:92,1
DA:94,84
DA:95,22
DA:96,22
DA:97,22
DA:98,22
DA:99,22
DA:100,22
DA:101,22
DA:103,22
DA:104,22
DA:106,22
DA:107,104
DA:108,104
DA:109,8
DA:111,96
DA:112,96
DA:113,96
DA:114,96
DA:115,96
DA:117,96
DA:118,96
DA:120,104
DA:121,22
DA:123,22
DA:124,22
DA:125,22
DA:126,22
DA:127,22
DA:128,22
DA:130,22
DA:131,22
DA:132,22
DA:134,84
DA:136,84
LF:95
LH:95
BRDA:22,0,0,84
BRDA:84,1,0,83
BRDA:91,2,0,1
BRDA:94,3,0,22
BRDA:38,4,0,22
BRDA:42,5,0,16
BRDA:43,6,0,70
BRDA:46,7,0,6
BRDA:50,8,0,2
BRDA:58,9,0,14
BRDA:106,10,0,104
BRDA:108,11,0,8
BRDA:109,12,0,96
BRDA:112,13,0,22
BRDA:112,14,0,74
BRDA:114,15,0,1
BRF:16
BRH:16
end_of_record
TN:
SF:src/blocks/sidebar/sidebar.tsx
FN:14,Sidebar
FN:129,SidebarHeader
FN:143,SidebarBody
FN:154,SidebarNav
FN:165,SidebarList
FN:172,SidebarListItem
FN:190,SidebarFooter
FNF:7
FNH:0
FNDA:0,Sidebar
FNDA:0,SidebarHeader
FNDA:0,SidebarBody
FNDA:0,SidebarNav
FNDA:0,SidebarList
FNDA:0,SidebarListItem
FNDA:0,SidebarFooter
DA:1,1
DA:2,1
DA:14,1
DA:15,0
DA:16,0
DA:17,0
DA:18,0
DA:19,0
DA:20,0
DA:21,0
DA:22,0
DA:23,0
DA:24,0
DA:25,0
DA:27,0
DA:29,0
DA:30,0
DA:31,0
DA:32,0
DA:33,0
DA:34,0
DA:36,0
DA:37,0
DA:38,0
DA:39,0
DA:40,0
DA:41,0
DA:43,0
DA:44,0
DA:45,0
DA:46,0
DA:47,0
DA:48,0
DA:49,0
DA:50,0
DA:51,0
DA:52,0
DA:54,0
DA:55,0
DA:56,0
DA:57,0
DA:58,0
DA:59,0
DA:60,0
DA:61,0
DA:63,0
DA:64,0
DA:66,0
DA:67,0
DA:68,0
DA:69,0
DA:70,0
DA:71,0
DA:72,0
DA:74,0
DA:75,0
DA:76,0
DA:77,0
DA:78,0
DA:79,0
DA:80,0
DA:82,0
DA:83,0
DA:84,0
DA:85,0
DA:86,0
DA:87,0
DA:88,0
DA:89,0
DA:90,0
DA:91,0
DA:92,0
DA:93,0
DA:94,0
DA:95,0
DA:96,0
DA:97,0
DA:98,0
DA:99,0
DA:100,0
DA:101,0
DA:102,0
DA:103,0
DA:105,0
DA:106,0
DA:107,0
DA:108,0
DA:109,0
DA:110,0
DA:111,0
DA:112,0
DA:113,0
DA:114,0
DA:115,0
DA:116,0
DA:117,0
DA:118,0
DA:119,0
DA:120,0
DA:122,0
DA:123,0
DA:124,0
DA:125,0
DA:127,0
DA:129,1
DA:130,0
DA:131,0
DA:132,0
DA:133,0
DA:134,0
DA:135,0
DA:136,0
DA:138,0
DA:139,0
DA:141,0
DA:143,1
DA:144,0
DA:145,0
DA:146,0
DA:147,0
DA:148,0
DA:149,0
DA:150,0
DA:152,0
DA:154,1
DA:155,0
DA:156,0
DA:157,0
DA:158,0
DA:159,0
DA:160,0
DA:161,0
DA:163,0
DA:165,1
DA:166,0
DA:167,0
DA:168,0
DA:169,0
DA:170,0
DA:172,1
DA:173,0
DA:174,0
DA:175,0
DA:176,0
DA:177,0
DA:178,0
DA:179,0
DA:180,0
DA:181,0
DA:182,0
DA:183,0
DA:185,0
DA:186,0
DA:188,0
DA:190,1
DA:191,0
DA:192,0
DA:193,0
DA:194,0
DA:195,0
DA:196,0
DA:197,0
DA:199,0
LF:163
LH:9
BRF:0
BRH:0
end_of_record
TN:
SF:src/blocks/wizard/use-wizard.ts
FN:21,useWizard
FN:28,isDisabled
FN:46,goToStep
FN:51,goNext
FN:52,goPrevious
FNF:5
FNH:5
FNDA:25,useWizard
FNDA:52,isDisabled
FNDA:4,goToStep
FNDA:5,goNext
FNDA:3,goPrevious
DA:3,1
DA:21,1
DA:22,25
DA:23,25
DA:24,25
DA:25,25
DA:26,25
DA:28,25
DA:30,25
DA:31,25
DA:32,29
DA:33,29
DA:34,6
DA:35,25
DA:37,25
DA:38,25
DA:39,19
DA:40,19
DA:41,13
DA:42,25
DA:44,25
DA:45,25
DA:46,25
DA:47,4
DA:48,2
DA:49,2
DA:50,4
DA:51,25
DA:52,25
DA:53,25
DA:54,25
DA:55,25
DA:56,25
LF:33
LH:33
BRDA:21,0,0,25
BRDA:28,1,0,52
BRDA:30,2,0,25
BRDA:31,3,0,29
BRDA:32,4,0,19
BRDA:33,5,0,6
BRDA:37,6,0,25
BRDA:38,7,0,19
BRDA:39,8,0,12
BRDA:40,9,0,13
BRDA:46,10,0,4
BRDA:47,11,0,3
BRDA:47,12,0,3
BRDA:47,13,0,2
BRDA:51,14,0,5
BRDA:51,15,0,3
BRDA:52,16,0,3
BRDA:52,17,0,2
BRF:18
BRH:18
end_of_record
TN:
SF:src/blocks/wizard/wizard.tsx
FN:15,WizardProgressStep
FN:31,WizardProgress
FN:65,onClick
FNF:3
FNH:2
FNDA:0,WizardProgressStep
FNDA:32,WizardProgress
FNDA:2,onClick
DA:3,1
DA:4,1
DA:5,1
DA:6,1
DA:15,1
DA:16,0
DA:17,0
DA:31,1
DA:32,32
DA:33,32
DA:34,32
DA:35,32
DA:36,32
DA:37,32
DA:38,32
DA:39,32
DA:40,32
DA:41,91
DA:42,32
DA:44,32
DA:46,32
DA:47,32
DA:48,32
DA:49,32
DA:50,91
DA:51,91
DA:52,91
DA:53,91
DA:54,91
DA:55,91
DA:56,60
DA:57,56
DA:58,17
DA:60,91
DA:61,91
DA:62,91
DA:63,91
DA:64,91
DA:65,91
DA:66,91
DA:67,91
DA:68,91
DA:69,91
DA:70,91
DA:71,91
DA:72,91
DA:73,91
DA:74,91
DA:75,91
DA:76,91
DA:77,91
DA:78,91
DA:79,91
DA:81,91
DA:82,20
DA:84,71
DA:86,91
DA:87,91
DA:88,85
DA:89,85
DA:90,85
DA:91,85
DA:92,85
DA:93,85
DA:94,85
DA:96,85
DA:97,85
DA:99,91
DA:101,91
DA:102,59
DA:103,59
DA:104,59
DA:105,59
DA:106,59
DA:107,22
DA:108,37
DA:109,59
DA:110,59
DA:112,91
DA:114,32
DA:115,32
DA:117,32
DA:118,4
DA:120,32
DA:122,32
LF:85
LH:83
BRDA:31,0,0,32
BRDA:44,1,0,31
BRDA:117,2,0,4
BRDA:40,3,0,91
BRDA:49,4,0,91
BRDA:55,5,0,60
BRDA:56,6,0,56
BRDA:57,7,0,17
BRDA:58,8,0,11
BRDA:72,9,0,23
BRDA:73,10,0,23
BRDA:73,11,0,22
BRDA:74,12,0,31
BRDA:75,13,0,68
BRDA:75,14,0,37
BRDA:76,15,0,68
BRDA:76,16,0,37
BRDA:76,17,0,5
BRDA:77,18,0,68
BRDA:77,19,0,37
BRDA:77,20,0,32
BRDA:78,21,0,4
BRDA:81,22,0,23
BRDA:81,23,0,20
BRDA:82,24,0,71
BRDA:87,25,0,85
BRDA:91,26,0,81
BRDA:91,27,0,29
BRDA:92,28,0,81
BRDA:92,29,0,22
BRDA:93,30,0,4
BRDA:101,31,0,59
BRDA:105,32,0,55
BRDA:106,33,0,22
BRDA:107,34,0,37
BRDA:65,35,0,2
BRF:36
BRH:36
end_of_record
TN:
SF:src/components/accordion/accordion.tsx
FN:9,Accordion
FN:22,AccordionItem
FN:35,AccordionTrigger
FN:64,AccordionContent
FNF:4
FNH:4
FNDA:20,Accordion
FNDA:51,AccordionItem
FNDA:51,AccordionTrigger
FNDA:51,AccordionContent
DA:3,1
DA:6,1
DA:7,1
DA:9,20
DA:10,20
DA:11,20
DA:12,20
DA:13,20
DA:14,20
DA:15,20
DA:16,20
DA:17,20
DA:18,20
DA:20,20
DA:22,51
DA:23,51
DA:24,51
DA:25,51
DA:26,51
DA:27,51
DA:28,51
DA:29,51
DA:30,51
DA:31,51
DA:33,51
DA:35,51
DA:36,51
DA:37,51
DA:38,51
DA:39,51
DA:40,51
DA:41,51
DA:42,51
DA:43,51
DA:44,51
DA:45,51
DA:46,51
DA:47,51
DA:48,51
DA:50,51
DA:51,51
DA:52,51
DA:53,51
DA:54,51
DA:55,51
DA:56,51
DA:57,51
DA:58,51
DA:59,51
DA:60,51
DA:62,51
DA:64,51
DA:65,51
DA:66,51
DA:67,51
DA:68,51
DA:69,51
DA:70,51
DA:71,51
DA:72,51
DA:73,51
DA:75,51
DA:76,51
DA:77,51
DA:78,51
DA:79,51
DA:81,51
DA:82,51
DA:83,51
DA:85,51
LF:70
LH:70
BRDA:9,0,0,20
BRDA:22,1,0,51
BRDA:35,2,0,51
BRDA:64,3,0,51
BRF:4
BRH:4
end_of_record
TN:
SF:src/components/adaptive-input/adaptive-input.tsx
FN:11,applyMask
FN:32,handleInputChange
FNF:2
FNH:2
FNDA:59,applyMask
FNDA:150,handleInputChange
DA:1,1
DA:2,1
DA:3,1
DA:11,1
DA:12,59
DA:13,59
DA:14,59
DA:15,59
DA:17,59
DA:18,330
DA:19,247
DA:20,247
DA:21,330
DA:22,83
DA:23,83
DA:24,330
DA:25,330
DA:27,59
DA:28,59
DA:30,1
DA:31,1
DA:32,293
DA:33,150
DA:34,150
DA:35,59
DA:36,59
DA:37,59
DA:38,150
DA:39,150
DA:41,293
DA:42,293
DA:43,293
DA:44,157
DA:45,157
DA:46,157
DA:48,293
DA:49,293
DA:50,293
DA:51,293
DA:52,293
DA:53,293
DA:54,293
DA:55,293
DA:56,28
DA:57,28
DA:58,28
DA:60,293
DA:62,293
DA:63,1
DA:65,1
LF:50
LH:50
BRDA:11,0,0,59
BRDA:17,1,0,381
BRDA:17,2,0,330
BRDA:18,3,0,247
BRDA:21,4,0,83
BRDA:31,5,0,293
BRDA:43,6,0,157
BRDA:49,7,0,157
BRDA:49,8,0,28
BRDA:52,9,0,157
BRDA:52,10,0,136
BRDA:55,11,0,28
BRDA:32,12,0,150
BRDA:34,13,0,59
BRDA:38,14,0,79
BRF:15
BRH:15
end_of_record
TN:
SF:src/components/alert/alert.tsx
FN:81,Alert
FN:104,handleClose
FN:113,handlePrev
FN:117,handleNext
FNF:4
FNH:4
FNDA:62,Alert
FNDA:4,handleClose
FNDA:2,handlePrev
FNDA:4,handleNext
DA:3,1
DA:4,1
DA:15,1
DA:16,1
DA:33,1
DA:34,1
DA:35,1
DA:36,1
DA:37,1
DA:38,1
DA:39,1
DA:40,1
DA:41,1
DA:42,1
DA:43,1
DA:44,1
DA:45,1
DA:46,1
DA:47,1
DA:48,1
DA:49,1
DA:50,1
DA:51,1
DA:52,1
DA:53,1
DA:54,1
DA:55,1
DA:56,1
DA:57,1
DA:58,1
DA:59,1
DA:60,1
DA:61,1
DA:62,1
DA:63,1
DA:64,1
DA:65,1
DA:66,1
DA:67,1
DA:68,1
DA:69,1
DA:70,1
DA:71,1
DA:72,1
DA:73,1
DA:74,1
DA:75,1
DA:76,1
DA:77,1
DA:78,1
DA:79,1
DA:81,1
DA:82,62
DA:83,62
DA:84,62
DA:85,62
DA:86,62
DA:87,62
DA:88,62
DA:89,62
DA:90,62
DA:91,62
DA:92,62
DA:93,62
DA:94,62
DA:95,62
DA:97,62
DA:99,62
DA:100,42
DA:101,42
DA:102,62
DA:104,62
DA:105,4
DA:106,4
DA:107,4
DA:108,4
DA:109,4
DA:110,4
DA:111,4
DA:113,62
DA:114,2
DA:115,2
DA:117,62
DA:118,4
DA:119,4
DA:121,62
DA:123,62
DA:124,62
DA:125,62
DA:126,62
DA:127,62
DA:128,62
DA:129,14
DA:130,48
DA:131,62
DA:132,62
DA:133,62
DA:135,62
DA:136,62
DA:137,62
DA:138,62
DA:139,62
DA:141,62
DA:142,62
DA:143,62
DA:145,62
DA:146,15
DA:147,15
DA:148,15
DA:149,15
DA:150,15
DA:151,15
DA:152,15
DA:153,15
DA:154,15
DA:156,15
DA:157,15
DA:158,15
DA:159,15
DA:160,15
DA:161,15
DA:162,15
DA:163,15
DA:164,15
DA:165,15
DA:166,15
DA:167,15
DA:168,15
DA:170,15
DA:171,15
DA:172,15
DA:175,62
DA:176,8
DA:177,8
DA:178,8
DA:179,8
DA:180,8
DA:181,8
DA:183,8
DA:184,8
DA:185,8
DA:187,62
DA:189,62
DA:190,20
DA:191,20
DA:192,20
DA:193,20
DA:194,20
DA:195,20
DA:196,20
DA:197,20
DA:199,20
DA:200,20
DA:202,62
DA:203,62
DA:205,62
LF:156
LH:156
BRDA:81,0,0,62
BRDA:97,1,0,17
BRDA:121,2,0,17
BRDA:121,3,0,17
BRDA:121,4,0,45
BRDA:128,5,0,18
BRDA:128,6,0,14
BRDA:129,7,0,48
BRDA:142,8,0,2
BRDA:145,9,0,15
BRDA:175,10,0,8
BRDA:179,11,0,7
BRDA:189,12,0,21
BRDA:189,13,0,20
BRDA:99,14,0,42
BRDA:100,15,0,10
BRDA:101,16,0,42
BRDA:104,17,0,4
BRDA:107,18,0,4
BRDA:113,19,0,2
BRDA:114,20,0,2
BRDA:114,21,0,1
BRDA:114,22,0,1
BRDA:114,23,0,0
BRDA:117,24,0,4
BRDA:118,25,0,4
BRDA:118,26,0,0
BRDA:118,27,0,3
BRDA:118,28,0,1
BRF:29
BRH:27
end_of_record
TN:
SF:src/components/alert-dialog/alert-dialog.tsx
FN:45,AlertDialogHeader
FN:56,AlertDialogFooter
FNF:2
FNH:2
FNDA:20,AlertDialogHeader
FNDA:23,AlertDialogFooter
DA:1,1
DA:2,1
DA:3,1
DA:4,1
DA:6,1
DA:8,1
DA:10,1
DA:12,1
DA:15,1
DA:16,54
DA:17,54
DA:18,54
DA:19,54
DA:20,54
DA:21,54
DA:22,54
DA:23,54
DA:24,54
DA:25,1
DA:27,1
DA:30,1
DA:31,26
DA:32,26
DA:33,26
DA:34,26
DA:35,26
DA:36,26
DA:37,26
DA:38,26
DA:39,26
DA:40,26
DA:41,26
DA:42,1
DA:43,1
DA:45,1
DA:46,20
DA:47,20
DA:48,20
DA:49,20
DA:50,20
DA:51,20
DA:52,20
DA:54,1
DA:56,1
DA:57,23
DA:58,23
DA:59,23
DA:60,23
DA:61,23
DA:62,23
DA:63,23
DA:64,23
DA:65,23
DA:66,23
DA:68,1
DA:70,1
DA:73,1
DA:74,23
DA:75,23
DA:76,23
DA:77,23
DA:78,23
DA:79,23
DA:80,1
DA:82,1
DA:85,1
DA:86,22
DA:87,22
DA:88,22
DA:89,22
DA:90,22
DA:91,22
DA:92,1
DA:94,1
DA:97,1
DA:98,23
DA:99,23
DA:100,23
DA:101,23
DA:102,23
DA:103,23
DA:104,1
DA:106,1
DA:109,1
DA:110,22
DA:111,22
DA:112,22
DA:113,22
DA:114,22
DA:115,22
DA:116,1
LF:91
LH:91
BRDA:15,0,0,54
BRDA:30,1,0,26
BRDA:45,2,0,20
BRDA:56,3,0,23
BRDA:73,4,0,23
BRDA:85,5,0,22
BRDA:97,6,0,23
BRDA:109,7,0,22
BRF:8
BRH:8
end_of_record
TN:
SF:src/components/aspect-ratio/aspect-ratio.tsx
FN:5,AspectRatio
FNF:1
FNH:1
FNDA:15,AspectRatio
DA:2,1
DA:5,15
DA:6,15
DA:7,15
LF:4
LH:4
BRDA:5,0,0,15
BRF:1
BRH:1
end_of_record
TN:
SF:src/components/autocomplete/autocomplete.tsx
FN:30,Autocomplete2
FN:72,clearSelection
FN:80,handleClickOutside
FN:116,handleInputChange
FN:123,handleOptionClick
FN:130,handleKeyDown
FN:170,onFocus
FN:183,onClick
FN:210,onClick
FNF:9
FNH:9
FNDA:193,Autocomplete2
FNDA:1,clearSelection
FNDA:29,handleClickOutside
FNDA:16,handleInputChange
FNDA:7,handleOptionClick
FNDA:26,handleKeyDown
FNDA:23,onFocus
FNDA:1,onClick
FNDA:6,onClick
DA:3,1
DA:4,1
DA:5,1
DA:13,1
DA:30,1
DA:31,193
DA:32,193
DA:33,193
DA:34,193
DA:35,193
DA:36,193
DA:37,193
DA:38,193
DA:39,193
DA:40,193
DA:42,193
DA:43,193
DA:44,193
DA:45,193
DA:46,193
DA:47,193
DA:48,193
DA:49,193
DA:51,193
DA:52,193
DA:53,193
DA:55,193
DA:56,35
DA:57,2
DA:58,2
DA:59,2
DA:60,2
DA:61,2
DA:62,2
DA:63,2
DA:64,0
DA:65,0
DA:66,0
DA:67,2
DA:68,193
DA:71,193
DA:72,4
DA:73,1
DA:74,1
DA:75,1
DA:76,1
DA:77,193
DA:79,193
DA:80,34
DA:81,29
DA:82,29
DA:83,29
DA:84,29
DA:85,1
DA:86,1
DA:87,29
DA:89,34
DA:90,34
DA:91,34
DA:92,34
DA:93,193
DA:95,193
DA:96,61
DA:97,290
DA:98,61
DA:99,61
DA:100,61
DA:101,193
DA:103,193
DA:104,127
DA:105,39
DA:106,39
DA:107,39
DA:108,39
DA:110,39
DA:111,39
DA:112,39
DA:113,39
DA:114,193
DA:116,193
DA:117,16
DA:118,16
DA:119,16
DA:120,16
DA:121,16
DA:123,193
DA:124,7
DA:125,7
DA:126,7
DA:127,7
DA:128,7
DA:130,193
DA:131,26
DA:132,0
DA:133,0
DA:134,0
DA:135,0
DA:136,0
DA:138,26
DA:139,26
DA:140,7
DA:141,7
DA:142,26
DA:143,1
DA:144,1
DA:145,26
DA:146,1
DA:147,1
DA:148,1
DA:149,1
DA:150,26
DA:151,1
DA:152,1
DA:153,26
DA:154,26
DA:156,193
DA:157,73
DA:158,6
DA:159,6
DA:160,6
DA:161,193
DA:163,193
DA:164,193
DA:165,193
DA:166,193
DA:167,193
DA:168,193
DA:169,193
DA:170,193
DA:171,193
DA:172,193
DA:173,193
DA:174,193
DA:175,193
DA:176,193
DA:177,193
DA:178,193
DA:179,193
DA:180,193
DA:181,25
DA:182,25
DA:183,25
DA:184,1
DA:185,1
DA:186,1
DA:187,1
DA:189,25
DA:190,25
DA:191,168
DA:193,193
DA:195,193
DA:196,88
DA:197,88
DA:198,88
DA:199,88
DA:200,88
DA:201,88
DA:202,88
DA:204,88
DA:205,316
DA:207,316
DA:208,316
DA:209,316
DA:210,316
DA:211,316
DA:212,316
DA:213,316
DA:214,316
DA:215,316
DA:216,316
DA:218,316
DA:219,2962
DA:220,1323
DA:221,1323
DA:222,1323
DA:224,1639
DA:226,316
DA:227,316
DA:229,88
DA:230,88
DA:232,193
DA:234,193
LF:182
LH:174
BRDA:30,0,0,193
BRDA:42,1,0,8
BRDA:42,2,0,185
BRDA:48,3,0,185
BRDA:180,4,0,25
BRDA:190,5,0,168
BRDA:195,6,0,101
BRDA:195,7,0,88
BRDA:200,8,0,0
BRDA:55,9,0,35
BRDA:56,10,0,2
BRDA:63,11,0,0
BRDA:58,12,0,3
BRDA:71,13,0,4
BRDA:72,14,0,1
BRDA:79,15,0,34
BRDA:80,16,0,29
BRDA:84,17,0,1
BRDA:90,18,0,34
BRDA:95,19,0,61
BRDA:96,20,0,290
BRDA:103,21,0,127
BRDA:104,22,0,39
BRDA:104,23,0,39
BRDA:111,24,0,0
BRDA:111,25,0,0
BRDA:116,26,0,16
BRDA:118,27,0,4
BRDA:123,28,0,7
BRDA:130,29,0,26
BRDA:131,30,0,0
BRDA:139,31,0,7
BRDA:142,32,0,1
BRDA:145,33,0,1
BRDA:150,34,0,1
BRDA:140,35,0,7
BRDA:140,36,0,6
BRDA:140,37,0,1
BRDA:143,38,0,1
BRDA:143,39,0,0
BRDA:156,40,0,73
BRDA:157,41,0,29
BRDA:157,42,0,29
BRDA:157,43,0,6
BRDA:170,44,0,23
BRDA:183,45,0,1
BRDA:204,46,0,316
BRDA:212,47,0,7
BRDA:212,48,0,309
BRDA:213,49,0,0
BRDA:213,50,0,0
BRDA:210,51,0,6
BRDA:218,52,0,2962
BRDA:219,53,0,1323
BRDA:222,54,0,1639
BRF:55
BRH:47
end_of_record
TN:
SF:src/components/avatar/avatar.tsx
FNF:0
FNH:0
DA:1,1
DA:2,1
DA:4,1
DA:6,1
DA:9,1
DA:10,25
DA:11,25
DA:12,25
DA:13,25
DA:14,25
DA:15,25
DA:16,25
DA:17,25
DA:18,25
DA:19,1
DA:21,1
DA:24,1
DA:25,5
DA:26,5
DA:27,5
DA:28,5
DA:29,5
DA:30,5
DA:31,1
DA:33,1
DA:36,1
DA:37,25
DA:38,25
DA:39,25
DA:40,25
DA:41,25
DA:42,25
DA:43,25
DA:44,25
DA:45,25
DA:46,1
LF:36
LH:36
BRDA:9,0,0,25
BRDA:24,1,0,5
BRDA:36,2,0,25
BRF:3
BRH:3
end_of_record
TN:
SF:src/components/badge/badge.tsx
FN:30,Badge
FNF:1
FNH:1
FNDA:109,Badge
DA:1,1
DA:4,1
DA:6,1
DA:7,1
DA:8,1
DA:9,1
DA:10,1
DA:11,1
DA:12,1
DA:13,1
DA:14,1
DA:15,1
DA:16,1
DA:17,1
DA:18,1
DA:19,1
DA:20,1
DA:21,1
DA:22,1
DA:23,1
DA:24,1
DA:30,109
DA:31,109
DA:32,109
LF:24
LH:24
BRDA:30,0,0,109
BRF:1
BRH:1
end_of_record
TN:
SF:src/components/breadcrumb/breadcrumb.tsx
FN:9,Breadcrumb
FN:13,BreadcrumbList
FN:26,BreadcrumbItem
FN:36,BreadcrumbLink
FN:51,BreadcrumbPage
FN:64,BreadcrumbSeparator
FN:78,BreadcrumbEllipsis
FNF:7
FNH:7
FNDA:20,Breadcrumb
FNDA:19,BreadcrumbList
FNDA:24,BreadcrumbItem
FNDA:8,BreadcrumbLink
FNDA:14,BreadcrumbPage
FNDA:6,BreadcrumbSeparator
FNDA:3,BreadcrumbEllipsis
DA:3,1
DA:4,1
DA:7,1
DA:9,20
DA:10,20
DA:11,20
DA:13,19
DA:14,19
DA:15,19
DA:16,19
DA:17,19
DA:18,19
DA:19,19
DA:20,19
DA:21,19
DA:22,19
DA:24,19
DA:26,24
DA:27,24
DA:28,24
DA:29,24
DA:30,24
DA:31,24
DA:32,24
DA:34,24
DA:36,8
DA:37,8
DA:38,8
DA:39,8
DA:40,8
DA:41,8
DA:42,8
DA:43,8
DA:44,8
DA:45,8
DA:46,8
DA:47,8
DA:49,8
DA:51,14
DA:52,14
DA:53,14
DA:54,14
DA:55,14
DA:56,14
DA:57,14
DA:58,14
DA:59,14
DA:60,14
DA:62,14
DA:64,6
DA:65,6
DA:66,6
DA:67,6
DA:68,6
DA:69,6
DA:70,6
DA:71,6
DA:73,6
DA:74,6
DA:76,6
DA:78,3
DA:79,3
DA:80,3
DA:81,3
DA:82,3
DA:83,3
DA:84,3
DA:85,3
DA:87,3
DA:88,3
DA:89,3
DA:91,3
LF:72
LH:72
BRDA:9,0,0,20
BRDA:13,1,0,19
BRDA:26,2,0,24
BRDA:36,3,0,8
BRDA:41,4,0,1
BRDA:41,5,0,7
BRDA:51,6,0,14
BRDA:64,7,0,6
BRDA:73,8,0,5
BRDA:78,9,0,3
BRF:10
BRH:10
end_of_record
TN:
SF:src/components/button/button.tsx
FN:44,Button
FNF:1
FNH:1
FNDA:997,Button
DA:1,1
DA:2,1
DA:5,1
DA:6,1
DA:8,1
DA:9,1
DA:10,1
DA:11,1
DA:12,1
DA:13,1
DA:14,1
DA:15,1
DA:16,1
DA:17,1
DA:18,1
DA:19,1
DA:20,1
DA:21,1
DA:22,1
DA:23,1
DA:24,1
DA:25,1
DA:26,1
DA:27,1
DA:28,1
DA:29,1
DA:30,1
DA:31,1
DA:32,1
DA:33,1
DA:34,1
DA:35,1
DA:36,1
DA:44,997
DA:45,997
DA:46,997
DA:47,997
DA:48,997
DA:49,997
DA:50,997
DA:51,997
DA:52,997
DA:56,997
DA:58,3
DA:59,0
DA:60,0
DA:61,0
DA:62,0
DA:64,3
DA:65,3
DA:66,3
DA:67,3
DA:68,3
DA:70,3
DA:71,3
DA:73,3
DA:75,994
DA:76,994
DA:77,994
DA:78,994
DA:79,994
DA:81,997
DA:82,997
DA:83,997
DA:85,997
LF:65
LH:61
BRDA:44,0,0,997
BRDA:52,1,0,3
BRDA:52,2,0,994
BRDA:56,3,0,3
BRDA:58,4,0,1
BRDA:58,5,0,0
BRDA:73,6,0,994
BRDA:81,7,0,7
BRF:8
BRH:7
end_of_record
TN:
SF:src/components/button-group/button-group.tsx
FN:9,ButtonGroup
FNF:1
FNH:1
FNDA:19,ButtonGroup
DA:3,1
DA:9,19
DA:10,19
DA:11,19
DA:12,19
DA:13,19
DA:14,19
DA:15,19
DA:16,19
DA:17,17
DA:18,2
DA:19,19
DA:20,19
DA:21,19
DA:22,19
DA:24,19
LF:16
LH:16
BRDA:9,0,0,19
BRDA:16,1,0,17
BRDA:17,2,0,2
BRF:3
BRH:3
end_of_record
TN:
SF:src/components/calendar/calendar.tsx
FN:12,Calendar
FN:22,handlePrevMonth
FN:26,handleNextMonth
FN:30,handleDayClick
FN:90,onClick
FNF:5
FNH:5
FNDA:57,Calendar
FNDA:3,handlePrevMonth
FNDA:6,handleNextMonth
FNDA:9,handleDayClick
FNDA:9,onClick
DA:1,1
DA:2,1
DA:3,1
DA:4,1
DA:12,1
DA:13,57
DA:14,57
DA:15,57
DA:16,57
DA:17,57
DA:19,57
DA:20,57
DA:22,57
DA:23,3
DA:24,3
DA:26,57
DA:27,6
DA:28,6
DA:30,57
DA:31,9
DA:32,7
DA:33,7
DA:34,9
DA:36,57
DA:37,57
DA:38,57
DA:40,57
DA:41,57
DA:42,399
DA:43,57
DA:45,57
DA:46,57
DA:47,57
DA:48,57
DA:49,57
DA:51,57
DA:52,57
DA:53,57
DA:54,57
DA:55,57
DA:57,57
DA:58,57
DA:59,57
DA:60,57
DA:61,57
DA:62,57
DA:63,57
DA:64,57
DA:65,57
DA:67,57
DA:68,57
DA:69,57
DA:71,57
DA:72,57
DA:73,399
DA:74,399
DA:75,399
DA:76,57
DA:78,57
DA:79,139
DA:80,57
DA:82,57
DA:83,1756
DA:84,1756
DA:85,1756
DA:86,1756
DA:87,493
DA:88,15
DA:89,1756
DA:90,1756
DA:91,1756
DA:92,1756
DA:93,1756
DA:94,15
DA:95,1741
DA:98,1756
DA:99,1756
DA:100,57
DA:101,57
DA:102,57
DA:104,57
LF:81
LH:81
BRDA:12,0,0,57
BRDA:17,1,0,41
BRDA:22,2,0,3
BRDA:23,3,0,3
BRDA:26,4,0,6
BRDA:27,5,0,6
BRDA:30,6,0,9
BRDA:31,7,0,7
BRDA:38,8,0,1756
BRDA:41,9,0,399
BRDA:72,10,0,399
BRDA:78,11,0,139
BRDA:82,12,0,1756
BRDA:86,13,0,493
BRDA:87,14,0,15
BRDA:93,15,0,493
BRDA:93,16,0,15
BRDA:94,17,0,1741
BRDA:90,18,0,9
BRF:19
BRH:19
end_of_record
TN:
SF:src/components/card/card.tsx
FN:5,Card
FN:23,CardHeader
FN:36,CardTitle
FN:49,CardDescription
FN:59,CardAction
FN:72,CardContent
FN:82,CardFooter
FNF:7
FNH:7
FNDA:23,Card
FNDA:5,CardHeader
FNDA:5,CardTitle
FNDA:4,CardDescription
FNDA:4,CardAction
FNDA:7,CardContent
FNDA:4,CardFooter
DA:3,1
DA:5,23
DA:6,23
DA:7,23
DA:8,23
DA:9,23
DA:10,23
DA:11,23
DA:12,23
DA:13,23
DA:14,23
DA:15,23
DA:16,23
DA:17,23
DA:18,23
DA:19,23
DA:21,23
DA:23,5
DA:24,5
DA:25,5
DA:26,5
DA:27,5
DA:28,5
DA:29,5
DA:30,5
DA:31,5
DA:32,5
DA:34,5
DA:36,5
DA:37,5
DA:38,5
DA:39,5
DA:40,5
DA:41,5
DA:42,5
DA:43,5
DA:44,5
DA:45,5
DA:47,5
DA:49,4
DA:50,4
DA:51,4
DA:52,4
DA:53,4
DA:54,4
DA:55,4
DA:57,4
DA:59,4
DA:60,4
DA:61,4
DA:62,4
DA:63,4
DA:64,4
DA:65,4
DA:66,4
DA:67,4
DA:68,4
DA:70,4
DA:72,7
DA:73,7
DA:74,7
DA:75,7
DA:76,7
DA:77,7
DA:78,7
DA:80,7
DA:82,4
DA:83,4
DA:84,4
DA:85,4
DA:86,4
DA:87,4
DA:88,4
DA:89,4
DA:90,4
DA:91,4
DA:93,4
LF:77
LH:77
BRDA:5,0,0,23
BRDA:23,1,0,5
BRDA:36,2,0,5
BRDA:49,3,0,4
BRDA:59,4,0,4
BRDA:72,5,0,7
BRDA:82,6,0,4
BRF:7
BRH:7
end_of_record
TN:
SF:src/components/carousel/carousel.tsx
FN:33,useCarousel
FN:43,Carousel
FN:132,CarouselContent
FN:149,CarouselItem
FN:167,CarouselPrevious
FN:197,CarouselNext
FNF:6
FNH:6
FNDA:170,useCarousel
FNDA:66,Carousel
FNDA:69,CarouselContent
FNDA:70,CarouselItem
FNDA:16,CarouselPrevious
FNDA:16,CarouselNext
DA:3,1
DA:4,1
DA:5,1
DA:7,1
DA:8,1
DA:31,1
DA:33,170
DA:34,170
DA:36,170
DA:37,2
DA:38,2
DA:40,168
DA:41,168
DA:43,66
DA:44,66
DA:45,66
DA:46,66
DA:47,66
DA:48,66
DA:49,66
DA:50,66
DA:51,66
DA:52,66
DA:53,66
DA:54,66
DA:55,66
DA:56,66
DA:57,66
DA:58,66
DA:59,66
DA:60,66
DA:62,66
DA:63,33
DA:64,33
DA:65,33
DA:66,66
DA:68,66
DA:69,1
DA:70,66
DA:72,66
DA:73,1
DA:74,66
DA:76,66
DA:77,66
DA:78,0
DA:79,0
DA:80,0
DA:81,0
DA:82,0
DA:83,0
DA:84,0
DA:85,0
DA:86,66
DA:87,66
DA:89,66
DA:90,33
DA:91,1
DA:92,66
DA:94,66
DA:95,33
DA:96,33
DA:97,33
DA:98,33
DA:100,33
DA:101,33
DA:102,33
DA:103,66
DA:105,66
DA:106,66
DA:107,66
DA:108,66
DA:109,66
DA:110,66
DA:111,66
DA:112,66
DA:113,66
DA:114,66
DA:115,66
DA:116,66
DA:118,66
DA:119,66
DA:120,66
DA:121,66
DA:122,66
DA:123,66
DA:124,66
DA:126,66
DA:127,66
DA:128,66
DA:130,66
DA:132,69
DA:133,69
DA:135,69
DA:136,69
DA:137,69
DA:138,69
DA:139,69
DA:140,69
DA:141,69
DA:142,69
DA:143,69
DA:144,69
DA:145,69
DA:147,69
DA:149,70
DA:150,70
DA:152,70
DA:153,70
DA:154,70
DA:155,70
DA:156,70
DA:157,70
DA:158,70
DA:159,70
DA:160,70
DA:161,70
DA:162,70
DA:163,70
DA:165,70
DA:167,16
DA:168,16
DA:169,16
DA:170,16
DA:171,16
DA:172,16
DA:173,16
DA:175,16
DA:176,16
DA:177,16
DA:178,16
DA:179,16
DA:180,16
DA:181,16
DA:182,16
DA:183,14
DA:184,2
DA:185,16
DA:186,16
DA:187,16
DA:188,16
DA:189,16
DA:191,16
DA:192,16
DA:193,16
DA:195,16
DA:197,16
DA:198,16
DA:199,16
DA:200,16
DA:201,16
DA:202,16
DA:203,16
DA:205,16
DA:206,16
DA:207,16
DA:208,16
DA:209,16
DA:210,16
DA:211,16
DA:212,16
DA:213,14
DA:214,2
DA:215,16
DA:216,16
DA:217,16
DA:218,16
DA:219,16
DA:221,16
DA:222,16
DA:223,16
DA:225,16
LF:171
LH:163
BRDA:33,0,0,170
BRDA:36,1,0,2
BRDA:38,2,0,168
BRDA:43,3,0,66
BRDA:55,4,0,58
BRDA:55,5,0,8
BRDA:111,6,0,0
BRDA:62,7,0,33
BRDA:63,8,0,0
BRDA:68,9,0,1
BRDA:72,10,0,1
BRDA:89,11,0,33
BRDA:90,12,0,32
BRDA:90,13,0,1
BRDA:94,14,0,33
BRDA:95,15,0,0
BRDA:100,16,0,33
BRDA:132,17,0,69
BRDA:140,18,0,58
BRDA:140,19,0,8
BRDA:149,20,0,70
BRDA:159,21,0,62
BRDA:159,22,0,8
BRDA:167,23,0,16
BRDA:182,24,0,14
BRDA:183,25,0,2
BRDA:197,26,0,16
BRDA:212,27,0,14
BRDA:213,28,0,2
BRF:29
BRH:26
end_of_record
TN:
SF:src/components/checkbox/checkbox.tsx
FNF:0
FNH:0
DA:1,1
DA:2,1
DA:3,1
DA:5,1
DA:7,1
DA:10,1
DA:11,489
DA:12,489
DA:13,489
DA:14,489
DA:15,489
DA:16,489
DA:17,489
DA:19,489
DA:20,489
DA:22,489
DA:23,489
DA:24,489
DA:25,489
DA:26,1
LF:20
LH:20
BRDA:10,0,0,489
BRF:1
BRH:1
end_of_record
TN:
SF:src/components/collapsible/collapsible.tsx
FN:5,Collapsible
FN:11,CollapsibleTrigger
FN:19,CollapsibleContent
FNF:3
FNH:3
FNDA:43,Collapsible
FNDA:41,CollapsibleTrigger
FNDA:41,CollapsibleContent
DA:3,1
DA:5,43
DA:6,43
DA:7,43
DA:8,43
DA:9,43
DA:11,41
DA:12,41
DA:13,41
DA:14,41
DA:15,41
DA:17,41
DA:19,41
DA:20,41
DA:21,41
DA:22,41
DA:23,41
DA:25,41
LF:18
LH:18
BRDA:5,0,0,43
BRDA:11,1,0,41
BRDA:19,2,0,41
BRF:3
BRH:3
end_of_record
TN:
SF:src/components/command/command.tsx
FN:25,CommandDialog
FN:122,CommandShortcut
FNF:2
FNH:2
FNDA:3,CommandDialog
FNDA:6,CommandShortcut
DA:3,1
DA:5,1
DA:6,1
DA:7,1
DA:8,1
DA:10,1
DA:13,1
DA:14,73
DA:15,73
DA:16,73
DA:17,73
DA:18,73
DA:19,73
DA:20,73
DA:21,73
DA:22,73
DA:23,1
DA:25,1
DA:26,3
DA:27,3
DA:28,3
DA:29,3
DA:30,3
DA:31,3
DA:32,3
DA:33,3
DA:35,3
DA:37,1
DA:40,1
DA:41,58
DA:42,58
DA:43,58
DA:44,58
DA:45,58
DA:46,58
DA:47,58
DA:48,58
DA:49,58
DA:50,58
DA:51,58
DA:52,1
DA:54,1
DA:56,1
DA:59,1
DA:60,67
DA:61,67
DA:62,67
DA:63,67
DA:64,67
DA:65,67
DA:67,1
DA:69,1
DA:72,1
DA:73,42
DA:74,1
DA:76,1
DA:78,1
DA:81,1
DA:82,81
DA:83,81
DA:84,81
DA:85,81
DA:86,81
DA:87,81
DA:88,81
DA:89,81
DA:90,81
DA:92,1
DA:94,1
DA:97,1
DA:98,41
DA:99,41
DA:100,41
DA:101,41
DA:102,41
DA:103,41
DA:104,1
DA:106,1
DA:109,1
DA:110,322
DA:111,322
DA:112,322
DA:113,322
DA:114,322
DA:115,322
DA:116,322
DA:117,322
DA:118,322
DA:120,1
DA:122,1
DA:123,6
DA:124,6
DA:125,6
DA:126,6
DA:127,6
DA:128,6
DA:129,6
DA:130,6
DA:132,6
DA:133,1
LF:100
LH:100
BRDA:13,0,0,73
BRDA:25,1,0,3
BRDA:40,2,0,58
BRDA:59,3,0,67
BRDA:72,4,0,42
BRDA:81,5,0,81
BRDA:97,6,0,41
BRDA:109,7,0,322
BRDA:122,8,0,6
BRF:9
BRH:9
end_of_record
TN:
SF:src/components/context-menu/context-menu.tsx
FN:177,ContextMenuShortcut
FNF:1
FNH:1
FNDA:4,ContextMenuShortcut
DA:3,1
DA:4,1
DA:5,1
DA:7,1
DA:9,1
DA:11,1
DA:13,1
DA:15,1
DA:17,1
DA:19,1
DA:21,1
DA:26,1
DA:27,0
DA:28,0
DA:29,0
DA:30,0
DA:31,0
DA:32,0
DA:33,0
DA:34,0
DA:35,0
DA:37,0
DA:38,0
DA:39,0
DA:40,0
DA:41,1
DA:43,1
DA:46,1
DA:47,0
DA:48,0
DA:49,0
DA:50,0
DA:51,0
DA:52,0
DA:53,0
DA:54,0
DA:55,0
DA:56,0
DA:57,0
DA:58,1
DA:60,1
DA:63,1
DA:64,6
DA:65,6
DA:66,6
DA:67,6
DA:68,6
DA:69,6
DA:70,6
DA:71,6
DA:72,6
DA:73,6
DA:74,6
DA:75,6
DA:76,1
DA:77,1
DA:79,1
DA:84,1
DA:85,0
DA:86,0
DA:87,0
DA:88,0
DA:89,0
DA:90,0
DA:91,0
DA:92,0
DA:93,0
DA:94,0
DA:95,0
DA:96,1
DA:98,1
DA:101,1
DA:102,0
DA:103,0
DA:104,0
DA:105,0
DA:106,0
DA:107,0
DA:108,0
DA:109,0
DA:110,0
DA:112,0
DA:113,0
DA:114,0
DA:115,0
DA:116,0
DA:117,0
DA:118,0
DA:119,0
DA:120,1
DA:122,1
DA:125,1
DA:126,0
DA:127,0
DA:128,0
DA:129,0
DA:130,0
DA:131,0
DA:132,0
DA:133,0
DA:135,0
DA:136,0
DA:137,0
DA:138,0
DA:139,0
DA:140,0
DA:141,0
DA:142,0
DA:143,1
DA:145,1
DA:150,1
DA:151,7
DA:152,7
DA:153,7
DA:154,7
DA:155,7
DA:156,7
DA:157,7
DA:158,7
DA:159,7
DA:160,7
DA:161,7
DA:162,1
DA:164,1
DA:167,1
DA:168,5
DA:169,5
DA:170,5
DA:171,5
DA:172,5
DA:173,5
DA:174,5
DA:175,1
DA:177,1
DA:178,4
DA:179,4
DA:180,4
DA:181,4
DA:182,4
DA:183,4
DA:184,4
DA:185,4
DA:186,4
DA:188,4
DA:189,1
LF:145
LH:77
BRDA:63,0,0,6
BRDA:150,1,0,7
BRDA:156,2,0,2
BRDA:167,3,0,5
BRDA:177,4,0,4
BRF:5
BRH:5
end_of_record
TN:
SF:src/components/currency-input/currency-input.tsx
FN:30,formatNumber
FN:37,handleInputChange
FN:68,handleFocus
FNF:3
FNH:3
FNDA:91,formatNumber
FNDA:56,handleInputChange
FNDA:21,handleFocus
DA:1,1
DA:2,1
DA:11,1
DA:12,1
DA:13,121
DA:14,121
DA:15,121
DA:16,121
DA:17,121
DA:18,121
DA:19,121
DA:20,121
DA:21,121
DA:23,121
DA:25,121
DA:27,121
DA:30,121
DA:31,91
DA:32,91
DA:33,91
DA:34,91
DA:37,121
DA:38,56
DA:39,56
DA:42,56
DA:43,9
DA:44,9
DA:45,9
DA:46,9
DA:48,47
DA:51,47
DA:54,47
DA:57,47
DA:58,47
DA:59,47
DA:60,47
DA:61,47
DA:62,47
DA:63,47
DA:64,47
DA:65,56
DA:68,121
DA:69,21
DA:70,21
DA:71,21
DA:72,21
DA:73,21
DA:74,21
DA:75,21
DA:78,121
DA:79,35
DA:81,121
DA:83,121
DA:84,121
DA:85,121
DA:86,121
DA:87,121
DA:88,121
DA:89,121
DA:90,121
DA:91,121
DA:92,121
DA:93,121
DA:94,121
DA:95,121
DA:97,121
DA:98,1
DA:100,1
LF:68
LH:68
BRDA:12,0,0,121
BRDA:25,1,0,4
BRDA:30,2,0,91
BRDA:37,3,0,56
BRDA:42,4,0,9
BRDA:46,5,0,47
BRDA:58,6,0,47
BRDA:59,7,0,35
BRDA:68,8,0,21
BRDA:78,9,0,35
BRF:10
BRH:10
end_of_record
TN:
SF:src/components/date-picker/date-picker.tsx
FN:22,DatePicker
FN:37,handleDateSelect
FN:70,DatePickerDemo
FNF:3
FNH:3
FNDA:43,DatePicker
FNDA:4,handleDateSelect
FNDA:3,DatePickerDemo
DA:3,1
DA:4,1
DA:5,1
DA:7,1
DA:8,1
DA:9,1
DA:10,1
DA:22,1
DA:23,43
DA:24,43
DA:25,43
DA:26,43
DA:27,43
DA:28,43
DA:29,43
DA:30,43
DA:31,43
DA:33,43
DA:34,35
DA:35,43
DA:37,43
DA:38,4
DA:39,4
DA:40,4
DA:42,43
DA:43,43
DA:44,43
DA:45,43
DA:46,43
DA:47,43
DA:48,43
DA:49,43
DA:50,43
DA:51,43
DA:52,43
DA:54,43
DA:55,43
DA:56,43
DA:57,43
DA:58,43
DA:59,43
DA:60,43
DA:61,43
DA:62,43
DA:63,43
DA:64,43
DA:65,43
DA:67,43
DA:70,1
DA:71,3
DA:73,3
DA:74,3
LF:52
LH:52
BRDA:22,0,0,43
BRDA:55,1,0,18
BRDA:55,2,0,25
BRDA:33,3,0,35
BRDA:37,4,0,4
BRDA:39,5,0,3
BRDA:70,6,0,3
BRF:7
BRH:7
end_of_record
TN:
SF:src/components/dialog/dialog.tsx
FN:59,DialogHeader
FN:67,DialogFooter
FNF:2
FNH:2
FNDA:4,DialogHeader
FNDA:3,DialogFooter
DA:1,1
DA:2,1
DA:3,1
DA:4,1
DA:6,1
DA:8,1
DA:10,1
DA:12,1
DA:14,1
DA:17,1
DA:18,67
DA:19,67
DA:20,67
DA:21,67
DA:22,67
DA:23,67
DA:24,67
DA:25,67
DA:26,67
DA:27,1
DA:29,1
DA:34,1
DA:35,39
DA:36,39
DA:37,39
DA:38,39
DA:39,39
DA:40,39
DA:41,39
DA:42,39
DA:43,39
DA:44,39
DA:45,39
DA:47,39
DA:48,39
DA:49,38
DA:50,38
DA:51,38
DA:52,38
DA:54,39
DA:55,39
DA:56,1
DA:57,1
DA:59,1
DA:60,4
DA:61,4
DA:62,4
DA:63,4
DA:65,1
DA:67,1
DA:68,3
DA:69,3
DA:70,3
DA:71,3
DA:72,3
DA:73,3
DA:74,3
DA:76,1
DA:78,1
DA:81,1
DA:82,31
DA:83,31
DA:84,31
DA:85,31
DA:86,31
DA:87,31
DA:88,1
DA:90,1
DA:93,1
DA:94,7
DA:95,7
DA:96,7
DA:97,7
DA:98,7
DA:99,7
DA:100,1
LF:76
LH:76
BRDA:17,0,0,67
BRDA:34,1,0,39
BRDA:48,2,0,38
BRDA:59,3,0,4
BRDA:67,4,0,3
BRDA:81,5,0,31
BRDA:93,6,0,7
BRF:7
BRH:7
end_of_record
TN:
SF:src/components/drawer/drawer.tsx
FN:9,Drawer
FN:13,DrawerTrigger
FN:17,DrawerClose
FN:21,DrawerPortal
FN:25,DrawerOverlay
FN:47,DrawerContent
FN:107,DrawerHeader
FN:117,DrawerFooter
FN:127,DrawerTitle
FN:137,DrawerDescription
FNF:10
FNH:10
FNDA:27,Drawer
FNDA:4,DrawerTrigger
FNDA:1,DrawerClose
FNDA:27,DrawerPortal
FNDA:44,DrawerOverlay
FNDA:27,DrawerContent
FNDA:12,DrawerHeader
FNDA:2,DrawerFooter
FNDA:10,DrawerTitle
FNDA:1,DrawerDescription
DA:3,1
DA:4,1
DA:7,1
DA:9,27
DA:10,27
DA:11,27
DA:13,4
DA:14,4
DA:15,4
DA:17,1
DA:18,1
DA:19,1
DA:21,27
DA:22,27
DA:23,27
DA:25,44
DA:26,44
DA:27,44
DA:28,44
DA:29,44
DA:30,44
DA:31,44
DA:32,44
DA:33,44
DA:34,44
DA:35,44
DA:36,44
DA:37,44
DA:39,44
DA:47,27
DA:48,27
DA:49,27
DA:50,27
DA:51,27
DA:52,27
DA:53,27
DA:54,27
DA:55,27
DA:56,27
DA:57,27
DA:58,27
DA:59,27
DA:60,27
DA:61,27
DA:62,27
DA:63,27
DA:64,27
DA:65,23
DA:66,23
DA:67,23
DA:68,23
DA:69,27
DA:70,1
DA:71,1
DA:72,1
DA:73,1
DA:74,27
DA:75,1
DA:76,1
DA:77,1
DA:78,1
DA:79,27
DA:80,2
DA:81,2
DA:82,2
DA:83,2
DA:84,27
DA:85,27
DA:86,27
DA:88,27
DA:89,24
DA:90,24
DA:91,24
DA:92,24
DA:93,24
DA:94,24
DA:95,24
DA:97,27
DA:98,27
DA:99,27
DA:100,27
DA:101,27
DA:102,27
DA:103,27
DA:105,27
DA:107,12
DA:108,12
DA:109,12
DA:110,12
DA:111,12
DA:112,12
DA:113,12
DA:115,12
DA:117,2
DA:118,2
DA:119,2
DA:120,2
DA:121,2
DA:122,2
DA:123,2
DA:125,2
DA:127,10
DA:128,10
DA:129,10
DA:130,10
DA:131,10
DA:132,10
DA:133,10
DA:135,10
DA:137,1
DA:138,1
DA:139,1
DA:140,1
DA:141,1
DA:142,1
DA:143,1
DA:145,1
LF:117
LH:117
BRDA:9,0,0,27
BRDA:13,1,0,4
BRDA:17,2,0,1
BRDA:21,3,0,27
BRDA:25,4,0,44
BRDA:47,5,0,27
BRDA:64,6,0,23
BRDA:69,7,0,1
BRDA:74,8,0,1
BRDA:79,9,0,2
BRDA:88,10,0,4
BRDA:88,11,0,24
BRDA:93,12,0,23
BRDA:93,13,0,1
BRDA:107,14,0,12
BRDA:117,15,0,2
BRDA:127,16,0,10
BRDA:137,17,0,1
BRF:18
BRH:18
end_of_record
TN:
SF:src/components/dropdown-menu/dropdown-menu.tsx
FN:163,DropdownMenuShortcut
FNF:1
FNH:1
FNDA:4,DropdownMenuShortcut
DA:1,1
DA:2,1
DA:3,1
DA:5,1
DA:7,1
DA:9,1
DA:11,1
DA:13,1
DA:15,1
DA:17,1
DA:19,1
DA:24,1
DA:25,4
DA:26,4
DA:27,4
DA:28,4
DA:29,4
DA:30,4
DA:31,4
DA:32,4
DA:34,4
DA:35,4
DA:36,4
DA:37,4
DA:38,1
DA:40,1
DA:43,1
DA:44,4
DA:45,4
DA:46,4
DA:47,4
DA:48,4
DA:49,4
DA:50,4
DA:51,4
DA:52,4
DA:53,1
DA:55,1
DA:58,1
DA:59,111
DA:60,111
DA:61,111
DA:62,111
DA:63,111
DA:64,111
DA:65,111
DA:66,111
DA:67,111
DA:68,111
DA:69,111
DA:70,111
DA:71,1
DA:72,1
DA:74,1
DA:79,1
DA:80,38
DA:81,38
DA:82,38
DA:83,38
DA:84,38
DA:85,38
DA:86,38
DA:87,38
DA:88,38
DA:89,38
DA:90,1
DA:92,1
DA:95,1
DA:96,5
DA:97,5
DA:98,5
DA:99,5
DA:100,5
DA:101,5
DA:102,5
DA:103,5
DA:105,5
DA:106,5
DA:107,5
DA:108,5
DA:109,5
DA:110,5
DA:111,5
DA:112,5
DA:113,1
DA:115,1
DA:118,1
DA:119,7
DA:120,7
DA:121,7
DA:122,7
DA:123,7
DA:124,7
DA:125,7
DA:127,7
DA:128,7
DA:129,7
DA:130,7
DA:131,7
DA:132,7
DA:133,7
DA:134,7
DA:135,1
DA:137,1
DA:142,1
DA:143,4
DA:144,4
DA:145,4
DA:146,4
DA:147,4
DA:148,4
DA:149,1
DA:151,1
DA:154,1
DA:155,5
DA:156,5
DA:157,5
DA:158,5
DA:159,5
DA:160,5
DA:161,1
DA:163,1
DA:164,4
DA:165,4
DA:166,4
DA:167,4
DA:168,4
DA:169,4
DA:170,4
DA:171,4
DA:173,4
DA:174,1
LF:132
LH:132
BRDA:24,0,0,4
BRDA:29,1,0,1
BRDA:43,2,0,4
BRDA:58,3,0,111
BRDA:79,4,0,38
BRDA:84,5,0,1
BRDA:95,6,0,5
BRDA:118,7,0,7
BRDA:142,8,0,4
BRDA:145,9,0,1
BRDA:154,10,0,5
BRDA:163,11,0,4
BRF:12
BRH:12
end_of_record
TN:
SF:src/components/hover-card/hover-card.tsx
FN:8,HoverCard
FN:12,HoverCardTrigger
FN:18,HoverCardContent
FNF:3
FNH:3
FNDA:20,HoverCard
FNDA:20,HoverCardTrigger
FNDA:16,HoverCardContent
DA:3,1
DA:6,1
DA:8,20
DA:9,20
DA:10,20
DA:12,20
DA:13,20
DA:14,20
DA:15,20
DA:16,20
DA:18,16
DA:19,16
DA:20,16
DA:21,16
DA:22,16
DA:23,16
DA:24,16
DA:25,16
DA:26,16
DA:27,16
DA:28,16
DA:29,16
DA:30,16
DA:31,16
DA:32,16
DA:33,16
DA:34,16
DA:35,16
DA:36,16
DA:37,16
DA:38,16
DA:39,16
DA:40,16
DA:41,16
DA:42,16
DA:44,16
LF:36
LH:36
BRDA:8,0,0,20
BRDA:12,1,0,20
BRDA:18,2,0,16
BRF:3
BRH:3
end_of_record
TN:
SF:src/components/input/input.tsx
FNF:0
FNH:0
DA:1,1
DA:2,1
DA:3,1
DA:5,1
DA:6,1
DA:7,1
DA:8,1
DA:9,1
DA:10,1
DA:11,1
DA:12,1
DA:13,1
DA:14,1
DA:15,1
DA:16,1
DA:17,1
DA:18,1
DA:19,1
DA:20,1
DA:21,1
DA:27,1
DA:28,1
DA:29,720
DA:30,720
DA:31,720
DA:32,720
DA:33,720
DA:34,720
DA:35,720
DA:37,720
DA:38,1
DA:39,1
LF:32
LH:32
BRDA:28,0,0,720
BRF:1
BRH:1
end_of_record
TN:
SF:src/components/input-otp/input-otp.tsx
FN:27,InputOTP
FN:69,InputOTPSlot
FN:87,InputOTPGroup
FN:97,InputOTPSeparator
FNF:4
FNH:4
FNDA:17,InputOTP
FNDA:74,InputOTPSlot
FNDA:5,InputOTPGroup
FNDA:4,InputOTPSeparator
DA:4,1
DA:5,1
DA:6,1
DA:27,17
DA:28,17
DA:29,17
DA:30,17
DA:31,17
DA:32,17
DA:33,17
DA:34,17
DA:35,17
DA:36,17
DA:37,17
DA:38,17
DA:39,17
DA:40,17
DA:41,17
DA:42,17
DA:43,17
DA:44,17
DA:45,17
DA:46,17
DA:47,17
DA:48,17
DA:49,17
DA:50,17
DA:51,17
DA:52,17
DA:53,17
DA:54,17
DA:55,17
DA:57,17
DA:58,64
DA:59,14
DA:60,17
DA:62,17
DA:69,74
DA:70,74
DA:71,74
DA:72,74
DA:73,74
DA:74,74
DA:75,74
DA:76,74
DA:77,74
DA:78,74
DA:79,74
DA:80,74
DA:81,74
DA:82,74
DA:83,74
DA:85,74
DA:87,5
DA:88,5
DA:89,5
DA:90,5
DA:91,5
DA:92,5
DA:93,5
DA:95,5
DA:97,4
DA:98,4
DA:99,4
DA:100,4
DA:101,4
DA:102,4
DA:103,4
DA:105,4
DA:106,4
DA:108,4
LF:71
LH:71
BRDA:27,0,0,17
BRDA:57,1,0,14
BRDA:57,2,0,64
BRDA:69,3,0,74
BRDA:87,4,0,5
BRDA:97,5,0,4
BRF:6
BRH:6
end_of_record
TN:
SF:src/components/kbd/kbd.tsx
FN:6,Kbd
FNF:1
FNH:1
FNDA:17,Kbd
DA:2,1
DA:6,17
DA:7,17
DA:8,17
DA:9,17
DA:10,17
DA:11,17
DA:12,17
DA:13,17
DA:14,17
DA:15,17
DA:17,17
LF:12
LH:12
BRDA:6,0,0,17
BRF:1
BRH:1
end_of_record
TN:
SF:src/components/label/index.tsx
FNF:0
FNH:0
DA:1,1
LF:1
LH:1
BRF:0
BRH:0
end_of_record
TN:
SF:src/components/label/label.tsx
FNF:0
FNH:0
DA:1,1
DA:2,1
DA:3,1
DA:4,1
DA:6,1
DA:7,1
DA:8,1
DA:10,1
DA:14,1
DA:15,35
DA:16,1
DA:17,1
LF:12
LH:12
BRDA:14,0,0,35
BRF:1
BRH:1
end_of_record
TN:
SF:src/components/menubar/menubar.tsx
FN:210,MenubarShortcut
FNF:1
FNH:1
FNDA:4,MenubarShortcut
DA:3,1
DA:4,1
DA:5,1
DA:7,1
DA:9,1
DA:12,1
DA:13,8
DA:14,8
DA:15,8
DA:16,8
DA:17,8
DA:18,8
DA:19,8
DA:20,8
DA:21,8
DA:22,8
DA:23,1
DA:25,1
DA:27,1
DA:29,1
DA:31,1
DA:33,1
DA:35,1
DA:38,1
DA:39,11
DA:40,11
DA:41,11
DA:42,11
DA:43,11
DA:44,11
DA:45,11
DA:46,11
DA:47,11
DA:48,11
DA:49,1
DA:51,1
DA:56,1
DA:57,0
DA:58,0
DA:59,0
DA:60,0
DA:61,0
DA:62,0
DA:63,0
DA:64,0
DA:65,0
DA:67,0
DA:68,0
DA:69,0
DA:70,0
DA:71,1
DA:73,1
DA:76,1
DA:77,0
DA:78,0
DA:79,0
DA:80,0
DA:81,0
DA:82,0
DA:83,0
DA:84,0
DA:85,0
DA:86,0
DA:87,0
DA:88,1
DA:90,1
DA:93,1
DA:94,11
DA:95,11
DA:96,11
DA:97,11
DA:98,11
DA:99,11
DA:100,11
DA:101,11
DA:102,11
DA:103,11
DA:104,11
DA:105,11
DA:106,11
DA:107,11
DA:108,11
DA:109,1
DA:110,1
DA:112,1
DA:117,1
DA:118,0
DA:119,0
DA:120,0
DA:121,0
DA:122,0
DA:123,0
DA:124,0
DA:125,0
DA:126,0
DA:127,0
DA:128,0
DA:129,1
DA:131,1
DA:134,1
DA:135,0
DA:136,0
DA:137,0
DA:138,0
DA:139,0
DA:140,0
DA:141,0
DA:142,0
DA:143,0
DA:145,0
DA:146,0
DA:147,0
DA:148,0
DA:149,0
DA:150,0
DA:151,0
DA:152,0
DA:153,1
DA:155,1
DA:158,1
DA:159,0
DA:160,0
DA:161,0
DA:162,0
DA:163,0
DA:164,0
DA:165,0
DA:166,0
DA:168,0
DA:169,0
DA:170,0
DA:171,0
DA:172,0
DA:173,0
DA:174,0
DA:175,0
DA:176,1
DA:178,1
DA:183,1
DA:184,3
DA:185,3
DA:186,3
DA:187,3
DA:188,3
DA:189,3
DA:190,3
DA:191,3
DA:192,3
DA:193,3
DA:194,3
DA:195,1
DA:197,1
DA:200,1
DA:201,3
DA:202,3
DA:203,3
DA:204,3
DA:205,3
DA:206,3
DA:207,3
DA:208,1
DA:210,1
DA:211,4
DA:212,4
DA:213,4
DA:214,4
DA:215,4
DA:216,4
DA:217,4
DA:218,4
DA:219,4
DA:221,4
DA:222,1
LF:173
LH:105
BRDA:12,0,0,8
BRDA:38,1,0,11
BRDA:93,2,0,11
BRDA:183,3,0,3
BRDA:189,4,0,1
BRDA:200,5,0,3
BRDA:210,6,0,4
BRF:7
BRH:7
end_of_record
TN:
SF:src/components/multi-select/multi-select.tsx
FN:120,handleInputKeyDown
FN:131,toggleOption
FN:139,handleClear
FN:144,handleTogglePopover
FN:148,clearExtraOptions
FN:154,toggleAll
FN:187,onClick
FN:205,onClick
FN:216,onClick
FN:236,onEscapeKeyDown
FN:261,onSelect
FN:295,onSelect
FNF:12
FNH:12
FNDA:22,handleInputKeyDown
FNDA:9,toggleOption
FNDA:3,handleClear
FNDA:21,handleTogglePopover
FNDA:1,clearExtraOptions
FNDA:3,toggleAll
FNDA:1,onClick
FNDA:1,onClick
FNDA:1,onClick
FNDA:2,onEscapeKeyDown
FNDA:8,onSelect
FNDA:1,onSelect
DA:3,1
DA:4,1
DA:5,1
DA:7,1
DA:8,1
DA:9,1
DA:10,1
DA:19,1
DA:20,1
DA:26,1
DA:27,1
DA:28,1
DA:29,1
DA:30,1
DA:31,1
DA:32,1
DA:33,1
DA:34,1
DA:35,1
DA:36,1
DA:37,1
DA:38,1
DA:39,1
DA:40,1
DA:100,1
DA:101,1
DA:102,83
DA:103,83
DA:104,83
DA:105,83
DA:106,83
DA:107,83
DA:108,83
DA:109,83
DA:110,83
DA:111,83
DA:112,83
DA:113,83
DA:114,83
DA:115,83
DA:116,83
DA:117,83
DA:118,83
DA:120,83
DA:121,22
DA:122,1
DA:123,22
DA:124,1
DA:125,1
DA:126,1
DA:127,1
DA:128,1
DA:129,22
DA:131,83
DA:132,9
DA:133,3
DA:134,6
DA:135,9
DA:136,9
DA:137,9
DA:139,83
DA:140,3
DA:141,3
DA:142,3
DA:144,83
DA:145,21
DA:146,21
DA:148,83
DA:149,1
DA:150,1
DA:151,1
DA:152,1
DA:154,83
DA:155,3
DA:156,1
DA:157,3
DA:158,2
DA:159,2
DA:160,2
DA:161,2
DA:162,3
DA:164,83
DA:165,83
DA:166,83
DA:167,83
DA:168,83
DA:169,83
DA:170,83
DA:171,83
DA:172,83
DA:173,83
DA:174,83
DA:176,83
DA:177,37
DA:178,37
DA:179,37
DA:180,60
DA:182,60
DA:183,60
DA:184,60
DA:185,60
DA:186,60
DA:187,60
DA:188,1
DA:189,1
DA:190,1
DA:191,60
DA:192,60
DA:194,37
DA:195,37
DA:196,7
DA:197,7
DA:198,7
DA:199,7
DA:200,7
DA:202,7
DA:203,7
DA:204,7
DA:205,7
DA:206,1
DA:207,1
DA:208,1
DA:209,7
DA:210,7
DA:212,37
DA:213,37
DA:214,37
DA:215,37
DA:216,37
DA:217,1
DA:218,1
DA:219,1
DA:220,37
DA:221,37
DA:222,37
DA:223,37
DA:224,37
DA:226,46
DA:227,46
DA:228,46
DA:229,46
DA:231,83
DA:232,83
DA:233,83
DA:234,83
DA:235,83
DA:236,83
DA:238,83
DA:239,83
DA:240,83
DA:241,83
DA:242,83
DA:243,83
DA:244,83
DA:245,83
DA:246,83
DA:247,83
DA:248,5
DA:249,78
DA:250,83
DA:252,83
DA:253,83
DA:254,83
DA:255,83
DA:256,83
DA:257,410
DA:258,410
DA:259,410
DA:260,410
DA:261,410
DA:262,410
DA:264,410
DA:265,410
DA:266,410
DA:267,410
DA:268,74
DA:269,336
DA:270,410
DA:272,410
DA:273,410
DA:275,410
DA:276,410
DA:278,83
DA:279,83
DA:280,83
DA:281,83
DA:282,83
DA:283,83
DA:284,37
DA:285,37
DA:286,37
DA:287,37
DA:288,37
DA:290,37
DA:291,37
DA:292,37
DA:294,83
DA:295,83
DA:296,83
DA:297,83
DA:299,83
DA:300,83
DA:301,83
DA:302,83
DA:303,83
DA:304,83
DA:305,83
DA:307,83
DA:308,1
DA:310,1
LF:210
LH:210
BRDA:101,0,0,83
BRDA:176,1,0,37
BRDA:195,2,0,7
BRDA:224,3,0,46
BRDA:247,4,0,5
BRDA:248,5,0,78
BRDA:283,6,0,37
BRDA:120,7,0,22
BRDA:121,8,0,1
BRDA:123,9,0,21
BRDA:123,10,0,1
BRDA:123,11,0,1
BRDA:131,12,0,9
BRDA:132,13,0,3
BRDA:133,14,0,6
BRDA:133,15,0,4
BRDA:139,16,0,3
BRDA:144,17,0,21
BRDA:145,18,0,21
BRDA:148,19,0,1
BRDA:154,20,0,3
BRDA:155,21,0,1
BRDA:157,22,0,2
BRDA:158,23,0,10
BRDA:179,24,0,60
BRDA:180,25,0,89
BRDA:187,26,0,1
BRDA:205,27,0,1
BRDA:216,28,0,1
BRDA:236,29,0,2
BRDA:256,30,0,410
BRDA:267,31,0,74
BRDA:268,32,0,336
BRDA:261,33,0,8
BRDA:295,34,0,1
BRF:35
BRH:35
end_of_record
TN:
SF:src/components/navigation-menu/navigation-menu.tsx
FN:8,NavigationMenu
FN:32,NavigationMenuList
FN:48,NavigationMenuItem
FN:65,NavigationMenuTrigger
FN:85,NavigationMenuContent
FN:102,NavigationMenuViewport
FN:120,NavigationMenuLink
FN:136,NavigationMenuIndicator
FNF:8
FNH:7
FNDA:32,NavigationMenu
FNDA:31,NavigationMenuList
FNDA:35,NavigationMenuItem
FNDA:30,NavigationMenuTrigger
FNDA:12,NavigationMenuContent
FNDA:31,NavigationMenuViewport
FNDA:11,NavigationMenuLink
FNDA:0,NavigationMenuIndicator
DA:1,1
DA:2,1
DA:3,1
DA:6,1
DA:8,32
DA:9,32
DA:10,32
DA:11,32
DA:12,32
DA:13,32
DA:15,32
DA:16,32
DA:17,32
DA:18,32
DA:19,32
DA:20,32
DA:21,32
DA:22,32
DA:23,32
DA:24,32
DA:26,32
DA:27,32
DA:28,32
DA:30,32
DA:32,31
DA:33,31
DA:34,31
DA:35,31
DA:36,31
DA:37,31
DA:38,31
DA:39,31
DA:40,31
DA:41,31
DA:42,31
DA:43,31
DA:44,31
DA:46,31
DA:48,35
DA:49,35
DA:50,35
DA:51,35
DA:52,35
DA:53,35
DA:54,35
DA:55,35
DA:56,35
DA:57,35
DA:59,35
DA:61,1
DA:62,1
DA:63,1
DA:65,30
DA:66,30
DA:67,30
DA:68,30
DA:69,30
DA:70,30
DA:71,30
DA:72,30
DA:73,30
DA:74,30
DA:76,30
DA:77,30
DA:78,30
DA:79,30
DA:80,30
DA:81,30
DA:83,30
DA:85,12
DA:86,12
DA:87,12
DA:88,12
DA:89,12
DA:90,12
DA:91,12
DA:92,12
DA:93,12
DA:94,12
DA:95,12
DA:96,12
DA:97,12
DA:98,12
DA:100,12
DA:102,31
DA:103,31
DA:104,31
DA:105,31
DA:106,31
DA:107,31
DA:108,31
DA:109,31
DA:110,31
DA:111,31
DA:112,31
DA:113,31
DA:114,31
DA:115,31
DA:116,31
DA:118,31
DA:120,11
DA:121,11
DA:122,11
DA:123,11
DA:124,11
DA:125,11
DA:126,11
DA:127,11
DA:128,11
DA:129,11
DA:130,11
DA:131,11
DA:132,11
DA:134,11
DA:136,0
DA:137,0
DA:138,0
DA:139,0
DA:140,0
DA:141,0
DA:142,0
DA:143,0
DA:144,0
DA:145,0
DA:146,0
DA:147,0
DA:149,0
DA:150,0
DA:152,0
LF:129
LH:114
BRDA:8,0,0,32
BRDA:27,1,0,31
BRDA:32,2,0,31
BRDA:48,3,0,35
BRDA:65,4,0,30
BRDA:85,5,0,12
BRDA:102,6,0,31
BRDA:120,7,0,11
BRF:8
BRH:8
end_of_record
TN:
SF:src/components/pagination/pagination.tsx
FN:6,Pagination
FN:38,PaginationLink
FN:61,PaginationPrevious
FN:75,PaginationNext
FN:85,PaginationEllipsis
FNF:5
FNH:5
FNDA:48,Pagination
FNDA:66,PaginationLink
FNDA:11,PaginationPrevious
FNDA:11,PaginationNext
FNDA:8,PaginationEllipsis
DA:1,1
DA:2,1
DA:3,1
DA:4,1
DA:6,1
DA:7,48
DA:8,48
DA:9,48
DA:10,48
DA:11,48
DA:12,48
DA:14,1
DA:16,1
DA:17,1
DA:18,47
DA:19,47
DA:20,47
DA:21,47
DA:22,47
DA:24,1
DA:25,1
DA:27,1
DA:28,1
DA:29,74
DA:31,1
DA:32,1
DA:38,1
DA:39,66
DA:40,66
DA:41,66
DA:42,66
DA:43,66
DA:44,66
DA:45,66
DA:46,66
DA:47,66
DA:48,66
DA:49,66
DA:50,66
DA:51,66
DA:52,66
DA:53,66
DA:54,66
DA:56,66
DA:57,66
DA:59,1
DA:61,1
DA:62,11
DA:63,11
DA:64,11
DA:65,11
DA:66,11
DA:67,11
DA:68,11
DA:70,11
DA:71,11
DA:73,1
DA:75,1
DA:76,11
DA:77,11
DA:78,11
DA:79,11
DA:80,11
DA:81,11
DA:83,1
DA:85,1
DA:86,8
DA:87,8
DA:88,8
DA:89,8
DA:91,8
DA:92,8
DA:93,8
DA:95,1
LF:74
LH:74
BRDA:6,0,0,48
BRDA:17,1,0,47
BRDA:28,2,0,74
BRDA:38,3,0,66
BRDA:45,4,0,8
BRDA:45,5,0,58
BRDA:48,6,0,8
BRDA:48,7,0,58
BRDA:51,8,0,8
BRDA:51,9,0,58
BRDA:61,10,0,11
BRDA:75,11,0,11
BRDA:85,12,0,8
BRF:13
BRH:13
end_of_record
TN:
SF:src/components/password-input/password-input.tsx
FN:21,PasswordInput
FN:41,calculateStrength
FN:50,getStrengthLabel
FN:61,handleChange
FN:81,onClick
FNF:5
FNH:5
FNDA:271,PasswordInput
FNDA:271,calculateStrength
FNDA:271,getStrengthLabel
FNDA:225,handleChange
FNDA:7,onClick
DA:1,1
DA:2,1
DA:3,1
DA:4,1
DA:5,1
DA:21,1
DA:22,271
DA:23,271
DA:24,271
DA:25,271
DA:26,271
DA:27,271
DA:28,271
DA:29,271
DA:30,271
DA:31,271
DA:32,271
DA:33,271
DA:34,271
DA:35,271
DA:36,271
DA:38,271
DA:39,271
DA:41,271
DA:42,271
DA:43,271
DA:44,271
DA:45,271
DA:46,271
DA:47,271
DA:48,271
DA:50,271
DA:51,271
DA:52,271
DA:53,271
DA:54,271
DA:55,11
DA:56,271
DA:58,271
DA:59,271
DA:61,271
DA:62,225
DA:63,225
DA:64,225
DA:66,271
DA:67,271
DA:68,271
DA:69,271
DA:70,271
DA:71,271
DA:72,271
DA:73,271
DA:74,271
DA:75,271
DA:76,271
DA:77,271
DA:78,271
DA:79,271
DA:80,271
DA:81,271
DA:82,271
DA:83,271
DA:85,271
DA:86,271
DA:87,271
DA:88,271
DA:89,270
DA:90,270
DA:91,270
DA:92,270
DA:93,270
DA:94,270
DA:95,270
DA:97,271
DA:99,271
LF:75
LH:75
BRDA:21,0,0,271
BRDA:71,1,0,6
BRDA:71,2,0,265
BRDA:74,3,0,270
BRDA:82,4,0,6
BRDA:82,5,0,265
BRDA:85,6,0,6
BRDA:85,7,0,265
BRDA:88,8,0,270
BRDA:41,9,0,271
BRDA:43,10,0,128
BRDA:44,11,0,215
BRDA:45,12,0,62
BRDA:46,13,0,11
BRDA:50,14,0,271
BRDA:51,15,0,49
BRDA:51,16,0,222
BRDA:52,17,0,59
BRDA:52,18,0,163
BRDA:53,19,0,143
BRDA:53,20,0,20
BRDA:54,21,0,9
BRDA:54,22,0,11
BRDA:61,23,0,225
BRDA:63,24,0,14
BRDA:81,25,0,7
BRF:26
BRH:26
end_of_record
TN:
SF:src/components/popover/popover.tsx
FNF:0
FNH:0
DA:1,1
DA:2,1
DA:3,1
DA:5,1
DA:7,1
DA:9,1
DA:11,1
DA:14,1
DA:15,157
DA:16,157
DA:17,157
DA:18,157
DA:19,157
DA:20,157
DA:21,157
DA:22,157
DA:23,157
DA:24,157
DA:25,157
DA:26,157
DA:27,1
DA:28,1
LF:22
LH:22
BRDA:14,0,0,157
BRF:1
BRH:1
end_of_record
TN:
SF:src/components/progress/progress.tsx
FNF:0
FNH:0
DA:1,1
DA:2,1
DA:4,1
DA:6,1
DA:9,1
DA:10,349
DA:11,349
DA:12,349
DA:13,349
DA:14,349
DA:15,349
DA:16,349
DA:18,349
DA:19,349
DA:20,349
DA:21,349
DA:22,349
DA:23,349
DA:24,1
LF:19
LH:19
BRDA:9,0,0,349
BRDA:20,1,0,58
BRF:2
BRH:2
end_of_record
TN:
SF:src/components/radio-group/radio-group.tsx
FNF:0
FNH:0
DA:1,1
DA:2,1
DA:3,1
DA:4,1
DA:6,1
DA:9,1
DA:10,47
DA:11,47
DA:12,47
DA:13,47
DA:14,47
DA:15,47
DA:17,47
DA:18,1
DA:20,1
DA:23,1
DA:24,82
DA:25,82
DA:26,82
DA:27,82
DA:28,82
DA:29,82
DA:30,82
DA:31,82
DA:33,82
DA:34,82
DA:35,82
DA:36,82
DA:38,82
DA:39,1
LF:30
LH:30
BRDA:9,0,0,47
BRDA:23,1,0,82
BRF:2
BRH:2
end_of_record
TN:
SF:src/components/resizable/resizable.tsx
FN:12,ResizablePanelGroup
FN:39,ResizablePanel
FN:65,ResizableHandle
FN:73,onPointerDown
FNF:4
FNH:3
FNDA:11,ResizablePanelGroup
FNDA:14,ResizablePanel
FNDA:14,ResizableHandle
FNDA:0,onPointerDown
DA:3,1
DA:4,1
DA:6,1
DA:12,11
DA:13,11
DA:14,11
DA:15,11
DA:16,11
DA:17,11
DA:18,11
DA:19,11
DA:20,11
DA:21,11
DA:22,11
DA:23,11
DA:24,11
DA:25,11
DA:26,11
DA:27,11
DA:29,11
DA:30,11
DA:32,11
DA:39,14
DA:40,14
DA:41,14
DA:42,14
DA:43,14
DA:44,14
DA:45,14
DA:46,14
DA:47,14
DA:48,14
DA:49,14
DA:50,14
DA:51,14
DA:52,14
DA:53,14
DA:54,14
DA:55,14
DA:56,14
DA:58,14
DA:65,14
DA:66,14
DA:67,14
DA:68,14
DA:69,14
DA:70,14
DA:71,14
DA:73,14
DA:74,0
DA:75,0
DA:77,0
DA:78,0
DA:80,0
DA:81,0
DA:83,0
DA:84,0
DA:85,0
DA:88,0
DA:89,0
DA:90,0
DA:91,0
DA:93,0
DA:94,0
DA:95,0
DA:97,0
DA:99,0
DA:100,0
DA:101,0
DA:102,0
DA:103,0
DA:104,0
DA:105,0
DA:107,0
DA:108,0
DA:109,0
DA:110,0
DA:111,0
DA:113,0
DA:114,0
DA:116,0
DA:117,0
DA:118,0
DA:120,0
DA:121,0
DA:122,0
DA:123,0
DA:125,0
DA:126,0
DA:127,0
DA:129,14
DA:130,14
DA:131,14
DA:132,14
DA:133,14
DA:134,14
DA:135,14
DA:136,14
DA:137,14
DA:138,14
DA:139,14
DA:140,14
DA:141,11
DA:142,3
DA:143,14
DA:144,14
DA:145,14
DA:147,14
DA:148,2
DA:149,2
DA:150,2
DA:152,14
DA:154,14
LF:113
LH:72
BRDA:12,0,0,11
BRDA:24,1,0,3
BRDA:39,2,0,14
BRDA:51,3,0,8
BRDA:51,4,0,6
BRDA:52,5,0,1
BRDA:52,6,0,13
BRDA:65,7,0,14
BRDA:135,8,0,11
BRDA:135,9,0,3
BRDA:140,10,0,11
BRDA:141,11,0,3
BRDA:147,12,0,2
BRF:13
BRH:13
end_of_record
TN:
SF:src/components/scroll-area/scroll-area.tsx
FN:8,ScrollArea
FN:31,ScrollBar
FNF:2
FNH:2
FNDA:15,ScrollArea
FNDA:21,ScrollBar
DA:3,1
DA:6,1
DA:8,15
DA:9,15
DA:10,15
DA:11,15
DA:12,15
DA:13,15
DA:14,15
DA:15,15
DA:16,15
DA:17,15
DA:19,15
DA:20,15
DA:21,15
DA:23,15
DA:24,15
DA:25,15
DA:26,15
DA:27,15
DA:29,15
DA:31,21
DA:32,21
DA:33,21
DA:34,21
DA:35,21
DA:36,21
DA:37,21
DA:38,21
DA:39,21
DA:40,21
DA:41,21
DA:42,21
DA:43,21
DA:44,21
DA:45,21
DA:46,21
DA:48,21
DA:49,21
DA:50,21
DA:51,21
DA:52,21
DA:54,21
LF:43
LH:43
BRDA:8,0,0,15
BRDA:31,1,0,21
BRDA:42,2,0,19
BRDA:43,3,0,2
BRF:4
BRH:4
end_of_record
TN:
SF:src/components/select/select.tsx
FNF:0
FNH:0
DA:1,1
DA:2,1
DA:3,1
DA:4,1
DA:6,1
DA:8,1
DA:10,1
DA:12,1
DA:15,1
DA:16,55
DA:17,55
DA:18,55
DA:19,55
DA:20,55
DA:21,55
DA:22,55
DA:24,55
DA:25,55
DA:26,55
DA:27,55
DA:28,55
DA:29,55
DA:30,1
DA:32,1
DA:35,1
DA:36,99
DA:37,99
DA:38,99
DA:39,99
DA:41,99
DA:42,99
DA:43,99
DA:44,1
DA:46,1
DA:49,1
DA:50,99
DA:51,99
DA:52,99
DA:53,99
DA:55,99
DA:56,99
DA:57,99
DA:58,1
DA:60,1
DA:63,1
DA:64,55
DA:65,55
DA:66,55
DA:67,55
DA:68,55
DA:69,54
DA:70,55
DA:71,55
DA:72,55
DA:73,55
DA:75,55
DA:76,55
DA:77,55
DA:78,55
DA:79,55
DA:80,54
DA:81,55
DA:83,55
DA:84,55
DA:85,55
DA:86,55
DA:87,55
DA:88,1
DA:90,1
DA:93,1
DA:94,12
DA:95,12
DA:96,12
DA:97,12
DA:98,12
DA:99,12
DA:100,1
DA:102,1
DA:105,1
DA:106,327
DA:107,327
DA:108,327
DA:109,327
DA:110,327
DA:111,327
DA:112,327
DA:114,327
DA:115,327
DA:116,327
DA:117,327
DA:118,327
DA:119,327
DA:120,327
DA:121,327
DA:122,1
DA:124,1
DA:127,1
DA:128,6
DA:129,6
DA:130,6
DA:131,6
DA:132,6
DA:133,6
DA:134,1
LF:104
LH:104
BRDA:15,0,0,55
BRDA:35,1,0,99
BRDA:49,2,0,99
BRDA:63,3,0,55
BRDA:68,4,0,54
BRDA:79,5,0,54
BRDA:93,6,0,12
BRDA:105,7,0,327
BRDA:127,8,0,6
BRF:9
BRH:9
end_of_record
TN:
SF:src/components/separator/index.tsx
FNF:0
FNH:0
DA:1,1
LF:1
LH:1
BRF:0
BRH:0
end_of_record
TN:
SF:src/components/separator/separator.tsx
FNF:0
FNH:0
DA:3,1
DA:4,1
DA:6,1
DA:8,1
DA:11,1
DA:12,164
DA:13,164
DA:14,164
DA:15,164
DA:16,164
DA:17,164
DA:18,164
DA:19,164
DA:20,164
DA:21,164
DA:22,164
DA:23,164
DA:24,1
LF:18
LH:18
BRDA:11,0,0,164
BRDA:18,1,0,68
BRDA:18,2,0,96
BRF:3
BRH:3
end_of_record
TN:
SF:src/components/sheet/index.tsx
FNF:0
FNH:0
DA:1,1
LF:1
LH:1
BRF:0
BRH:0
end_of_record
TN:
SF:src/components/sheet/sheet.tsx
FN:9,Sheet
FN:13,SheetTrigger
FN:17,SheetClose
FN:21,SheetPortal
FN:25,SheetOverlay
FN:41,SheetContent
FN:78,SheetHeader
FN:88,SheetFooter
FN:98,SheetTitle
FN:111,SheetDescription
FNF:10
FNH:10
FNDA:56,Sheet
FNDA:56,SheetTrigger
FNDA:3,SheetClose
FNDA:56,SheetPortal
FNDA:111,SheetOverlay
FNDA:56,SheetContent
FNDA:3,SheetHeader
FNDA:3,SheetFooter
FNDA:50,SheetTitle
FNDA:48,SheetDescription
DA:3,1
DA:4,1
DA:7,1
DA:9,56
DA:10,56
DA:11,56
DA:13,56
DA:14,56
DA:15,56
DA:17,3
DA:18,3
DA:19,3
DA:21,56
DA:22,56
DA:23,56
DA:25,111
DA:26,111
DA:27,111
DA:28,111
DA:29,111
DA:30,111
DA:31,111
DA:32,111
DA:33,111
DA:34,111
DA:35,111
DA:36,111
DA:37,111
DA:39,111
DA:41,56
DA:42,56
DA:43,56
DA:44,56
DA:45,56
DA:46,56
DA:48,56
DA:49,56
DA:50,56
DA:51,56
DA:52,56
DA:53,56
DA:54,56
DA:55,56
DA:56,56
DA:57,53
DA:58,56
DA:59,1
DA:60,56
DA:61,1
DA:62,56
DA:63,1
DA:64,56
DA:65,56
DA:66,56
DA:68,56
DA:69,56
DA:70,56
DA:71,56
DA:72,56
DA:73,56
DA:74,56
DA:76,56
DA:78,3
DA:79,3
DA:80,3
DA:81,3
DA:82,3
DA:83,3
DA:84,3
DA:86,3
DA:88,3
DA:89,3
DA:90,3
DA:91,3
DA:92,3
DA:93,3
DA:94,3
DA:96,3
DA:98,50
DA:99,50
DA:100,50
DA:101,50
DA:102,50
DA:103,50
DA:104,50
DA:105,50
DA:106,50
DA:107,50
DA:109,50
DA:111,48
DA:112,48
DA:113,48
DA:114,48
DA:115,48
DA:116,48
DA:117,48
DA:118,48
DA:119,48
DA:120,48
DA:122,48
LF:100
LH:100
BRDA:9,0,0,56
BRDA:13,1,0,56
BRDA:17,2,0,3
BRDA:21,3,0,56
BRDA:25,4,0,111
BRDA:41,5,0,56
BRDA:56,6,0,53
BRDA:58,7,0,1
BRDA:60,8,0,1
BRDA:62,9,0,1
BRDA:78,10,0,3
BRDA:88,11,0,3
BRDA:98,12,0,50
BRDA:111,13,0,48
BRF:14
BRH:14
end_of_record
TN:
SF:src/components/skeleton/skeleton.tsx
[...]
DA:52,37
DA:53,67
DA:54,67
DA:55,67
DA:56,67
DA:57,67
DA:58,37
DA:59,37
DA:61,37
LF:53
LH:53
BRDA:8,0,0,37
BRDA:17,1,0,37
BRDA:18,2,0,8
BRDA:19,3,0,29
BRDA:20,4,0,11
BRDA:21,5,0,18
BRDA:52,6,0,67
BRF:7
BRH:7
end_of_record
TN:
SF:src/components/spinner/spinner.tsx
FN:55,Spinner
FNF:1
FNH:1
FNDA:43,Spinner
DA:1,1
DA:2,1
DA:3,1
DA:6,1
DA:7,1
DA:8,1
DA:9,1
DA:10,1
DA:11,1
DA:12,1
DA:13,1
DA:14,1
DA:15,1
DA:18,1
DA:20,1
DA:21,1
DA:22,1
DA:23,1
DA:24,1
DA:25,1
DA:26,1
DA:27,1
DA:28,1
DA:29,1
DA:30,1
DA:31,1
DA:32,1
DA:33,1
DA:34,1
DA:35,1
DA:36,1
DA:37,1
DA:38,1
DA:39,1
DA:40,1
DA:41,1
DA:42,1
DA:43,1
DA:44,1
DA:45,1
DA:46,1
DA:47,1
DA:48,1
DA:55,1
DA:56,43
DA:58,43
DA:59,43
DA:60,43
DA:61,43
DA:62,43
DA:64,43
LF:51
LH:51
BRDA:55,0,0,43
BRDA:61,1,0,11
BRF:2
BRH:2
end_of_record
TN:
SF:src/components/switch/switch.tsx
FNF:0
FNH:0
DA:1,1
DA:2,1
DA:3,1
DA:5,1
DA:8,1
DA:9,45
DA:10,45
DA:11,45
DA:12,45
DA:13,45
DA:14,45
DA:15,45
DA:17,45
DA:18,45
DA:19,45
DA:20,45
DA:21,45
DA:22,45
DA:23,45
DA:24,1
LF:20
LH:20
BRDA:8,0,0,45
BRF:1
BRH:1
end_of_record
TN:
SF:src/components/table/table.tsx
FNF:0
FNH:0
DA:1,1
DA:2,1
DA:4,1
DA:5,1
DA:6,112
DA:7,112
DA:8,112
DA:9,112
DA:10,112
DA:11,112
DA:12,112
DA:14,1
DA:15,1
DA:17,1
DA:20,1
DA:21,81
DA:22,1
DA:23,1
DA:25,1
DA:28,1
DA:29,100
DA:30,1
DA:31,1
DA:33,1
DA:36,1
DA:37,4
DA:38,4
DA:39,4
DA:40,4
DA:41,4
DA:42,4
DA:43,1
DA:45,1
DA:48,1
DA:49,545
DA:50,545
DA:51,545
DA:52,545
DA:53,545
DA:54,545
DA:55,545
DA:56,545
DA:57,545
DA:58,1
DA:60,1
DA:63,1
DA:64,293
DA:65,293
DA:66,293
DA:67,293
DA:68,293
DA:69,293
DA:70,293
DA:71,293
DA:72,293
DA:73,1
DA:75,1
DA:78,1
DA:79,1558
DA:80,1558
DA:81,1558
DA:82,1558
DA:83,1558
DA:84,1558
DA:85,1558
DA:86,1558
DA:87,1558
DA:88,1
DA:90,1
DA:93,1
DA:94,5
DA:95,5
DA:96,5
DA:97,5
DA:98,5
DA:99,5
DA:100,1
LF:77
LH:77
BRDA:5,0,0,112
BRDA:20,1,0,81
BRDA:28,2,0,100
BRDA:36,3,0,4
BRDA:48,4,0,545
BRDA:63,5,0,293
BRDA:78,6,0,1558
BRDA:93,7,0,5
BRF:8
BRH:8
end_of_record
TN:
SF:src/components/tabs/tabs.tsx
FN:45,Tabs
FN:79,TabsContent
FNF:2
FNH:2
FNDA:38,Tabs
FNDA:47,TabsContent
DA:2,1
DA:3,1
DA:4,1
DA:5,1
DA:7,1
DA:8,1
DA:9,1
DA:10,1
DA:11,1
DA:12,1
DA:13,1
DA:14,1
DA:15,1
DA:16,1
DA:17,1
DA:18,1
DA:19,1
DA:20,1
DA:21,1
DA:22,1
DA:24,1
DA:25,1
DA:26,1
DA:27,1
DA:28,1
DA:29,1
DA:30,1
DA:31,1
DA:32,1
DA:33,1
DA:34,1
DA:35,1
DA:36,1
DA:37,1
DA:38,1
DA:39,1
DA:45,38
DA:46,38
DA:47,38
DA:48,38
DA:49,38
DA:50,38
DA:51,38
DA:53,38
DA:55,1
DA:58,1
DA:59,38
DA:60,38
DA:61,38
DA:62,38
DA:63,38
DA:64,38
DA:65,38
DA:67,1
DA:70,1
DA:71,72
DA:72,72
DA:73,72
DA:74,72
DA:75,72
DA:76,72
DA:77,72
DA:79,47
DA:80,47
DA:81,47
DA:82,47
DA:83,47
DA:84,47
DA:85,47
DA:86,47
DA:87,47
DA:88,47
DA:90,47
LF:73
LH:73
BRDA:45,0,0,38
BRDA:58,1,0,38
BRDA:70,2,0,72
BRDA:79,3,0,47
BRF:4
BRH:4
end_of_record
TN:
SF:src/components/tag-input/tag-input.tsx
FN:24,TagInput
FN:54,addTag
FN:63,removeTag
FN:68,handleKeyDown
FN:77,handleInputChange
FN:92,handleContainerClick
FN:113,onClick
FNF:7
FNH:7
FNDA:321,TagInput
FNDA:22,addTag
FNDA:3,removeTag
FNDA:273,handleKeyDown
FNDA:251,handleInputChange
FNDA:27,handleContainerClick
FNDA:2,onClick
DA:3,1
DA:4,1
DA:5,1
DA:24,1
DA:25,321
DA:26,321
DA:27,321
DA:28,321
DA:29,321
DA:30,321
DA:31,321
DA:32,321
DA:33,321
DA:34,321
DA:36,321
DA:37,57
DA:38,5
DA:40,5
DA:41,2
DA:42,5
DA:43,3
DA:44,3
DA:46,5
DA:47,5
DA:48,5
DA:49,5
DA:50,321
DA:52,321
DA:54,321
DA:55,22
DA:56,22
DA:57,20
DA:58,20
DA:59,20
DA:60,22
DA:61,22
DA:63,321
DA:64,3
DA:65,3
DA:66,3
DA:68,321
DA:69,273
DA:70,21
DA:71,21
DA:72,273
DA:73,1
DA:74,1
DA:75,273
DA:77,321
DA:78,251
DA:80,251
DA:81,1
DA:82,1
DA:83,1
DA:85,1
DA:86,1
DA:87,251
DA:88,250
DA:89,250
DA:90,251
DA:92,321
DA:93,27
DA:94,1
DA:95,1
DA:96,27
DA:98,321
DA:99,321
DA:100,321
DA:101,321
DA:102,321
DA:104,321
DA:105,321
DA:106,107
DA:107,107
DA:108,107
DA:110,107
DA:111,107
DA:112,107
DA:113,107
DA:114,107
DA:115,107
DA:117,107
DA:118,107
DA:119,107
DA:120,321
DA:122,321
DA:123,321
DA:124,321
DA:125,321
DA:126,321
DA:127,321
DA:128,321
DA:129,321
DA:130,321
DA:131,321
DA:132,321
DA:134,321
DA:135,321
DA:137,321
LF:99
LH:99
BRDA:24,0,0,321
BRDA:128,1,0,244
BRDA:128,2,0,77
BRDA:134,3,0,2
BRDA:36,4,0,57
BRDA:37,5,0,6
BRDA:37,6,0,5
BRDA:40,7,0,2
BRDA:42,8,0,3
BRDA:41,9,0,3
BRDA:43,10,0,11
BRDA:54,11,0,22
BRDA:56,12,0,21
BRDA:56,13,0,20
BRDA:58,14,0,19
BRDA:63,15,0,3
BRDA:64,16,0,7
BRDA:68,17,0,273
BRDA:69,18,0,258
BRDA:69,19,0,21
BRDA:72,20,0,252
BRDA:72,21,0,3
BRDA:72,22,0,2
BRDA:72,23,0,1
BRDA:77,24,0,251
BRDA:80,25,0,1
BRDA:87,26,0,250
BRDA:92,27,0,27
BRDA:93,28,0,1
BRDA:105,29,0,107
BRDA:113,30,0,2
BRF:31
BRH:31
end_of_record
TN:
SF:src/components/textarea/textarea.tsx
FNF:0
FNH:0
DA:1,1
DA:2,1
DA:4,1
DA:5,1
DA:6,69
DA:7,69
DA:8,69
DA:9,69
DA:10,69
DA:11,69
DA:12,69
DA:13,69
DA:14,69
DA:16,69
DA:17,1
DA:18,1
LF:16
LH:16
BRDA:5,0,0,69
BRF:1
BRH:1
end_of_record
TN:
SF:src/components/toaster/toast.tsx
FN:6,ToastCloseButton
FN:14,success
FN:17,onClick
FN:21,error
FN:24,onClick
FN:28,warning
FN:31,onClick
FN:35,info
FN:38,onClick
FNF:9
FNH:4
FNDA:0,ToastCloseButton
FNDA:21,success
FNDA:0,onClick
FNDA:4,error
FNDA:0,onClick
FNDA:4,warning
FNDA:0,onClick
FNDA:3,info
FNDA:0,onClick
DA:1,1
DA:3,1
DA:4,1
DA:6,1
DA:7,0
DA:8,0
DA:9,0
DA:12,1
DA:13,1
DA:14,1
DA:15,21
DA:16,21
DA:17,21
DA:18,21
DA:19,21
DA:20,21
DA:21,1
DA:22,4
DA:23,4
DA:24,4
DA:25,4
DA:26,4
DA:27,4
DA:28,1
DA:29,4
DA:30,4
DA:31,4
DA:32,4
DA:33,4
DA:34,4
DA:35,1
DA:36,3
DA:37,3
DA:38,3
DA:39,3
DA:40,3
DA:41,3
DA:42,1
LF:38
LH:35
BRDA:14,0,0,21
BRDA:21,1,0,4
BRDA:28,2,0,4
BRDA:35,3,0,3
BRF:4
BRH:4
end_of_record
TN:
SF:src/components/toaster/toaster.tsx
FN:10,Toaster
FNF:1
FNH:1
FNDA:37,Toaster
DA:1,1
DA:10,1
DA:11,37
DA:12,37
DA:13,37
DA:14,37
DA:15,37
DA:16,37
DA:17,37
DA:18,37
DA:19,37
DA:20,37
DA:21,37
DA:22,37
DA:23,37
DA:24,37
DA:25,37
DA:26,37
DA:27,37
DA:29,37
LF:20
LH:20
BRDA:10,0,0,37
BRF:1
BRH:1
end_of_record
TN:
SF:src/components/toggle/toggle.tsx
FNF:0
FNH:0
DA:1,1
DA:2,1
DA:3,1
DA:4,1
DA:6,1
DA:7,1
DA:8,1
DA:9,1
DA:10,1
DA:11,1
DA:12,1
DA:13,1
DA:14,1
DA:15,1
DA:16,1
DA:17,1
DA:18,1
DA:19,1
DA:20,1
DA:21,1
DA:22,1
DA:23,1
DA:24,1
DA:25,1
DA:26,1
DA:28,1
DA:32,1
DA:33,52
DA:34,52
DA:35,52
DA:36,52
DA:37,52
DA:38,52
DA:40,1
LF:34
LH:34
BRDA:32,0,0,52
BRF:1
BRH:1
end_of_record
TN:
SF:src/components/toggle-group/toggle-group.tsx
FNF:0
FNH:0
DA:3,1
DA:4,1
DA:6,1
DA:7,1
DA:9,1
DA:10,1
DA:11,1
DA:12,1
DA:14,1
DA:18,1
DA:19,25
DA:20,25
DA:21,25
DA:22,25
DA:24,25
DA:25,25
DA:26,25
DA:27,25
DA:28,25
DA:30,1
DA:32,1
DA:36,1
DA:37,32
DA:39,32
DA:40,32
DA:41,32
DA:42,32
DA:43,32
DA:44,32
DA:45,32
DA:46,32
DA:47,32
DA:48,32
DA:49,32
DA:51,32
DA:52,32
DA:54,32
DA:56,1
LF:38
LH:38
BRDA:18,0,0,25
BRDA:36,1,0,32
BRDA:44,2,0,26
BRDA:45,3,0,28
BRF:4
BRH:4
end_of_record
TN:
SF:src/components/tooltip/tooltip.tsx
FN:8,TooltipProvider
FN:21,Tooltip
FN:29,TooltipTrigger
FN:35,TooltipContent
FNF:4
FNH:4
FNDA:63,TooltipProvider
FNDA:56,Tooltip
FNDA:51,TooltipTrigger
FNDA:47,TooltipContent
DA:3,1
DA:6,1
DA:8,63
DA:9,63
DA:10,63
DA:11,63
DA:12,63
DA:13,63
DA:14,63
DA:15,63
DA:16,63
DA:17,63
DA:19,63
DA:21,56
DA:22,56
DA:23,56
DA:24,56
DA:25,56
DA:27,56
DA:29,51
DA:30,51
DA:31,51
DA:32,51
DA:33,51
DA:35,47
DA:36,47
DA:37,47
DA:38,47
DA:39,47
DA:40,47
DA:41,47
DA:42,47
DA:43,47
DA:44,47
DA:45,47
DA:46,47
DA:47,47
DA:48,47
DA:49,47
DA:50,47
DA:52,47
DA:53,47
DA:54,47
DA:55,47
DA:57,47
LF:45
LH:45
BRDA:8,0,0,63
BRDA:21,1,0,56
BRDA:29,2,0,51
BRDA:35,3,0,47
BRF:4
BRH:4
end_of_record
TN:
SF:src/components/typography/typography.tsx
FN:5,TypographyH1
FN:15,TypographyH2
FN:28,TypographyH3
FN:38,TypographyH4
FN:48,TypographyP
FN:58,TypographyLead
FN:68,TypographyLarge
FN:78,TypographySmall
FN:88,TypographyMuted
FN:98,TypographyBlockquote
FN:108,TypographyCode
FN:121,TypographyList
FNF:12
FNH:12
FNDA:6,TypographyH1
FNDA:5,TypographyH2
FNDA:3,TypographyH3
FNDA:3,TypographyH4
FNDA:6,TypographyP
FNDA:3,TypographyLead
FNDA:2,TypographyLarge
FNDA:2,TypographySmall
FNDA:2,TypographyMuted
FNDA:3,TypographyBlockquote
FNDA:6,TypographyCode
FNDA:4,TypographyList
DA:3,1
DA:5,6
DA:6,6
DA:7,6
DA:8,6
DA:9,6
DA:10,6
DA:11,6
DA:13,6
DA:15,5
DA:16,5
DA:17,5
DA:18,5
DA:19,5
DA:20,5
DA:21,5
DA:22,5
DA:23,5
DA:24,5
DA:26,5
DA:28,3
DA:29,3
DA:30,3
DA:31,3
DA:32,3
DA:33,3
DA:34,3
DA:36,3
DA:38,3
DA:39,3
DA:40,3
DA:41,3
DA:42,3
DA:43,3
DA:44,3
DA:46,3
DA:48,6
DA:49,6
DA:50,6
DA:51,6
DA:52,6
DA:53,6
DA:54,6
DA:56,6
DA:58,3
DA:59,3
DA:60,3
DA:61,3
DA:62,3
DA:63,3
DA:64,3
DA:66,3
DA:68,2
DA:69,2
DA:70,2
DA:71,2
DA:72,2
DA:73,2
DA:74,2
DA:76,2
DA:78,2
DA:79,2
DA:80,2
DA:81,2
DA:82,2
DA:83,2
DA:84,2
DA:86,2
DA:88,2
DA:89,2
DA:90,2
DA:91,2
DA:92,2
DA:93,2
DA:94,2
DA:96,2
DA:98,3
DA:99,3
DA:100,3
DA:101,3
DA:102,3
DA:103,3
DA:104,3
DA:106,3
DA:108,6
DA:109,6
DA:110,6
DA:111,6
DA:112,6
DA:113,6
DA:114,6
DA:115,6
DA:116,6
DA:117,6
DA:119,6
DA:121,4
DA:122,4
DA:123,4
DA:124,4
DA:125,4
DA:126,4
DA:127,4
DA:129,4
LF:103
LH:103
BRDA:5,0,0,6
BRDA:15,1,0,5
BRDA:28,2,0,3
BRDA:38,3,0,3
BRDA:48,4,0,6
BRDA:58,5,0,3
BRDA:68,6,0,2
BRDA:78,7,0,2
BRDA:88,8,0,2
BRDA:98,9,0,3
BRDA:108,10,0,6
BRDA:121,11,0,4
BRF:12
BRH:12
end_of_record
TN:
SF:src/lib/hooks/use-array.ts
FN:3,useArray
FN:6,addItem
FN:10,removeItem
FN:16,removeItemsByField
FNF:4
FNH:4
FNDA:17,useArray
FNDA:9,addItem
FNDA:2,removeItem
FNDA:1,removeItemsByField
DA:1,1
DA:3,1
DA:4,17
DA:6,17
DA:7,9
DA:8,9
DA:10,17
DA:11,2
DA:12,2
DA:13,2
DA:14,2
DA:16,17
DA:17,1
DA:18,1
DA:19,1
DA:20,1
DA:22,17
DA:23,17
LF:18
LH:18
BRDA:3,0,0,17
BRDA:6,1,0,9
BRDA:10,2,0,2
BRDA:16,3,0,1
BRDA:18,4,0,2
BRF:5
BRH:5
end_of_record
TN:
SF:src/lib/hooks/use-copy-to-clipboard.ts
FN:6,useCopyToClipboard
FNF:1
FNH:0
FNDA:0,useCopyToClipboard
DA:1,1
DA:6,1
DA:7,0
DA:9,0
DA:10,0
DA:11,0
DA:12,0
DA:13,0
DA:16,0
DA:17,0
DA:18,0
DA:19,0
DA:20,0
DA:21,0
DA:22,0
DA:23,0
DA:24,0
DA:25,0
DA:27,0
DA:28,0
LF:20
LH:2
BRF:0
BRH:0
end_of_record
TN:
SF:src/lib/hooks/use-debounce.ts
FN:4,useDebounce
FNF:1
FNH:1
FNDA:109,useDebounce
DA:1,1
DA:4,1
DA:6,109
DA:7,109
DA:8,109
DA:10,60
DA:11,8
DA:12,60
DA:16,60
DA:17,60
DA:18,60
DA:19,60
DA:20,109
DA:21,109
DA:22,109
DA:23,109
LF:16
LH:16
BRDA:4,0,0,109
BRDA:8,1,0,60
BRDA:10,2,0,8
BRDA:16,3,0,60
BRF:4
BRH:4
end_of_record
TN:
SF:src/lib/hooks/use-dialog.tsx
FN:73,DialogProvider
FN:254,useDialog
FNF:2
FNH:0
FNDA:0,DialogProvider
FNDA:0,useDialog
DA:3,1
DA:11,1
DA:12,1
DA:13,1
DA:55,1
DA:57,1
DA:58,1
DA:59,1
DA:60,1
DA:61,1
DA:62,1
DA:64,1
DA:65,1
DA:66,1
DA:67,1
DA:68,1
DA:69,1
DA:70,1
DA:71,1
DA:73,1
DA:74,0
DA:77,0
DA:78,0
DA:79,0
DA:80,0
DA:82,0
DA:83,0
DA:84,0
DA:86,0
DA:87,0
DA:88,0
DA:90,0
DA:91,0
DA:92,0
DA:93,0
DA:94,0
DA:95,0
DA:97,0
DA:98,0
DA:99,0
DA:100,0
DA:101,0
DA:102,0
DA:104,0
DA:105,0
DA:106,0
DA:107,0
DA:108,0
DA:109,0
DA:111,0
DA:112,0
DA:113,0
DA:114,0
DA:115,0
DA:116,0
DA:118,0
DA:119,0
DA:120,0
DA:121,0
DA:122,0
DA:123,0
DA:125,0
DA:126,0
DA:127,0
DA:128,0
DA:129,0
DA:130,0
DA:132,0
DA:133,0
DA:134,0
DA:135,0
DA:136,0
DA:137,0
DA:139,0
DA:140,0
DA:141,0
DA:143,0
DA:144,0
DA:145,0
DA:146,0
DA:147,0
DA:148,0
DA:149,0
DA:150,0
DA:152,0
DA:154,0
DA:155,0
DA:156,0
DA:157,0
DA:158,0
DA:159,0
DA:160,0
DA:161,0
DA:162,0
DA:163,0
DA:164,0
DA:165,0
DA:166,0
DA:168,0
DA:170,0
DA:171,0
DA:172,0
DA:173,0
DA:174,0
DA:175,0
DA:176,0
DA:177,0
DA:178,0
DA:179,0
DA:180,0
DA:181,0
DA:182,0
DA:183,0
DA:184,0
DA:186,0
DA:187,0
DA:188,0
DA:189,0
DA:190,0
DA:191,0
DA:192,0
DA:193,0
DA:194,0
DA:195,0
DA:196,0
DA:197,0
DA:198,0
DA:200,0
DA:201,0
DA:202,0
DA:203,0
DA:205,0
DA:206,0
DA:207,0
DA:208,0
DA:209,0
DA:210,0
DA:211,0
DA:212,0
DA:213,0
DA:214,0
DA:215,0
DA:216,0
DA:218,0
DA:220,0
DA:221,0
DA:222,0
DA:223,0
DA:224,0
DA:225,0
DA:226,0
DA:227,0
DA:228,0
DA:229,0
DA:230,0
DA:231,0
DA:233,0
DA:234,0
DA:235,0
DA:236,0
DA:237,0
DA:238,0
DA:239,0
DA:240,0
DA:241,0
DA:243,0
DA:244,0
DA:246,0
DA:248,0
DA:249,0
DA:250,0
DA:252,0
DA:254,1
DA:255,0
DA:256,0
DA:257,0
DA:258,0
DA:259,0
DA:260,0
LF:179
LH:21
BRF:0
BRH:0
end_of_record
TN:
SF:src/lib/hooks/use-disclosure-bool.ts
FN:3,useDisclosureBool
FNF:1
FNH:0
FNDA:0,useDisclosureBool
DA:1,1
DA:3,1
DA:4,0
DA:6,0
DA:7,0
DA:9,0
DA:10,0
LF:7
LH:2
BRF:0
BRH:0
end_of_record
TN:
SF:src/lib/hooks/use-disclosure.ts
FN:3,useDisclosure
FNF:1
FNH:0
FNDA:0,useDisclosure
DA:1,1
DA:3,1
DA:4,0
DA:6,0
DA:7,0
DA:8,0
DA:10,0
DA:11,0
LF:8
LH:2
BRF:0
BRH:0
end_of_record
TN:
SF:src/lib/hooks/use-file-utilities.ts
FN:3,useFileUtilities
FNF:1
FNH:0
FNDA:0,useFileUtilities
DA:1,1
DA:3,1
DA:4,0
DA:5,0
DA:6,0
DA:7,0
DA:9,0
DA:11,0
DA:12,0
DA:13,0
DA:14,0
DA:15,0
DA:16,0
DA:17,0
DA:18,0
DA:19,0
DA:20,0
DA:21,0
DA:22,0
DA:24,0
DA:25,0
DA:26,0
DA:27,0
DA:28,0
DA:29,0
DA:30,0
DA:31,0
DA:32,0
DA:33,0
DA:35,0
DA:36,0
LF:31
LH:2
BRF:0
BRH:0
end_of_record
TN:
SF:src/lib/hooks/use-key-press.ts
FN:3,useKeyPress
FN:9,downHandler
FN:15,upHandler
FNF:3
FNH:3
FNDA:13,useKeyPress
FNDA:6,downHandler
FNDA:1,upHandler
DA:1,1
DA:3,1
DA:4,13
DA:5,13
DA:6,13
DA:7,13
DA:9,13
DA:10,6
DA:11,4
DA:12,4
DA:13,6
DA:15,13
DA:16,1
DA:17,1
DA:18,1
DA:19,1
DA:21,13
DA:22,13
DA:23,13
DA:25,13
DA:26,13
DA:27,13
DA:28,13
DA:29,13
DA:31,13
DA:32,13
DA:34,13
DA:36,13
DA:37,13
LF:29
LH:29
BRDA:3,0,0,13
BRDA:9,1,0,6
BRDA:10,2,0,4
BRDA:15,3,0,1
BRDA:21,4,0,13
BRDA:25,5,0,13
BRDA:31,6,0,13
BRDA:32,7,0,4
BRDA:32,8,0,1
BRF:9
BRH:9
end_of_record
TN:
SF:src/lib/hooks/use-local-storage.ts
FN:4,useLocalStorage
FNF:1
FNH:0
FNDA:0,useLocalStorage
DA:1,1
DA:4,1
DA:7,0
DA:8,0
DA:10,0
DA:12,0
DA:13,0
DA:15,0
DA:16,0
DA:17,0
DA:18,0
DA:21,0
DA:22,0
DA:24,0
DA:26,0
DA:28,0
DA:29,0
DA:31,0
DA:32,0
DA:33,0
DA:34,0
DA:35,0
DA:36,0
DA:37,0
DA:38,0
DA:39,0
DA:40,0
DA:41,0
DA:42,0
DA:43,0
LF:30
LH:2
BRF:0
BRH:0
end_of_record
TN:
SF:src/lib/hooks/use-media-query.ts
FN:3,useMediaQuery
FNF:1
FNH:0
FNDA:0,useMediaQuery
DA:1,1
DA:3,1
DA:4,0
DA:6,0
DA:7,0
DA:8,0
DA:9,0
DA:10,0
DA:11,0
DA:12,0
DA:13,0
DA:14,0
DA:16,0
DA:17,0
LF:14
LH:2
BRF:0
BRH:0
end_of_record
TN:
SF:src/lib/hooks/use-mobile.tsx
FN:5,useIsMobile
FNF:1
FNH:0
FNDA:0,useIsMobile
DA:1,1
DA:3,1
DA:5,1
DA:6,0
DA:8,0
DA:9,0
DA:10,0
DA:11,0
DA:12,0
DA:13,0
DA:14,0
DA:15,0
DA:16,0
DA:18,0
DA:19,0
LF:15
LH:3
BRF:0
BRH:0
end_of_record
TN:
SF:src/lib/hooks/use-pwa-install.ts
FN:10,usePWAInstall
FNF:1
FNH:0
FNDA:0,usePWAInstall
DA:2,1
DA:10,1
DA:11,0
DA:12,0
DA:14,0
DA:16,0
DA:17,0
DA:18,0
DA:19,0
DA:20,0
DA:21,0
DA:23,0
DA:24,0
DA:25,0
DA:26,0
DA:27,0
DA:30,0
DA:31,0
DA:32,0
DA:35,0
DA:36,0
DA:37,0
DA:38,0
DA:40,0
DA:41,0
DA:42,0
DA:43,0
DA:44,0
DA:45,0
DA:46,0
DA:47,0
DA:48,0
DA:50,0
DA:51,0
DA:52,0
DA:53,0
DA:54,0
DA:55,0
LF:38
LH:2
BRF:0
BRH:0
end_of_record
TN:
SF:src/lib/hooks/use-sanitized-html.tsx
FN:76,useSanitizedHtml
FNF:1
FNH:0
FNDA:0,useSanitizedHtml
DA:1,1
DA:15,1
DA:16,1
DA:17,1
DA:18,1
DA:19,1
DA:20,1
DA:21,1
DA:22,1
DA:23,1
DA:24,1
DA:25,1
DA:26,1
DA:27,1
DA:28,1
DA:29,1
DA:30,1
DA:31,1
DA:32,1
DA:33,1
DA:34,1
DA:35,1
DA:36,1
DA:37,1
DA:38,1
DA:39,1
DA:40,1
DA:41,1
DA:42,1
DA:43,1
DA:44,1
DA:45,1
DA:46,1
DA:47,1
DA:48,1
DA:49,1
DA:50,1
DA:51,1
DA:52,1
DA:53,1
DA:54,1
DA:55,1
DA:56,1
DA:57,1
DA:58,1
DA:59,1
DA:60,1
DA:61,1
DA:76,1
DA:77,0
DA:78,0
DA:79,0
DA:80,0
DA:82,0
DA:83,0
DA:86,0
DA:89,0
DA:90,0
DA:93,0
DA:94,0
DA:95,0
DA:96,0
DA:97,0
DA:98,0
DA:99,0
DA:100,0
DA:101,0
DA:102,0
DA:103,0
DA:107,0
DA:108,0
DA:109,0
DA:114,1
DA:118,1
DA:119,1
DA:120,1
DA:121,1
DA:126,1
DA:127,1
DA:128,1
DA:129,1
DA:130,1
DA:131,1
DA:132,1
DA:133,1
DA:134,1
DA:135,1
DA:136,1
DA:137,1
DA:138,1
DA:139,1
DA:140,1
DA:141,1
DA:142,1
DA:143,1
DA:144,1
DA:145,1
DA:146,1
DA:147,1
DA:152,1
DA:153,1
DA:154,1
DA:155,1
DA:156,1
DA:157,1
DA:158,1
DA:159,1
DA:160,1
DA:161,1
DA:162,1
DA:163,1
DA:164,1
DA:165,1
DA:166,1
DA:167,1
DA:168,1
DA:169,1
DA:170,1
DA:171,1
DA:172,1
DA:173,1
DA:174,1
DA:175,1
DA:176,1
DA:177,1
DA:178,1
DA:179,1
DA:180,1
DA:181,1
DA:182,1
DA:183,1
DA:184,1
DA:185,1
DA:186,1
DA:187,1
DA:188,1
DA:189,1
DA:190,1
DA:191,1
DA:192,1
DA:193,1
DA:194,1
DA:199,1
DA:200,1
DA:201,1
DA:202,1
DA:203,1
DA:204,1
LF:148
LH:125
BRF:0
BRH:0
end_of_record
TN:
SF:src/lib/types/ts-utilities.ts
FN:1,(empty-report)
FNF:1
FNH:1
FNDA:1,(empty-report)
LF:0
LH:0
BRDA:1,0,0,1
BRF:1
BRH:1
end_of_record
TN:
SF:src/lib/utils/cn.ts
FN:4,cn
FNF:1
FNH:1
FNDA:14381,cn
DA:1,1
DA:2,1
DA:4,1
DA:5,14381
DA:6,14381
LF:5
LH:5
BRDA:4,0,0,14381
BRF:1
BRH:1
end_of_record
TN:
SF:src/lib/utils/date-formatters.ts
FN:4,formatDateUTC
FN:18,formatDateMonthYear
FN:24,formatDateDayMonth
FN:30,formatDateAndTime
FN:39,getMonthName
FN:44,getLongDate
FN:47,formatDateAndWeekday
FN:54,formatDateAndWeekdayAndYear
FN:65,formatDateAndMonth
FN:71,formatLongDate
FN:76,formatShortDate
FN:79,getMonthYearFromISODate
FN:83,formatWeekDayAndShortDate
FNF:13
FNH:0
FNDA:0,formatDateUTC
FNDA:0,formatDateMonthYear
FNDA:0,formatDateDayMonth
FNDA:0,formatDateAndTime
FNDA:0,getMonthName
FNDA:0,getLongDate
FNDA:0,formatDateAndWeekday
FNDA:0,formatDateAndWeekdayAndYear
FNDA:0,formatDateAndMonth
FNDA:0,formatLongDate
FNDA:0,formatShortDate
FNDA:0,getMonthYearFromISODate
FNDA:0,formatWeekDayAndShortDate
DA:1,1
DA:2,1
DA:4,1
DA:5,0
DA:6,0
DA:7,0
DA:8,0
DA:9,0
DA:11,0
DA:12,0
DA:13,0
DA:14,0
DA:15,0
DA:16,0
DA:18,1
DA:19,0
DA:20,0
DA:21,0
DA:22,0
DA:24,1
DA:25,0
DA:26,0
DA:27,0
DA:28,0
DA:30,1
DA:31,0
DA:32,0
DA:33,0
DA:34,0
DA:35,0
DA:36,0
DA:37,0
DA:39,1
DA:40,0
DA:41,0
DA:42,0
DA:44,1
DA:45,0
DA:47,1
DA:48,0
DA:49,0
DA:50,0
DA:51,0
DA:52,0
DA:54,1
DA:55,0
DA:56,0
DA:58,0
DA:59,0
DA:60,0
DA:61,0
DA:62,0
DA:63,0
DA:65,1
DA:66,0
DA:67,0
DA:68,0
DA:69,0
DA:71,1
DA:72,0
DA:73,0
DA:74,0
DA:76,1
DA:77,0
DA:79,1
DA:80,0
DA:81,0
DA:83,1
DA:84,0
DA:85,0
DA:86,0
DA:87,0
DA:88,0
DA:89,0
LF:74
LH:15
BRF:0
BRH:0
end_of_record
TN:
SF:src/lib/utils/formatters.ts
FN:1,formatCurrency
FN:13,padString
FNF:2
FNH:2
FNDA:6,formatCurrency
FNDA:6,padString
DA:1,1
DA:2,6
DA:3,6
DA:4,6
DA:5,6
DA:6,6
DA:7,6
DA:8,6
DA:9,6
DA:10,6
DA:11,6
DA:13,1
DA:14,6
DA:15,6
DA:16,6
DA:17,6
LF:16
LH:16
BRDA:1,0,0,6
BRDA:13,1,0,6
BRDA:15,2,0,7
BRF:3
BRH:3
end_of_record
TN:
SF:src/lib/utils/merge-objects.ts
FN:9,mergeObjects
FNF:1
FNH:1
FNDA:16,mergeObjects
DA:9,1
DA:10,16
DA:11,16
DA:12,16
DA:13,16
DA:15,16
DA:16,12
DA:17,12
DA:18,12
DA:19,7
DA:20,6
DA:21,5
DA:22,4
DA:23,3
DA:24,12
DA:26,3
DA:27,12
DA:29,9
DA:30,9
DA:31,12
DA:32,12
DA:34,16
DA:35,16
LF:23
LH:23
BRDA:9,0,0,16
BRDA:15,1,0,12
BRDA:18,2,0,7
BRDA:19,3,0,6
BRDA:20,4,0,5
BRDA:21,5,0,4
BRDA:22,6,0,3
BRDA:24,7,0,3
BRDA:27,8,0,9
BRF:9
BRH:9
end_of_record
TN:
SF:src/lib/utils/string.ts
FN:1,normalizeString
FN:9,normalizeStringToCompare
FN:18,containSearchStrings
FN:22,sortNormalize
FN:32,sortByName
FN:42,sortByField
FN:52,sortByFieldDesc
FN:62,sortByNestedField
FN:78,capitalize
FN:82,replaceTemplateWithVariables
FNF:10
FNH:10
FNDA:46,normalizeString
FNDA:593,normalizeStringToCompare
FNDA:295,containSearchStrings
FNDA:4,sortNormalize
FNDA:5,sortByName
FNDA:3,sortByField
FNDA:3,sortByFieldDesc
FNDA:3,sortByNestedField
FNDA:4,capitalize
FNDA:89,replaceTemplateWithVariables
DA:1,1
DA:2,46
DA:3,43
DA:4,43
DA:5,43
DA:6,43
DA:7,3
DA:9,1
DA:10,593
DA:11,438
DA:12,438
DA:13,438
DA:14,438
DA:15,438
DA:16,155
DA:18,1
DA:19,295
DA:20,295
DA:22,1
DA:23,4
DA:24,1
DA:25,1
DA:26,4
DA:27,1
DA:28,1
DA:29,2
DA:30,2
DA:32,1
DA:33,5
DA:34,2
DA:35,2
DA:36,5
DA:37,2
DA:38,2
DA:39,1
DA:40,1
DA:42,1
DA:43,3
DA:44,1
DA:45,1
DA:46,3
DA:47,1
DA:48,1
DA:49,1
DA:50,1
DA:52,1
DA:53,3
DA:54,1
DA:55,1
DA:56,3
DA:57,1
DA:58,1
DA:59,1
DA:60,1
DA:62,1
DA:63,3
DA:64,3
DA:65,3
DA:66,3
DA:67,3
DA:68,3
DA:69,1
DA:70,1
DA:71,3
DA:72,1
DA:73,1
DA:74,1
DA:75,1
DA:78,1
DA:79,4
DA:80,4
DA:82,1
DA:83,89
DA:84,89
DA:85,89
DA:86,89
DA:87,257
DA:88,89
DA:89,89
LF:79
LH:79
BRDA:1,0,0,46
BRDA:2,1,0,43
BRDA:6,2,0,3
BRDA:9,3,0,593
BRDA:10,4,0,438
BRDA:15,5,0,155
BRDA:18,6,0,295
BRDA:22,7,0,4
BRDA:23,8,0,1
BRDA:25,9,0,3
BRDA:26,10,0,1
BRDA:28,11,0,2
BRDA:32,12,0,5
BRDA:33,13,0,2
BRDA:35,14,0,3
BRDA:36,15,0,2
BRDA:38,16,0,1
BRDA:42,17,0,3
BRDA:43,18,0,1
BRDA:45,19,0,2
BRDA:46,20,0,1
BRDA:52,21,0,3
BRDA:53,22,0,1
BRDA:55,23,0,2
BRDA:56,24,0,1
BRDA:62,25,0,3
BRDA:68,26,0,1
BRDA:70,27,0,2
BRDA:71,28,0,1
BRDA:78,29,0,4
BRDA:82,30,0,89
BRDA:86,31,0,257
BRDA:87,32,0,256
BRDA:87,33,0,1
BRF:34
BRH:34
end_of_record
