TN:
SF:.storybook/main.ts
FN:1,(empty-report)
FNF:1
FNH:1
FNDA:1,(empty-report)
DA:3,0
DA:4,0
DA:5,0
DA:6,0
DA:7,0
DA:8,0
DA:9,0
DA:10,0
DA:11,0
LF:9
LH:0
BRDA:1,0,0,1
BRF:1
BRH:1
end_of_record
TN:
SF:.storybook/preview.ts
FN:1,(empty-report)
FNF:1
FNH:1
FNDA:1,(empty-report)
DA:2,0
DA:4,0
DA:5,0
DA:6,0
DA:7,0
DA:8,0
DA:9,0
DA:10,0
DA:11,0
DA:12,0
DA:13,0
DA:15,0
LF:12
LH:0
BRDA:1,0,0,1
BRF:1
BRH:1
end_of_record
TN:
SF:scripts/copy-coverage.js
FN:1,(empty-report)
FNF:1
FNH:0
FNDA:0,(empty-report)
DA:1,0
DA:3,0
DA:4,0
DA:6,0
DA:7,0
DA:8,0
DA:9,0
DA:11,0
DA:12,0
DA:14,0
DA:15,0
DA:17,0
DA:18,0
DA:19,0
DA:20,0
DA:21,0
DA:23,0
DA:24,0
DA:26,0
DA:27,0
DA:28,0
DA:30,0
DA:31,0
DA:32,0
DA:33,0
DA:34,0
DA:35,0
DA:36,0
DA:38,0
DA:39,0
DA:40,0
DA:41,0
DA:42,0
DA:43,0
DA:44,0
DA:45,0
DA:46,0
DA:47,0
DA:48,0
DA:49,0
DA:50,0
DA:51,0
DA:52,0
DA:53,0
DA:55,0
DA:56,0
DA:57,0
DA:58,0
DA:59,0
DA:60,0
DA:61,0
DA:62,0
DA:63,0
DA:64,0
DA:65,0
DA:66,0
DA:67,0
DA:68,0
DA:69,0
DA:71,0
DA:72,0
DA:73,0
DA:74,0
DA:76,0
DA:77,0
DA:79,0
DA:80,0
DA:81,0
DA:82,0
DA:83,0
DA:85,0
DA:86,0
DA:87,0
DA:88,0
DA:89,0
DA:90,0
DA:91,0
DA:92,0
DA:93,0
DA:94,0
DA:95,0
DA:96,0
DA:97,0
DA:98,0
DA:99,0
DA:100,0
DA:102,0
DA:103,0
DA:104,0
DA:105,0
DA:106,0
DA:108,0
LF:92
LH:0
BRDA:1,0,0,0
BRF:1
BRH:0
end_of_record
TN:
SF:scripts/update-blog-posts.js
FN:1,(empty-report)
FNF:1
FNH:0
FNDA:0,(empty-report)
DA:1,0
DA:3,0
DA:4,0
DA:5,0
DA:6,0
DA:8,0
DA:9,0
DA:10,0
DA:11,0
DA:13,0
DA:14,0
DA:15,0
DA:16,0
DA:18,0
DA:20,0
DA:21,0
DA:22,0
DA:23,0
DA:24,0
DA:25,0
DA:27,0
DA:28,0
DA:29,0
DA:30,0
DA:31,0
DA:32,0
DA:33,0
DA:34,0
DA:36,0
DA:37,0
DA:38,0
DA:40,0
DA:41,0
DA:42,0
DA:43,0
DA:45,0
DA:46,0
DA:47,0
DA:48,0
DA:49,0
DA:50,0
DA:52,0
DA:54,0
DA:55,0
DA:56,0
DA:57,0
DA:59,0
DA:60,0
DA:61,0
DA:63,0
DA:64,0
DA:65,0
DA:66,0
DA:67,0
DA:68,0
DA:69,0
DA:70,0
DA:71,0
DA:72,0
DA:73,0
DA:74,0
DA:75,0
DA:76,0
DA:78,0
DA:79,0
DA:80,0
DA:82,0
DA:83,0
DA:84,0
DA:85,0
DA:86,0
DA:87,0
DA:89,0
DA:90,0
DA:91,0
DA:92,0
DA:94,0
DA:95,0
DA:96,0
DA:97,0
DA:98,0
DA:99,0
DA:100,0
DA:101,0
DA:103,0
DA:104,0
DA:106,0
DA:107,0
DA:108,0
DA:109,0
DA:110,0
DA:112,0
DA:113,0
DA:114,0
DA:115,0
DA:116,0
DA:117,0
DA:118,0
DA:120,0
DA:121,0
DA:123,0
DA:124,0
DA:125,0
DA:126,0
DA:128,0
DA:129,0
DA:130,0
DA:131,0
DA:132,0
DA:133,0
DA:134,0
DA:136,0
DA:137,0
DA:138,0
DA:139,0
DA:140,0
DA:141,0
DA:142,0
DA:143,0
DA:144,0
DA:145,0
DA:146,0
DA:147,0
DA:149,0
DA:150,0
DA:152,0
DA:153,0
DA:155,0
DA:156,0
DA:157,0
DA:158,0
DA:160,0
DA:161,0
DA:163,0
DA:164,0
DA:165,0
DA:166,0
DA:167,0
DA:169,0
DA:170,0
DA:171,0
DA:173,0
DA:174,0
DA:176,0
DA:177,0
DA:178,0
DA:179,0
DA:181,0
DA:183,0
DA:184,0
DA:185,0
DA:186,0
DA:187,0
DA:189,0
DA:190,0
DA:191,0
DA:193,0
DA:194,0
DA:196,0
DA:197,0
DA:198,0
DA:200,0
DA:201,0
DA:202,0
DA:203,0
DA:204,0
DA:205,0
DA:206,0
DA:207,0
DA:208,0
DA:209,0
DA:210,0
DA:211,0
DA:212,0
DA:214,0
DA:216,0
DA:217,0
DA:219,0
DA:220,0
DA:222,0
DA:223,0
DA:224,0
DA:226,0
DA:227,0
DA:229,0
DA:230,0
DA:232,0
DA:233,0
DA:234,0
DA:235,0
DA:237,0
DA:238,0
DA:240,0
DA:241,0
DA:242,0
DA:243,0
DA:244,0
DA:246,0
DA:247,0
DA:249,0
DA:250,0
DA:251,0
DA:252,0
DA:254,0
DA:255,0
DA:256,0
DA:257,0
DA:258,0
DA:259,0
DA:261,0
DA:262,0
DA:263,0
DA:264,0
DA:266,0
LF:214
LH:0
BRDA:1,0,0,0
BRF:1
BRH:0
end_of_record
TN:
SF:scripts/update-stats.js
FN:1,(empty-report)
FNF:1
FNH:0
FNDA:0,(empty-report)
DA:1,0
DA:3,0
DA:4,0
DA:6,0
DA:7,0
DA:8,0
DA:9,0
DA:11,0
DA:12,0
DA:13,0
DA:15,0
DA:16,0
DA:17,0
DA:18,0
DA:19,0
DA:21,0
DA:23,0
DA:24,0
DA:25,0
DA:26,0
DA:27,0
DA:29,0
DA:30,0
DA:31,0
DA:32,0
DA:33,0
DA:34,0
DA:35,0
DA:37,0
DA:38,0
DA:39,0
DA:40,0
DA:41,0
DA:43,0
DA:44,0
DA:45,0
DA:46,0
DA:47,0
DA:48,0
DA:49,0
DA:50,0
DA:51,0
DA:52,0
DA:53,0
DA:54,0
DA:55,0
DA:56,0
DA:57,0
DA:58,0
DA:59,0
DA:61,0
DA:62,0
DA:63,0
DA:65,0
DA:66,0
DA:67,0
DA:69,0
DA:70,0
DA:71,0
DA:73,0
DA:74,0
DA:75,0
DA:76,0
DA:77,0
DA:78,0
DA:79,0
DA:80,0
DA:82,0
DA:83,0
DA:84,0
DA:85,0
DA:86,0
DA:87,0
DA:88,0
DA:89,0
DA:90,0
DA:91,0
DA:92,0
DA:93,0
DA:94,0
DA:96,0
DA:97,0
DA:98,0
DA:99,0
DA:100,0
DA:102,0
DA:103,0
DA:105,0
DA:106,0
DA:107,0
DA:108,0
DA:109,0
DA:111,0
DA:112,0
DA:113,0
DA:114,0
DA:115,0
DA:116,0
DA:118,0
DA:119,0
DA:120,0
DA:121,0
DA:123,0
LF:103
LH:0
BRDA:1,0,0,0
BRF:1
BRH:0
end_of_record
TN:
SF:scripts/verify-docs-version.js
FN:1,(empty-report)
FNF:1
FNH:0
FNDA:0,(empty-report)
DA:1,0
DA:3,0
DA:4,0
DA:5,0
DA:6,0
DA:8,0
DA:9,0
DA:10,0
DA:11,0
DA:13,0
DA:14,0
DA:16,0
DA:17,0
DA:19,0
DA:20,0
DA:21,0
DA:22,0
DA:23,0
DA:24,0
DA:26,0
DA:27,0
DA:28,0
DA:29,0
DA:31,0
DA:32,0
DA:33,0
DA:34,0
DA:35,0
DA:37,0
DA:38,0
DA:39,0
DA:40,0
DA:41,0
DA:43,0
DA:44,0
DA:46,0
DA:47,0
DA:49,0
DA:50,0
DA:51,0
DA:52,0
DA:54,0
DA:55,0
DA:56,0
DA:57,0
DA:59,0
DA:60,0
DA:62,0
DA:63,0
DA:64,0
DA:65,0
DA:66,0
DA:68,0
DA:69,0
DA:70,0
DA:71,0
DA:72,0
DA:73,0
DA:74,0
DA:75,0
DA:76,0
DA:77,0
DA:78,0
DA:79,0
DA:80,0
DA:81,0
DA:82,0
DA:83,0
DA:84,0
DA:85,0
DA:86,0
DA:87,0
DA:88,0
DA:89,0
DA:90,0
DA:91,0
DA:92,0
DA:94,0
DA:95,0
DA:96,0
DA:97,0
DA:98,0
DA:99,0
DA:101,0
DA:102,0
DA:103,0
DA:104,0
DA:106,0
DA:107,0
DA:109,0
DA:111,0
DA:112,0
DA:114,0
DA:115,0
DA:116,0
DA:117,0
DA:118,0
DA:120,0
DA:121,0
DA:122,0
DA:123,0
DA:124,0
DA:125,0
DA:126,0
DA:127,0
DA:129,0
DA:130,0
DA:131,0
DA:132,0
DA:133,0
DA:134,0
DA:136,0
DA:137,0
DA:139,0
DA:140,0
DA:141,0
DA:142,0
DA:143,0
DA:144,0
DA:145,0
DA:146,0
DA:147,0
DA:148,0
DA:149,0
DA:150,0
DA:151,0
LF:126
LH:0
BRDA:1,0,0,0
BRF:1
BRH:0
end_of_record
TN:
SF:src/blocks/bento-grid/bento-grid.tsx
FN:1,(empty-report)
FNF:1
FNH:1
FNDA:1,(empty-report)
DA:2,0
DA:14,0
DA:15,0
DA:16,0
DA:17,0
DA:18,0
DA:20,0
DA:21,0
DA:23,0
DA:25,0
DA:26,0
DA:27,0
DA:28,0
DA:30,0
DA:32,0
DA:33,0
DA:34,0
DA:35,0
DA:37,0
DA:38,0
LF:20
LH:0
BRDA:1,0,0,1
BRF:1
BRH:1
end_of_record
TN:
SF:src/blocks/data-table/data-table.tsx
FN:1,(empty-report)
FNF:1
FNH:1
FNDA:1,(empty-report)
DA:3,0
DA:4,0
DA:5,0
DA:6,0
DA:9,0
DA:10,0
DA:11,0
DA:12,0
DA:13,0
DA:14,0
DA:15,0
DA:16,0
DA:19,0
DA:22,0
DA:23,0
DA:24,0
DA:27,0
DA:28,0
DA:29,0
DA:30,0
DA:31,0
DA:32,0
DA:33,0
DA:34,0
DA:35,0
DA:36,0
DA:37,0
DA:38,0
DA:39,0
DA:40,0
DA:41,0
DA:42,0
DA:43,0
DA:44,0
DA:45,0
DA:46,0
DA:47,0
DA:48,0
DA:51,0
DA:54,0
DA:55,0
DA:56,0
DA:59,0
DA:60,0
DA:63,0
DA:64,0
DA:65,0
DA:66,0
DA:67,0
DA:68,0
DA:69,0
DA:70,0
DA:71,0
DA:72,0
DA:75,0
DA:76,0
DA:77,0
DA:78,0
DA:79,0
DA:80,0
DA:81,0
DA:82,0
DA:85,0
DA:86,0
DA:87,0
DA:88,0
DA:89,0
DA:92,0
DA:93,0
DA:94,0
DA:97,0
DA:98,0
DA:99,0
DA:100,0
DA:101,0
DA:104,0
DA:105,0
DA:106,0
DA:107,0
DA:108,0
DA:110,0
DA:111,0
DA:114,0
DA:115,0
DA:116,0
DA:117,0
DA:118,0
DA:119,0
DA:121,0
DA:122,0
DA:123,0
DA:124,0
DA:125,0
DA:126,0
DA:127,0
DA:128,0
DA:131,0
DA:132,0
DA:133,0
DA:136,0
DA:137,0
DA:138,0
DA:139,0
DA:140,0
DA:141,0
DA:144,0
DA:145,0
DA:146,0
DA:149,0
DA:150,0
DA:151,0
DA:154,0
DA:155,0
DA:156,0
DA:159,0
DA:160,0
DA:161,0
DA:162,0
DA:163,0
DA:164,0
DA:167,0
DA:168,0
DA:169,0
DA:170,0
DA:171,0
DA:172,0
DA:175,0
DA:176,0
DA:177,0
DA:178,0
DA:179,0
DA:180,0
DA:181,0
DA:182,0
DA:185,0
DA:186,0
DA:187,0
DA:190,0
DA:191,0
DA:192,0
DA:193,0
DA:194,0
DA:195,0
DA:197,0
DA:198,0
DA:199,0
DA:200,0
DA:201,0
DA:202,0
DA:203,0
DA:205,0
DA:206,0
DA:207,0
DA:210,0
DA:211,0
DA:212,0
DA:214,0
DA:215,0
DA:216,0
DA:217,0
DA:219,0
DA:220,0
DA:221,0
DA:224,0
DA:225,0
DA:226,0
DA:227,0
DA:228,0
DA:230,0
DA:231,0
DA:232,0
DA:235,0
DA:236,0
DA:237,0
DA:238,0
DA:239,0
DA:240,0
DA:241,0
DA:242,0
DA:243,0
DA:244,0
DA:245,0
DA:246,0
DA:247,0
DA:248,0
DA:249,0
DA:251,0
DA:252,0
DA:253,0
DA:254,0
DA:255,0
DA:256,0
DA:257,0
DA:258,0
DA:259,0
DA:260,0
DA:261,0
DA:264,0
DA:265,0
DA:266,0
DA:269,0
DA:270,0
DA:271,0
DA:273,0
DA:274,0
DA:275,0
DA:277,0
DA:278,0
DA:279,0
DA:280,0
DA:281,0
DA:282,0
DA:285,0
DA:286,0
DA:287,0
DA:288,0
DA:289,0
DA:292,0
DA:293,0
DA:296,0
DA:297,0
DA:298,0
DA:299,0
DA:300,0
DA:301,0
DA:302,0
DA:304,0
DA:307,0
DA:308,0
DA:309,0
DA:310,0
DA:311,0
DA:312,0
DA:313,0
DA:314,0
DA:315,0
DA:316,0
DA:317,0
DA:318,0
DA:319,0
DA:320,0
DA:321,0
DA:322,0
DA:323,0
DA:324,0
DA:325,0
DA:326,0
DA:327,0
DA:328,0
DA:329,0
DA:330,0
DA:332,0
DA:333,0
DA:334,0
DA:335,0
DA:336,0
DA:337,0
DA:338,0
DA:339,0
DA:340,0
DA:341,0
DA:342,0
DA:343,0
DA:344,0
DA:345,0
DA:346,0
DA:347,0
DA:348,0
DA:349,0
DA:350,0
DA:351,0
DA:352,0
DA:353,0
DA:355,0
DA:357,0
DA:358,0
DA:360,0
DA:361,0
DA:362,0
DA:363,0
DA:364,0
DA:365,0
DA:366,0
DA:367,0
DA:369,0
DA:370,0
DA:371,0
DA:372,0
DA:373,0
DA:374,0
DA:375,0
DA:376,0
DA:378,0
DA:379,0
DA:380,0
DA:381,0
DA:382,0
DA:383,0
DA:384,0
DA:386,0
DA:387,0
DA:388,0
DA:389,0
DA:390,0
DA:391,0
DA:393,0
DA:394,0
DA:395,0
DA:396,0
DA:397,0
DA:399,0
DA:402,0
DA:403,0
DA:404,0
DA:405,0
DA:406,0
DA:407,0
DA:408,0
DA:409,0
DA:410,0
DA:411,0
DA:414,0
DA:415,0
DA:416,0
DA:417,0
DA:420,0
DA:421,0
DA:422,0
DA:423,0
DA:424,0
DA:425,0
DA:426,0
DA:427,0
DA:428,0
DA:429,0
DA:430,0
DA:431,0
DA:432,0
DA:433,0
DA:434,0
DA:435,0
DA:436,0
DA:437,0
DA:438,0
DA:440,0
DA:441,0
DA:442,0
DA:443,0
DA:444,0
DA:446,0
DA:447,0
DA:448,0
DA:449,0
DA:450,0
DA:451,0
DA:452,0
DA:453,0
DA:454,0
DA:455,0
DA:456,0
DA:457,0
DA:458,0
DA:460,0
DA:462,0
DA:463,0
DA:464,0
DA:467,0
DA:468,0
DA:469,0
DA:470,0
DA:471,0
DA:472,0
DA:473,0
DA:474,0
DA:475,0
DA:476,0
DA:477,0
DA:478,0
DA:480,0
DA:483,0
LF:380
LH:0
BRDA:1,0,0,1
BRF:1
BRH:1
end_of_record
TN:
SF:src/blocks/data-table/components/active-filters.tsx
FN:1,(empty-report)
FNF:1
FNH:1
FNDA:1,(empty-report)
DA:3,0
DA:4,0
DA:18,0
DA:19,0
DA:20,0
DA:21,0
DA:22,0
DA:23,0
DA:24,0
DA:25,0
DA:26,0
DA:27,0
DA:28,0
DA:29,0
DA:30,0
DA:31,0
DA:33,0
DA:35,0
DA:36,0
DA:37,0
DA:38,0
DA:39,0
DA:40,0
DA:41,0
DA:42,0
DA:43,0
DA:44,0
DA:46,0
DA:47,0
DA:48,0
DA:49,0
DA:50,0
DA:51,0
DA:52,0
DA:53,0
DA:54,0
DA:55,0
DA:56,0
DA:57,0
DA:59,0
DA:60,0
DA:61,0
DA:62,0
DA:63,0
DA:64,0
DA:65,0
DA:66,0
DA:67,0
DA:68,0
DA:69,0
DA:70,0
DA:72,0
DA:74,0
LF:53
LH:0
BRDA:1,0,0,1
BRF:1
BRH:1
end_of_record
TN:
SF:src/blocks/data-table/components/column-visibility-dropdown.tsx
FN:1,(empty-report)
FNF:1
FNH:1
FNDA:1,(empty-report)
DA:3,0
DA:4,0
DA:12,0
DA:21,0
DA:22,0
DA:23,0
DA:24,0
DA:25,0
DA:26,0
DA:27,0
DA:28,0
DA:29,0
DA:30,0
DA:32,0
DA:33,0
DA:34,0
DA:35,0
DA:36,0
DA:37,0
DA:38,0
DA:39,0
DA:40,0
DA:41,0
DA:43,0
DA:44,0
DA:45,0
DA:46,0
DA:47,0
DA:48,0
DA:49,0
DA:50,0
DA:51,0
DA:52,0
DA:54,0
DA:55,0
DA:56,0
DA:58,0
LF:37
LH:0
BRDA:1,0,0,1
BRF:1
BRH:1
end_of_record
TN:
SF:src/blocks/data-table/components/filter-dropdown.tsx
FN:1,(empty-report)
FNF:1
FNH:1
FNDA:1,(empty-report)
DA:3,0
DA:10,0
DA:19,0
DA:20,0
DA:21,0
DA:22,0
DA:23,0
DA:24,0
DA:25,0
DA:26,0
DA:27,0
DA:28,0
DA:29,0
DA:30,0
DA:31,0
DA:32,0
DA:33,0
DA:34,0
DA:35,0
DA:36,0
DA:38,0
LF:21
LH:0
BRDA:1,0,0,1
BRF:1
BRH:1
end_of_record
TN:
SF:src/blocks/data-table/components/search-input.tsx
FN:1,(empty-report)
FNF:1
FNH:1
FNDA:1,(empty-report)
DA:3,0
DA:4,0
DA:12,0
DA:13,0
DA:14,0
DA:15,0
DA:16,0
DA:17,0
DA:18,0
DA:19,0
DA:20,0
DA:21,0
DA:22,0
DA:23,0
DA:24,0
DA:25,0
DA:26,0
DA:28,0
LF:18
LH:0
BRDA:1,0,0,1
BRF:1
BRH:1
end_of_record
TN:
SF:src/blocks/data-table/components/selection-info.tsx
FN:1,(empty-report)
FNF:1
FNH:1
FNDA:1,(empty-report)
DA:3,0
DA:10,0
DA:11,0
DA:13,0
DA:14,0
DA:15,0
DA:16,0
DA:17,0
DA:18,0
DA:19,0
DA:21,0
DA:22,0
DA:24,0
LF:13
LH:0
BRDA:1,0,0,1
BRF:1
BRH:1
end_of_record
TN:
SF:src/blocks/data-table/components/table-header.tsx
FN:1,(empty-report)
FNF:1
FNH:1
FNDA:1,(empty-report)
DA:3,0
DA:4,0
DA:5,0
DA:6,0
DA:19,0
DA:20,0
DA:21,0
DA:22,0
DA:23,0
DA:24,0
DA:25,0
DA:26,0
DA:27,0
DA:28,0
DA:30,0
DA:31,0
DA:33,0
DA:34,0
DA:35,0
DA:36,0
DA:37,0
DA:38,0
DA:39,0
DA:40,0
DA:44,0
DA:45,0
DA:46,0
DA:47,0
DA:48,0
DA:49,0
DA:50,0
DA:51,0
DA:52,0
DA:53,0
DA:54,0
DA:55,0
DA:56,0
DA:57,0
DA:58,0
DA:59,0
DA:60,0
DA:62,0
DA:63,0
DA:64,0
DA:65,0
DA:66,0
DA:67,0
DA:68,0
DA:70,0
DA:73,0
DA:75,0
DA:77,0
DA:78,0
DA:79,0
DA:80,0
DA:82,0
LF:56
LH:0
BRDA:1,0,0,1
BRF:1
BRH:1
end_of_record
TN:
SF:src/blocks/data-table/components/table-row.tsx
FN:1,(empty-report)
FNF:1
FNH:0
FNDA:0,(empty-report)
DA:1,0
DA:2,0
DA:3,0
DA:16,0
DA:17,0
DA:18,0
DA:19,0
DA:20,0
DA:21,0
DA:22,0
DA:23,0
DA:24,0
DA:25,0
DA:27,0
DA:28,0
DA:30,0
DA:31,0
DA:32,0
DA:33,0
DA:34,0
DA:35,0
DA:36,0
DA:37,0
DA:41,0
DA:42,0
DA:43,0
DA:44,0
DA:45,0
DA:46,0
DA:47,0
DA:48,0
DA:49,0
DA:50,0
DA:52,0
DA:53,0
DA:54,0
DA:55,0
DA:57,0
DA:58,0
DA:60,0
LF:40
LH:0
BRDA:1,0,0,0
BRF:1
BRH:0
end_of_record
TN:
SF:src/blocks/data-table/components/table-skeleton.tsx
FN:1,(empty-report)
FNF:1
FNH:0
FNDA:0,(empty-report)
DA:1,0
DA:2,0
DA:16,0
DA:17,0
DA:18,0
DA:19,0
DA:20,0
DA:21,0
DA:22,0
DA:23,0
DA:24,0
DA:25,0
DA:26,0
DA:27,0
DA:28,0
DA:29,0
DA:30,0
DA:31,0
DA:32,0
DA:33,0
DA:34,0
DA:35,0
DA:36,0
DA:37,0
DA:38,0
DA:39,0
DA:40,0
DA:41,0
DA:43,0
LF:29
LH:0
BRDA:1,0,0,0
BRF:1
BRH:0
end_of_record
TN:
SF:src/blocks/data-table/types/data-table.ts
FN:1,(empty-report)
FNF:1
FNH:1
FNDA:1,(empty-report)
LF:0
LH:0
BRDA:1,0,0,1
BRF:1
BRH:1
end_of_record
TN:
SF:src/blocks/data-table/utils/export.ts
FN:1,(empty-report)
FNF:1
FNH:1
FNDA:1,(empty-report)
DA:3,0
DA:4,0
DA:5,0
DA:6,0
DA:7,0
DA:9,0
DA:12,0
DA:15,0
DA:16,0
DA:17,0
DA:18,0
DA:19,0
DA:20,0
DA:23,0
DA:26,0
DA:27,0
DA:28,0
DA:29,0
DA:30,0
DA:31,0
DA:32,0
DA:33,0
DA:34,0
DA:35,0
LF:24
LH:0
BRDA:1,0,0,1
BRF:1
BRH:1
end_of_record
TN:
SF:src/blocks/empty-message/empty-message.tsx
FN:1,(empty-report)
FNF:1
FNH:0
FNDA:0,(empty-report)
DA:1,0
DA:2,0
DA:12,0
DA:13,0
DA:15,0
DA:16,0
DA:17,0
DA:18,0
DA:19,0
DA:20,0
DA:22,0
DA:23,0
DA:24,0
DA:25,0
DA:26,0
DA:27,0
DA:29,0
LF:17
LH:0
BRDA:1,0,0,0
BRF:1
BRH:0
end_of_record
TN:
SF:src/blocks/file-upload-dropzone/file-upload-dropzone.tsx
FN:1,(empty-report)
FNF:1
FNH:1
FNDA:1,(empty-report)
DA:3,0
DA:4,0
DA:5,0
DA:6,0
DA:7,0
DA:8,0
DA:35,0
DA:36,0
DA:37,0
DA:38,0
DA:39,0
DA:40,0
DA:41,0
DA:42,0
DA:43,0
DA:45,0
DA:46,0
DA:47,0
DA:48,0
DA:49,0
DA:50,0
DA:51,0
DA:52,0
DA:53,0
DA:55,0
DA:57,0
DA:58,0
DA:59,0
DA:60,0
DA:61,0
DA:62,0
DA:63,0
DA:64,0
DA:65,0
DA:66,0
DA:67,0
DA:69,0
DA:70,0
DA:72,0
DA:73,0
DA:74,0
DA:76,0
DA:77,0
DA:78,0
DA:79,0
DA:80,0
DA:81,0
DA:82,0
DA:83,0
DA:84,0
DA:85,0
DA:86,0
DA:87,0
DA:88,0
DA:89,0
DA:90,0
DA:91,0
DA:92,0
DA:93,0
DA:94,0
DA:96,0
DA:97,0
DA:98,0
DA:99,0
DA:100,0
DA:101,0
DA:102,0
DA:103,0
DA:104,0
DA:105,0
DA:106,0
DA:107,0
DA:108,0
DA:109,0
DA:111,0
DA:112,0
DA:113,0
DA:114,0
DA:115,0
DA:117,0
DA:118,0
DA:119,0
DA:120,0
DA:121,0
DA:122,0
DA:123,0
DA:125,0
DA:126,0
DA:128,0
DA:129,0
DA:130,0
DA:132,0
DA:133,0
DA:134,0
DA:135,0
DA:137,0
DA:138,0
DA:140,0
DA:141,0
DA:143,0
DA:144,0
DA:145,0
DA:146,0
DA:147,0
DA:148,0
DA:149,0
DA:150,0
DA:151,0
DA:152,0
DA:154,0
DA:155,0
DA:156,0
DA:157,0
DA:158,0
DA:159,0
DA:160,0
DA:161,0
DA:162,0
DA:163,0
DA:166,0
DA:167,0
DA:168,0
DA:169,0
DA:170,0
DA:171,0
DA:173,0
DA:174,0
DA:175,0
DA:176,0
DA:180,0
DA:181,0
DA:182,0
DA:183,0
DA:184,0
DA:185,0
DA:186,0
DA:187,0
DA:188,0
DA:189,0
DA:190,0
DA:192,0
DA:193,0
DA:194,0
DA:197,0
DA:198,0
DA:199,0
DA:200,0
DA:201,0
DA:202,0
DA:203,0
DA:205,0
DA:206,0
DA:209,0
DA:210,0
DA:212,0
DA:214,0
DA:215,0
DA:216,0
DA:217,0
DA:218,0
DA:220,0
DA:221,0
DA:222,0
DA:223,0
DA:224,0
DA:226,0
DA:228,0
LF:167
LH:0
BRDA:1,0,0,1
BRF:1
BRH:1
end_of_record
TN:
SF:src/blocks/file-upload-dropzone/index.tsx
FN:1,(empty-report)
FNF:1
FNH:0
FNDA:0,(empty-report)
DA:1,0
LF:1
LH:0
BRDA:1,0,0,0
BRF:1
BRH:0
end_of_record
TN:
SF:src/blocks/help-carousel/help-carousel.tsx
FN:1,(empty-report)
FNF:1
FNH:0
FNDA:0,(empty-report)
DA:1,0
DA:10,0
DA:11,0
DA:12,0
DA:22,0
DA:23,0
DA:25,0
DA:26,0
DA:28,0
DA:29,0
DA:30,0
DA:32,0
DA:33,0
DA:34,0
DA:36,0
DA:37,0
DA:38,0
DA:39,0
DA:40,0
DA:41,0
DA:42,0
DA:43,0
DA:44,0
DA:45,0
DA:46,0
DA:47,0
DA:48,0
DA:49,0
DA:50,0
DA:51,0
DA:52,0
DA:54,0
DA:55,0
DA:56,0
DA:57,0
DA:58,0
DA:59,0
DA:60,0
DA:61,0
DA:62,0
DA:63,0
DA:64,0
DA:65,0
DA:66,0
DA:67,0
DA:68,0
DA:69,0
DA:70,0
DA:71,0
DA:73,0
DA:74,0
DA:75,0
DA:76,0
DA:77,0
DA:79,0
LF:55
LH:0
BRDA:1,0,0,0
BRF:1
BRH:0
end_of_record
TN:
SF:src/blocks/html-text-editor/html-text-area.tsx
FN:1,(empty-report)
FNF:1
FNH:0
FNDA:0,(empty-report)
DA:1,0
DA:2,0
DA:26,0
DA:27,0
DA:28,0
DA:29,0
DA:30,0
DA:31,0
DA:32,0
DA:34,0
DA:37,0
DA:38,0
DA:39,0
DA:40,0
DA:42,0
DA:43,0
DA:44,0
DA:45,0
DA:46,0
DA:48,0
LF:20
LH:0
BRDA:1,0,0,0
BRF:1
BRH:0
end_of_record
TN:
SF:src/blocks/html-text-editor/html-text-editor.tsx
FN:1,(empty-report)
FNF:1
FNH:0
FNDA:0,(empty-report)
DA:1,0
DA:2,0
DA:3,0
DA:4,0
DA:12,0
DA:13,0
DA:14,0
DA:15,0
DA:16,0
DA:17,0
DA:19,0
DA:20,0
DA:21,0
DA:22,0
DA:24,0
DA:25,0
DA:26,0
DA:27,0
DA:29,0
DA:30,0
DA:31,0
DA:32,0
DA:33,0
DA:35,0
DA:36,0
DA:37,0
DA:38,0
DA:39,0
DA:41,0
DA:42,0
DA:43,0
DA:44,0
DA:45,0
DA:46,0
DA:48,0
DA:49,0
DA:50,0
DA:77,0
DA:78,0
DA:79,0
DA:80,0
DA:81,0
DA:82,0
DA:83,0
DA:85,0
LF:45
LH:0
BRDA:1,0,0,0
BRF:1
BRH:0
end_of_record
TN:
SF:src/blocks/html-text-editor/options-bar.tsx
FN:1,(empty-report)
FNF:1
FNH:0
FNDA:0,(empty-report)
DA:1,0
DA:9,0
DA:24,0
DA:25,0
DA:27,0
DA:28,0
DA:29,0
DA:30,0
DA:31,0
DA:32,0
DA:33,0
DA:34,0
DA:35,0
DA:36,0
DA:37,0
DA:38,0
DA:39,0
DA:40,0
DA:41,0
DA:42,0
DA:44,0
DA:45,0
DA:46,0
DA:47,0
DA:48,0
DA:49,0
DA:51,0
DA:52,0
DA:53,0
DA:55,0
DA:56,0
DA:57,0
DA:58,0
DA:59,0
DA:60,0
DA:61,0
DA:63,0
DA:64,0
DA:65,0
DA:66,0
DA:67,0
DA:68,0
DA:69,0
DA:71,0
DA:72,0
DA:73,0
DA:74,0
DA:75,0
DA:76,0
DA:77,0
DA:79,0
DA:80,0
DA:81,0
DA:82,0
DA:83,0
DA:84,0
DA:85,0
DA:86,0
DA:87,0
DA:88,0
DA:89,0
DA:90,0
DA:91,0
DA:92,0
DA:93,0
DA:94,0
DA:95,0
DA:96,0
DA:97,0
DA:98,0
DA:99,0
DA:100,0
DA:101,0
DA:102,0
DA:103,0
DA:104,0
DA:106,0
DA:107,0
DA:108,0
DA:109,0
DA:110,0
DA:111,0
DA:112,0
DA:114,0
DA:115,0
DA:116,0
DA:117,0
DA:118,0
DA:119,0
DA:120,0
DA:122,0
DA:123,0
DA:124,0
DA:125,0
DA:126,0
DA:127,0
DA:128,0
DA:129,0
DA:138,0
DA:140,0
LF:100
LH:0
BRDA:1,0,0,0
BRF:1
BRH:0
end_of_record
TN:
SF:src/blocks/lazy-image-gallery/lazy-image-gallery.tsx
FN:1,(empty-report)
FNF:1
FNH:0
FNDA:0,(empty-report)
DA:1,0
DA:2,0
DA:14,0
DA:15,0
DA:16,0
DA:17,0
DA:19,0
DA:20,0
DA:21,0
DA:22,0
DA:23,0
DA:24,0
DA:25,0
DA:27,0
DA:28,0
DA:29,0
DA:30,0
DA:31,0
DA:32,0
DA:33,0
DA:34,0
DA:36,0
DA:37,0
DA:39,0
DA:40,0
DA:41,0
DA:42,0
DA:44,0
DA:45,0
DA:46,0
DA:47,0
DA:48,0
DA:49,0
DA:50,0
DA:52,0
DA:53,0
DA:54,0
DA:55,0
DA:56,0
DA:58,0
DA:59,0
DA:60,0
DA:61,0
DA:62,0
DA:63,0
DA:64,0
DA:65,0
DA:66,0
DA:68,0
DA:69,0
DA:70,0
DA:72,0
LF:52
LH:0
BRDA:1,0,0,0
BRF:1
BRH:0
end_of_record
TN:
SF:src/blocks/month-navigator/month-navigator.tsx
FN:1,(empty-report)
FNF:1
FNH:0
FNDA:0,(empty-report)
DA:1,0
DA:2,0
DA:3,0
DA:16,0
DA:17,0
DA:18,0
DA:19,0
DA:20,0
DA:21,0
DA:22,0
DA:23,0
DA:25,0
DA:26,0
DA:27,0
DA:29,0
DA:30,0
DA:31,0
DA:32,0
DA:33,0
DA:34,0
DA:35,0
DA:36,0
DA:37,0
DA:38,0
DA:39,0
DA:40,0
DA:41,0
DA:42,0
DA:43,0
DA:44,0
DA:45,0
DA:46,0
DA:47,0
DA:49,0
DA:50,0
DA:52,0
DA:53,0
DA:54,0
DA:55,0
DA:56,0
DA:57,0
DA:58,0
DA:60,0
DA:61,0
DA:62,0
DA:63,0
DA:64,0
DA:65,0
DA:66,0
DA:67,0
DA:68,0
DA:69,0
DA:71,0
DA:72,0
DA:73,0
DA:74,0
DA:75,0
DA:76,0
DA:78,0
DA:79,0
DA:80,0
DA:82,0
LF:62
LH:0
BRDA:1,0,0,0
BRF:1
BRH:0
end_of_record
TN:
SF:src/blocks/navigable-list/navigable-list.tsx
FN:1,(empty-report)
FNF:1
FNH:0
FNDA:0,(empty-report)
DA:1,0
DA:23,0
DA:24,0
DA:25,0
DA:26,0
DA:27,0
DA:28,0
DA:29,0
DA:30,0
DA:32,0
DA:33,0
DA:34,0
DA:35,0
DA:36,0
DA:37,0
DA:38,0
DA:39,0
DA:40,0
DA:41,0
DA:43,0
DA:44,0
DA:45,0
DA:46,0
DA:47,0
DA:48,0
DA:50,0
DA:52,0
DA:53,0
DA:54,0
DA:56,0
DA:57,0
DA:59,0
DA:60,0
DA:61,0
DA:62,0
DA:63,0
DA:64,0
DA:65,0
DA:66,0
DA:67,0
DA:68,0
DA:69,0
DA:70,0
DA:71,0
DA:72,0
DA:73,0
DA:74,0
DA:75,0
DA:77,0
DA:78,0
DA:79,0
DA:81,0
DA:82,0
DA:83,0
DA:84,0
DA:86,0
DA:87,0
DA:88,0
DA:89,0
DA:90,0
DA:91,0
DA:92,0
DA:93,0
DA:94,0
DA:95,0
DA:96,0
DA:98,0
DA:99,0
DA:101,0
DA:102,0
DA:103,0
DA:104,0
DA:105,0
DA:106,0
DA:107,0
DA:108,0
DA:109,0
DA:110,0
DA:111,0
DA:112,0
DA:113,0
DA:115,0
DA:116,0
DA:117,0
DA:118,0
DA:119,0
DA:120,0
DA:121,0
DA:122,0
DA:123,0
DA:124,0
DA:125,0
DA:127,0
DA:128,0
DA:129,0
DA:130,0
DA:131,0
DA:133,0
DA:134,0
DA:136,0
LF:100
LH:0
BRDA:1,0,0,0
BRF:1
BRH:0
end_of_record
TN:
SF:src/blocks/number-stepper/number-stepper.tsx
FN:69,NumberStepper
FN:94,handleValueChange
FN:105,increment
FN:112,decrement
FN:119,handleInputChange
FN:139,handleInputBlur
FN:157,handleInputFocus
FN:165,getInputPadding
FNF:8
FNH:6
FNDA:15,NumberStepper
FNDA:2,handleValueChange
FNDA:1,increment
FNDA:1,decrement
FNDA:3,handleInputChange
FNDA:0,handleInputBlur
FNDA:0,handleInputFocus
FNDA:15,getInputPadding
DA:3,1
DA:4,1
DA:6,1
DA:7,1
DA:8,1
DA:24,1
DA:25,1
DA:26,1
DA:27,1
DA:28,1
DA:29,1
DA:30,1
DA:31,1
DA:32,1
DA:33,1
DA:34,1
DA:35,1
DA:36,1
DA:37,1
DA:38,1
DA:39,1
DA:40,1
DA:41,1
DA:42,1
DA:43,1
DA:44,1
DA:45,1
DA:46,1
DA:47,1
DA:48,1
DA:49,1
DA:50,1
DA:51,1
DA:52,1
DA:53,1
DA:55,1
DA:56,1
DA:57,1
DA:58,1
DA:59,1
DA:60,1
DA:62,1
DA:63,1
DA:64,1
DA:65,1
DA:66,1
DA:67,1
DA:69,1
DA:70,15
DA:71,15
DA:72,15
DA:73,15
DA:74,15
DA:75,15
DA:76,15
DA:77,15
DA:78,15
DA:79,15
DA:80,15
DA:81,15
DA:82,15
DA:83,15
DA:85,15
DA:86,15
DA:88,15
DA:89,10
DA:90,0
DA:91,0
DA:92,15
DA:94,15
DA:95,2
DA:97,2
DA:98,2
DA:99,2
DA:101,2
DA:102,2
DA:103,2
DA:105,15
DA:106,1
DA:107,1
DA:108,1
DA:109,1
DA:110,1
DA:112,15
DA:113,1
DA:114,1
DA:115,1
DA:116,1
DA:117,1
DA:119,15
DA:120,3
DA:121,3
DA:123,3
DA:124,0
DA:125,0
DA:127,3
DA:128,3
DA:129,3
DA:131,3
DA:132,3
DA:133,3
DA:135,3
DA:136,3
DA:137,3
DA:139,15
DA:140,0
DA:141,0
DA:142,0
DA:143,0
DA:144,0
DA:145,0
DA:146,0
DA:148,0
DA:149,0
DA:150,0
DA:151,0
DA:152,0
DA:153,0
DA:154,0
DA:155,0
DA:157,15
DA:158,0
DA:159,0
DA:161,15
DA:162,15
DA:165,15
DA:166,15
DA:167,0
DA:168,15
DA:169,15
DA:170,0
DA:171,0
DA:172,0
DA:174,15
DA:175,15
DA:177,15
DA:178,1
DA:179,1
DA:180,15
DA:181,1
DA:182,1
DA:184,15
DA:185,15
DA:187,15
DA:188,15
DA:189,15
DA:190,15
DA:191,15
DA:192,15
DA:193,15
DA:194,15
DA:195,15
DA:197,15
DA:198,15
DA:200,15
DA:201,15
DA:202,1
DA:203,1
DA:204,1
DA:205,1
DA:206,1
DA:208,1
DA:209,1
DA:212,15
DA:213,15
DA:214,15
DA:215,15
DA:216,15
DA:217,15
DA:218,15
DA:219,15
DA:220,15
DA:221,15
DA:222,15
DA:223,15
DA:224,15
DA:225,15
DA:226,15
DA:227,15
DA:228,15
DA:230,15
DA:231,1
DA:232,1
DA:233,1
DA:234,1
DA:235,1
DA:237,1
DA:238,1
DA:240,15
DA:242,15
DA:243,15
DA:244,15
DA:245,15
DA:246,15
DA:247,15
DA:248,15
DA:250,15
DA:251,15
DA:252,15
DA:254,15
LF:200
LH:175
BRDA:69,0,0,15
BRDA:85,1,0,0
BRDA:161,2,0,13
BRDA:162,3,0,13
BRDA:201,4,0,1
BRDA:230,5,0,1
BRDA:88,6,0,10
BRDA:89,7,0,0
BRDA:94,8,0,2
BRDA:105,9,0,1
BRDA:112,10,0,1
BRDA:119,11,0,3
BRDA:123,12,0,0
BRDA:165,13,0,15
BRDA:166,14,0,0
BRDA:169,15,0,0
BRDA:177,16,0,1
BRDA:180,17,0,1
BRF:18
BRH:13
end_of_record
TN:
SF:src/blocks/paginated-items/paginated-items.tsx
FN:1,(empty-report)
FNF:1
FNH:0
FNDA:0,(empty-report)
DA:1,0
DA:2,0
DA:3,0
DA:4,0
DA:31,0
DA:32,0
DA:33,0
DA:34,0
DA:35,0
DA:36,0
DA:37,0
DA:38,0
DA:39,0
DA:40,0
DA:41,0
DA:42,0
DA:43,0
DA:44,0
DA:45,0
DA:46,0
DA:47,0
DA:48,0
DA:49,0
DA:50,0
DA:51,0
DA:52,0
DA:53,0
DA:54,0
DA:55,0
DA:57,0
DA:59,0
DA:61,0
DA:62,0
DA:63,0
DA:64,0
DA:65,0
DA:66,0
DA:67,0
DA:68,0
DA:69,0
DA:70,0
DA:71,0
DA:72,0
DA:73,0
DA:74,0
DA:76,0
DA:78,0
DA:79,0
DA:80,0
DA:81,0
DA:83,0
DA:84,0
DA:85,0
DA:86,0
DA:87,0
DA:89,0
DA:90,0
DA:91,0
DA:92,0
DA:94,0
DA:96,0
DA:97,0
DA:98,0
DA:99,0
DA:101,0
DA:102,0
DA:103,0
DA:104,0
DA:105,0
DA:106,0
DA:107,0
DA:108,0
DA:109,0
DA:110,0
DA:111,0
DA:112,0
DA:114,0
DA:115,0
DA:117,0
DA:118,0
DA:119,0
DA:120,0
DA:121,0
DA:123,0
DA:124,0
DA:125,0
DA:126,0
DA:127,0
DA:128,0
DA:129,0
DA:130,0
DA:131,0
DA:132,0
DA:133,0
DA:135,0
LF:95
LH:0
BRDA:1,0,0,0
BRF:1
BRH:0
end_of_record
TN:
SF:src/blocks/pagination-controls/index.tsx
FN:1,(empty-report)
FNF:1
FNH:0
FNDA:0,(empty-report)
DA:1,0
LF:1
LH:0
BRDA:1,0,0,0
BRF:1
BRH:0
end_of_record
TN:
SF:src/blocks/pagination-controls/pagination-controls.tsx
FN:1,(empty-report)
FNF:1
FNH:1
FNDA:1,(empty-report)
DA:3,0
DA:4,0
DA:5,0
DA:6,0
DA:22,0
DA:23,0
DA:24,0
DA:25,0
DA:26,0
DA:27,0
DA:28,0
DA:29,0
DA:30,0
DA:31,0
DA:32,0
DA:33,0
DA:34,0
DA:35,0
DA:38,0
DA:39,0
DA:40,0
DA:42,0
DA:43,0
DA:44,0
DA:45,0
DA:46,0
DA:48,0
DA:50,0
DA:51,0
DA:52,0
DA:55,0
DA:56,0
DA:58,0
DA:59,0
DA:60,0
DA:61,0
DA:62,0
DA:64,0
DA:65,0
DA:66,0
DA:69,0
DA:70,0
DA:71,0
DA:72,0
DA:74,0
DA:75,0
DA:77,0
DA:78,0
DA:79,0
DA:80,0
DA:81,0
DA:82,0
DA:84,0
DA:85,0
DA:86,0
DA:87,0
DA:88,0
DA:89,0
DA:90,0
DA:91,0
DA:92,0
DA:94,0
DA:95,0
DA:96,0
DA:97,0
DA:98,0
DA:99,0
DA:100,0
DA:101,0
DA:103,0
DA:104,0
DA:106,0
DA:107,0
DA:108,0
DA:109,0
DA:111,0
DA:112,0
DA:113,0
DA:114,0
DA:115,0
DA:117,0
DA:118,0
DA:120,0
DA:121,0
DA:123,0
DA:124,0
DA:125,0
DA:126,0
DA:127,0
DA:128,0
DA:130,0
DA:131,0
DA:132,0
DA:134,0
DA:136,0
LF:95
LH:0
BRDA:1,0,0,1
BRF:1
BRH:1
end_of_record
TN:
SF:src/blocks/sidebar/sidebar.tsx
FN:1,(empty-report)
FNF:1
FNH:0
FNDA:0,(empty-report)
DA:1,0
DA:2,0
DA:14,0
DA:15,0
DA:16,0
DA:17,0
DA:18,0
DA:19,0
DA:20,0
DA:21,0
DA:22,0
DA:23,0
DA:24,0
DA:25,0
DA:27,0
DA:29,0
DA:30,0
DA:31,0
DA:32,0
DA:33,0
DA:34,0
DA:36,0
DA:37,0
DA:38,0
DA:39,0
DA:40,0
DA:41,0
DA:43,0
DA:44,0
DA:45,0
DA:46,0
DA:47,0
DA:48,0
DA:49,0
DA:50,0
DA:51,0
DA:52,0
DA:54,0
DA:55,0
DA:56,0
DA:57,0
DA:58,0
DA:59,0
DA:60,0
DA:61,0
DA:63,0
DA:64,0
DA:66,0
DA:67,0
DA:68,0
DA:69,0
DA:70,0
DA:71,0
DA:72,0
DA:74,0
DA:75,0
DA:76,0
DA:77,0
DA:78,0
DA:79,0
DA:80,0
DA:82,0
DA:83,0
DA:84,0
DA:85,0
DA:86,0
DA:87,0
DA:88,0
DA:89,0
DA:90,0
DA:91,0
DA:92,0
DA:93,0
DA:94,0
DA:95,0
DA:96,0
DA:97,0
DA:98,0
DA:99,0
DA:100,0
DA:101,0
DA:102,0
DA:103,0
DA:105,0
DA:106,0
DA:107,0
DA:108,0
DA:109,0
DA:110,0
DA:111,0
DA:112,0
DA:113,0
DA:114,0
DA:115,0
DA:116,0
DA:117,0
DA:118,0
DA:119,0
DA:120,0
DA:122,0
DA:123,0
DA:124,0
DA:125,0
DA:127,0
DA:129,0
DA:130,0
DA:131,0
DA:132,0
DA:133,0
DA:134,0
DA:135,0
DA:136,0
DA:138,0
DA:139,0
DA:141,0
DA:143,0
DA:144,0
DA:145,0
DA:146,0
DA:147,0
DA:148,0
DA:149,0
DA:150,0
DA:152,0
DA:154,0
DA:155,0
DA:156,0
DA:157,0
DA:158,0
DA:159,0
DA:160,0
DA:161,0
DA:163,0
DA:165,0
DA:166,0
DA:167,0
DA:168,0
DA:169,0
DA:170,0
DA:172,0
DA:173,0
DA:174,0
DA:175,0
DA:176,0
DA:177,0
DA:178,0
DA:179,0
DA:180,0
DA:181,0
DA:182,0
DA:183,0
DA:185,0
DA:186,0
DA:188,0
DA:190,0
DA:191,0
DA:192,0
DA:193,0
DA:194,0
DA:195,0
DA:196,0
DA:197,0
DA:199,0
LF:163
LH:0
BRDA:1,0,0,0
BRF:1
BRH:0
end_of_record
TN:
SF:src/components/accordion/accordion.tsx
FNF:0
FNH:0
DA:1,1
DA:2,1
DA:3,1
DA:5,1
DA:7,1
DA:9,1
DA:12,1
DA:13,51
DA:14,1
DA:15,1
DA:17,1
DA:20,1
DA:21,51
DA:22,51
DA:23,51
DA:24,51
DA:25,51
DA:26,51
DA:27,51
DA:28,51
DA:30,51
DA:31,51
DA:32,51
DA:33,51
DA:34,1
DA:35,1
DA:37,1
DA:40,1
DA:41,51
DA:42,51
DA:43,51
DA:44,51
DA:46,51
DA:47,51
DA:48,51
DA:50,1
LF:36
LH:36
BRDA:12,0,0,51
BRDA:20,1,0,51
BRDA:40,2,0,51
BRF:3
BRH:3
end_of_record
TN:
SF:src/components/adaptive-input/adaptive-input.tsx
FN:11,applyMask
FN:32,handleInputChange
FNF:2
FNH:2
FNDA:59,applyMask
FNDA:150,handleInputChange
DA:1,1
DA:2,1
DA:3,1
DA:11,1
DA:12,59
DA:13,59
DA:14,59
DA:15,59
DA:17,59
DA:18,330
DA:19,247
DA:20,247
DA:21,330
DA:22,83
DA:23,83
DA:24,330
DA:25,330
DA:27,59
DA:28,59
DA:30,1
DA:31,1
DA:32,293
DA:33,150
DA:34,150
DA:35,59
DA:36,59
DA:37,59
DA:38,150
DA:39,150
DA:41,293
DA:42,293
DA:43,293
DA:44,157
DA:45,157
DA:46,157
DA:48,293
DA:49,293
DA:50,293
DA:51,293
DA:52,293
DA:53,293
DA:54,293
DA:55,293
DA:56,28
DA:57,28
DA:58,28
DA:60,293
DA:62,293
DA:63,1
DA:65,1
LF:50
LH:50
BRDA:11,0,0,59
BRDA:17,1,0,381
BRDA:17,2,0,330
BRDA:18,3,0,247
BRDA:21,4,0,83
BRDA:31,5,0,293
BRDA:43,6,0,157
BRDA:49,7,0,157
BRDA:49,8,0,28
BRDA:52,9,0,157
BRDA:52,10,0,136
BRDA:55,11,0,28
BRDA:32,12,0,150
BRDA:34,13,0,59
BRDA:38,14,0,79
BRF:15
BRH:15
end_of_record
TN:
SF:src/components/alert/alert.tsx
FN:46,Alert
FN:66,handleClose
FNF:2
FNH:2
FNDA:44,Alert
FNDA:4,handleClose
DA:3,1
DA:4,1
DA:6,1
DA:7,1
DA:23,1
DA:24,1
DA:25,1
DA:26,1
DA:27,1
DA:28,1
DA:29,1
DA:30,1
DA:31,1
DA:32,1
DA:33,1
DA:34,1
DA:35,1
DA:36,1
DA:37,1
DA:38,1
DA:39,1
DA:40,1
DA:41,1
DA:42,1
DA:43,1
DA:44,1
DA:46,1
DA:47,44
DA:48,44
DA:49,44
DA:50,44
DA:51,44
DA:52,44
DA:53,44
DA:54,44
DA:55,44
DA:56,44
DA:57,44
DA:58,44
DA:61,44
DA:62,34
DA:63,34
DA:64,44
DA:66,44
DA:67,4
DA:68,4
DA:70,4
DA:71,4
DA:72,4
DA:73,4
DA:74,4
DA:76,44
DA:77,44
DA:78,44
DA:79,44
DA:80,44
DA:81,44
DA:82,4
DA:83,40
DA:84,44
DA:85,44
DA:86,44
DA:88,44
DA:89,44
DA:90,44
DA:91,44
DA:92,44
DA:94,44
DA:95,44
DA:96,44
DA:98,44
DA:99,8
DA:100,8
DA:101,8
DA:102,8
DA:103,8
DA:104,8
DA:106,8
DA:107,8
DA:108,8
DA:110,44
DA:112,44
DA:113,20
DA:114,20
DA:115,20
DA:116,20
DA:117,20
DA:118,20
DA:119,1
DA:120,20
DA:121,20
DA:122,1
DA:123,20
DA:124,20
DA:125,20
DA:127,20
DA:128,20
DA:130,44
DA:131,44
DA:133,44
LF:100
LH:100
BRDA:46,0,0,44
BRDA:81,1,0,8
BRDA:81,2,0,4
BRDA:82,3,0,40
BRDA:95,4,0,2
BRDA:98,5,0,8
BRDA:102,6,0,7
BRDA:112,7,0,21
BRDA:112,8,0,20
BRDA:117,9,0,17
BRDA:118,10,0,1
BRDA:120,11,0,1
BRDA:121,12,0,1
BRDA:61,13,0,34
BRDA:62,14,0,6
BRDA:63,15,0,34
BRDA:66,16,0,4
BRDA:70,17,0,4
BRF:18
BRH:18
end_of_record
TN:
SF:src/components/alert-dialog/alert-dialog.tsx
FN:45,AlertDialogHeader
FN:56,AlertDialogFooter
FNF:2
FNH:2
FNDA:20,AlertDialogHeader
FNDA:23,AlertDialogFooter
DA:1,1
DA:2,1
DA:3,1
DA:4,1
DA:6,1
DA:8,1
DA:10,1
DA:12,1
DA:15,1
DA:16,54
DA:17,54
DA:18,54
DA:19,54
DA:20,54
DA:21,54
DA:22,54
DA:23,54
DA:24,54
DA:25,1
DA:27,1
DA:30,1
DA:31,26
DA:32,26
DA:33,26
DA:34,26
DA:35,26
DA:36,26
DA:37,26
DA:38,26
DA:39,26
DA:40,26
DA:41,26
DA:42,1
DA:43,1
DA:45,1
DA:46,20
DA:47,20
DA:48,20
DA:49,20
DA:50,20
DA:51,20
DA:52,20
DA:54,1
DA:56,1
DA:57,23
DA:58,23
DA:59,23
DA:60,23
DA:61,23
DA:62,23
DA:63,23
DA:64,23
DA:65,23
DA:66,23
DA:68,1
DA:70,1
DA:73,1
DA:74,23
DA:75,23
DA:76,23
DA:77,23
DA:78,23
DA:79,23
DA:80,1
DA:82,1
DA:85,1
DA:86,22
DA:87,22
DA:88,22
DA:89,22
DA:90,22
DA:91,22
DA:92,1
DA:94,1
DA:97,1
DA:98,23
DA:99,23
DA:100,23
DA:101,23
DA:102,23
DA:103,23
DA:104,1
DA:106,1
DA:109,1
DA:110,22
DA:111,22
DA:112,22
DA:113,22
DA:114,22
DA:115,22
DA:116,1
LF:91
LH:91
BRDA:15,0,0,54
BRDA:30,1,0,26
BRDA:45,2,0,20
BRDA:56,3,0,23
BRDA:73,4,0,23
BRDA:85,5,0,22
BRDA:97,6,0,23
BRDA:109,7,0,22
BRF:8
BRH:8
end_of_record
TN:
SF:src/components/autocomplete/autocomplete.tsx
FN:30,Autocomplete2
FN:72,clearSelection
FN:80,handleClickOutside
FN:116,handleInputChange
FN:123,handleOptionClick
FN:130,handleKeyDown
FN:170,onFocus
FN:183,onClick
FN:210,onClick
FNF:9
FNH:9
FNDA:193,Autocomplete2
FNDA:1,clearSelection
FNDA:29,handleClickOutside
FNDA:16,handleInputChange
FNDA:7,handleOptionClick
FNDA:26,handleKeyDown
FNDA:23,onFocus
FNDA:1,onClick
FNDA:6,onClick
DA:3,1
DA:4,1
DA:5,1
DA:13,1
DA:30,1
DA:31,193
DA:32,193
DA:33,193
DA:34,193
DA:35,193
DA:36,193
DA:37,193
DA:38,193
DA:39,193
DA:40,193
DA:42,193
DA:43,193
DA:44,193
DA:45,193
DA:46,193
DA:47,193
DA:48,193
DA:49,193
DA:51,193
DA:52,193
DA:53,193
DA:55,193
DA:56,35
DA:57,2
DA:58,2
DA:59,2
DA:60,2
DA:61,2
DA:62,2
DA:63,2
DA:64,0
DA:65,0
DA:66,0
DA:67,2
DA:68,193
DA:71,193
DA:72,4
DA:73,1
DA:74,1
DA:75,1
DA:76,1
DA:77,193
DA:79,193
DA:80,34
DA:81,29
DA:82,29
DA:83,29
DA:84,29
DA:85,1
DA:86,1
DA:87,29
DA:89,34
DA:90,34
DA:91,34
DA:92,34
DA:93,193
DA:95,193
DA:96,61
DA:97,290
DA:98,61
DA:99,61
DA:100,61
DA:101,193
DA:103,193
DA:104,127
DA:105,39
DA:106,39
DA:107,39
DA:108,39
DA:110,39
DA:111,39
DA:112,39
DA:113,39
DA:114,193
DA:116,193
DA:117,16
DA:118,16
DA:119,16
DA:120,16
DA:121,16
DA:123,193
DA:124,7
DA:125,7
DA:126,7
DA:127,7
DA:128,7
DA:130,193
DA:131,26
DA:132,0
DA:133,0
DA:134,0
DA:135,0
DA:136,0
DA:138,26
DA:139,26
DA:140,7
DA:141,7
DA:142,26
DA:143,1
DA:144,1
DA:145,26
DA:146,1
DA:147,1
DA:148,1
DA:149,1
DA:150,26
DA:151,1
DA:152,1
DA:153,26
DA:154,26
DA:156,193
DA:157,73
DA:158,6
DA:159,6
DA:160,6
DA:161,193
DA:163,193
DA:164,193
DA:165,193
DA:166,193
DA:167,193
DA:168,193
DA:169,193
DA:170,193
DA:171,193
DA:172,193
DA:173,193
DA:174,193
DA:175,193
DA:176,193
DA:177,193
DA:178,193
DA:179,193
DA:180,193
DA:181,25
DA:182,25
DA:183,25
DA:184,1
DA:185,1
DA:186,1
DA:187,1
DA:189,25
DA:190,25
DA:191,168
DA:193,193
DA:195,193
DA:196,88
DA:197,88
DA:198,88
DA:199,88
DA:200,88
DA:201,88
DA:202,88
DA:204,88
DA:205,316
DA:207,316
DA:208,316
DA:209,316
DA:210,316
DA:211,316
DA:212,316
DA:213,316
DA:214,316
DA:215,316
DA:216,316
DA:218,316
DA:219,2962
DA:220,1323
DA:221,1323
DA:222,1323
DA:224,1639
DA:226,316
DA:227,316
DA:229,88
DA:230,88
DA:232,193
DA:234,193
LF:182
LH:174
BRDA:30,0,0,193
BRDA:42,1,0,8
BRDA:42,2,0,185
BRDA:48,3,0,185
BRDA:180,4,0,25
BRDA:190,5,0,168
BRDA:195,6,0,101
BRDA:195,7,0,88
BRDA:200,8,0,0
BRDA:55,9,0,35
BRDA:56,10,0,2
BRDA:63,11,0,0
BRDA:58,12,0,3
BRDA:71,13,0,4
BRDA:72,14,0,1
BRDA:79,15,0,34
BRDA:80,16,0,29
BRDA:84,17,0,1
BRDA:90,18,0,34
BRDA:95,19,0,61
BRDA:96,20,0,290
BRDA:103,21,0,127
BRDA:104,22,0,39
BRDA:104,23,0,39
BRDA:111,24,0,0
BRDA:111,25,0,0
BRDA:116,26,0,16
BRDA:118,27,0,4
BRDA:123,28,0,7
BRDA:130,29,0,26
BRDA:131,30,0,0
BRDA:139,31,0,7
BRDA:142,32,0,1
BRDA:145,33,0,1
BRDA:150,34,0,1
BRDA:140,35,0,7
BRDA:140,36,0,6
BRDA:140,37,0,1
BRDA:143,38,0,1
BRDA:143,39,0,0
BRDA:156,40,0,73
BRDA:157,41,0,29
BRDA:157,42,0,29
BRDA:157,43,0,6
BRDA:170,44,0,23
BRDA:183,45,0,1
BRDA:204,46,0,316
BRDA:212,47,0,7
BRDA:212,48,0,309
BRDA:213,49,0,0
BRDA:213,50,0,0
BRDA:210,51,0,6
BRDA:218,52,0,2962
BRDA:219,53,0,1323
BRDA:222,54,0,1639
BRF:55
BRH:47
end_of_record
TN:
SF:src/components/avatar/avatar.tsx
FNF:0
FNH:0
DA:1,1
DA:2,1
DA:4,1
DA:6,1
DA:9,1
DA:10,25
DA:11,25
DA:12,25
DA:13,25
DA:14,25
DA:15,25
DA:16,25
DA:17,25
DA:18,25
DA:19,1
DA:21,1
DA:24,1
DA:25,5
DA:26,5
DA:27,5
DA:28,5
DA:29,5
DA:30,5
DA:31,1
DA:33,1
DA:36,1
DA:37,25
DA:38,25
DA:39,25
DA:40,25
DA:41,25
DA:42,25
DA:43,25
DA:44,25
DA:45,25
DA:46,1
LF:36
LH:36
BRDA:9,0,0,25
BRDA:24,1,0,5
BRDA:36,2,0,25
BRF:3
BRH:3
end_of_record
TN:
SF:src/components/badge/badge.tsx
FN:30,Badge
FNF:1
FNH:1
FNDA:94,Badge
DA:1,1
DA:4,1
DA:6,1
DA:7,1
DA:8,1
DA:9,1
DA:10,1
DA:11,1
DA:12,1
DA:13,1
DA:14,1
DA:15,1
DA:16,1
DA:17,1
DA:18,1
DA:19,1
DA:20,1
DA:21,1
DA:22,1
DA:23,1
DA:24,1
DA:30,94
DA:31,94
DA:32,94
LF:24
LH:24
BRDA:30,0,0,94
BRF:1
BRH:1
end_of_record
TN:
SF:src/components/button/button.tsx
FN:44,Button
FNF:1
FNH:1
FNDA:580,Button
DA:1,1
DA:2,1
DA:5,1
DA:6,1
DA:8,1
DA:9,1
DA:10,1
DA:11,1
DA:12,1
DA:13,1
DA:14,1
DA:15,1
DA:16,1
DA:17,1
DA:18,1
DA:19,1
DA:20,1
DA:21,1
DA:22,1
DA:23,1
DA:24,1
DA:25,1
DA:26,1
DA:27,1
DA:28,1
DA:29,1
DA:30,1
DA:31,1
DA:32,1
DA:33,1
DA:34,1
DA:35,1
DA:36,1
DA:44,580
DA:45,580
DA:46,580
DA:47,580
DA:48,580
DA:49,580
DA:50,580
DA:51,580
DA:52,580
DA:56,580
DA:58,3
DA:59,0
DA:60,0
DA:61,0
DA:62,0
DA:64,3
DA:65,3
DA:66,3
DA:67,3
DA:68,3
DA:70,3
DA:71,3
DA:73,3
DA:75,577
DA:76,577
DA:77,577
DA:78,577
DA:79,577
DA:81,580
DA:82,580
DA:83,580
DA:85,580
LF:65
LH:61
BRDA:44,0,0,580
BRDA:52,1,0,3
BRDA:52,2,0,577
BRDA:56,3,0,3
BRDA:58,4,0,1
BRDA:58,5,0,0
BRDA:73,6,0,577
BRDA:81,7,0,7
BRF:8
BRH:7
end_of_record
TN:
SF:src/components/calendar/calendar.tsx
FN:12,Calendar
FN:22,handlePrevMonth
FN:26,handleNextMonth
FN:30,handleDayClick
FN:90,onClick
FNF:5
FNH:5
FNDA:45,Calendar
FNDA:3,handlePrevMonth
FNDA:6,handleNextMonth
FNDA:5,handleDayClick
FNDA:5,onClick
DA:1,1
DA:2,1
DA:3,1
DA:4,1
DA:12,1
DA:13,45
DA:14,45
DA:15,45
DA:16,45
DA:17,45
DA:19,45
DA:20,45
DA:22,45
DA:23,3
DA:24,3
DA:26,45
DA:27,6
DA:28,6
DA:30,45
DA:31,5
DA:32,3
DA:33,3
DA:34,5
DA:36,45
DA:37,45
DA:38,45
DA:40,45
DA:41,45
DA:42,315
DA:43,45
DA:45,45
DA:46,45
DA:47,45
DA:48,45
DA:49,45
DA:51,45
DA:52,45
DA:53,45
DA:54,45
DA:55,45
DA:57,45
DA:58,45
DA:59,45
DA:60,45
DA:61,45
DA:62,45
DA:63,45
DA:64,45
DA:65,45
DA:67,45
DA:68,45
DA:69,45
DA:71,45
DA:72,45
DA:73,315
DA:74,315
DA:75,315
DA:76,45
DA:78,45
DA:79,79
DA:80,45
DA:82,45
DA:83,1384
DA:84,1384
DA:85,1384
DA:86,1384
DA:87,369
DA:88,11
DA:89,1384
DA:90,1384
DA:91,1384
DA:92,1384
DA:93,1384
DA:94,11
DA:95,1373
DA:98,1384
DA:99,1384
DA:100,45
DA:101,45
DA:102,45
DA:104,45
LF:81
LH:81
BRDA:12,0,0,45
BRDA:17,1,0,33
BRDA:22,2,0,3
BRDA:23,3,0,3
BRDA:26,4,0,6
BRDA:27,5,0,6
BRDA:30,6,0,5
BRDA:31,7,0,3
BRDA:38,8,0,1384
BRDA:41,9,0,315
BRDA:72,10,0,315
BRDA:78,11,0,79
BRDA:82,12,0,1384
BRDA:86,13,0,369
BRDA:87,14,0,11
BRDA:93,15,0,369
BRDA:93,16,0,11
BRDA:94,17,0,1373
BRDA:90,18,0,5
BRF:19
BRH:19
end_of_record
TN:
SF:src/components/card/card.tsx
FN:5,Card
FN:18,CardHeader
FN:31,CardTitle
FN:41,CardDescription
FN:51,CardAction
FN:64,CardContent
FN:68,CardFooter
FNF:7
FNH:7
FNDA:22,Card
FNDA:5,CardHeader
FNDA:5,CardTitle
FNDA:4,CardDescription
FNDA:4,CardAction
FNDA:7,CardContent
FNDA:4,CardFooter
DA:3,1
DA:5,22
DA:6,22
DA:7,22
DA:8,22
DA:9,22
DA:10,22
DA:11,22
DA:12,22
DA:13,22
DA:14,22
DA:16,22
DA:18,5
DA:19,5
DA:20,5
DA:21,5
DA:22,5
DA:23,5
DA:24,5
DA:25,5
DA:26,5
DA:27,5
DA:29,5
DA:31,5
DA:32,5
DA:33,5
DA:34,5
DA:35,5
DA:36,5
DA:37,5
DA:39,5
DA:41,4
DA:42,4
DA:43,4
DA:44,4
DA:45,4
DA:46,4
DA:47,4
DA:49,4
DA:51,4
DA:52,4
DA:53,4
DA:54,4
DA:55,4
DA:56,4
DA:57,4
DA:58,4
DA:59,4
DA:60,4
DA:62,4
DA:64,7
DA:65,7
DA:66,7
DA:68,4
DA:69,4
DA:70,4
DA:71,4
DA:72,4
DA:73,4
DA:74,4
DA:76,4
LF:61
LH:61
BRDA:5,0,0,22
BRDA:18,1,0,5
BRDA:31,2,0,5
BRDA:41,3,0,4
BRDA:51,4,0,4
BRDA:64,5,0,7
BRDA:68,6,0,4
BRF:7
BRH:7
end_of_record
TN:
SF:src/components/carousel/carousel.tsx
FN:33,useCarousel
FN:43,Carousel
FN:132,CarouselContent
FN:149,CarouselItem
FN:167,CarouselPrevious
FN:197,CarouselNext
FNF:6
FNH:6
FNDA:170,useCarousel
FNDA:66,Carousel
FNDA:69,CarouselContent
FNDA:70,CarouselItem
FNDA:16,CarouselPrevious
FNDA:16,CarouselNext
DA:3,1
DA:4,1
DA:5,1
DA:7,1
DA:8,1
DA:31,1
DA:33,170
DA:34,170
DA:36,170
DA:37,2
DA:38,2
DA:40,168
DA:41,168
DA:43,66
DA:44,66
DA:45,66
DA:46,66
DA:47,66
DA:48,66
DA:49,66
DA:50,66
DA:51,66
DA:52,66
DA:53,66
DA:54,66
DA:55,66
DA:56,66
DA:57,66
DA:58,66
DA:59,66
DA:60,66
DA:62,66
DA:63,33
DA:64,33
DA:65,33
DA:66,66
DA:68,66
DA:69,1
DA:70,66
DA:72,66
DA:73,1
DA:74,66
DA:76,66
DA:77,66
DA:78,0
DA:79,0
DA:80,0
DA:81,0
DA:82,0
DA:83,0
DA:84,0
DA:85,0
DA:86,66
DA:87,66
DA:89,66
DA:90,33
DA:91,1
DA:92,66
DA:94,66
DA:95,33
DA:96,33
DA:97,33
DA:98,33
DA:100,33
DA:101,33
DA:102,33
DA:103,66
DA:105,66
DA:106,66
DA:107,66
DA:108,66
DA:109,66
DA:110,66
DA:111,66
DA:112,66
DA:113,66
DA:114,66
DA:115,66
DA:116,66
DA:118,66
DA:119,66
DA:120,66
DA:121,66
DA:122,66
DA:123,66
DA:124,66
DA:126,66
DA:127,66
DA:128,66
DA:130,66
DA:132,69
DA:133,69
DA:135,69
DA:136,69
DA:137,69
DA:138,69
DA:139,69
DA:140,69
DA:141,69
DA:142,69
DA:143,69
DA:144,69
DA:145,69
DA:147,69
DA:149,70
DA:150,70
DA:152,70
DA:153,70
DA:154,70
DA:155,70
DA:156,70
DA:157,70
DA:158,70
DA:159,70
DA:160,70
DA:161,70
DA:162,70
DA:163,70
DA:165,70
DA:167,16
DA:168,16
DA:169,16
DA:170,16
DA:171,16
DA:172,16
DA:173,16
DA:175,16
DA:176,16
DA:177,16
DA:178,16
DA:179,16
DA:180,16
DA:181,16
DA:182,16
DA:183,14
DA:184,2
DA:185,16
DA:186,16
DA:187,16
DA:188,16
DA:189,16
DA:191,16
DA:192,16
DA:193,16
DA:195,16
DA:197,16
DA:198,16
DA:199,16
DA:200,16
DA:201,16
DA:202,16
DA:203,16
DA:205,16
DA:206,16
DA:207,16
DA:208,16
DA:209,16
DA:210,16
DA:211,16
DA:212,16
DA:213,14
DA:214,2
DA:215,16
DA:216,16
DA:217,16
DA:218,16
DA:219,16
DA:221,16
DA:222,16
DA:223,16
DA:225,16
LF:171
LH:163
BRDA:33,0,0,170
BRDA:36,1,0,2
BRDA:38,2,0,168
BRDA:43,3,0,66
BRDA:55,4,0,58
BRDA:55,5,0,8
BRDA:111,6,0,0
BRDA:62,7,0,33
BRDA:63,8,0,0
BRDA:68,9,0,1
BRDA:72,10,0,1
BRDA:89,11,0,33
BRDA:90,12,0,32
BRDA:90,13,0,1
BRDA:94,14,0,33
BRDA:95,15,0,0
BRDA:100,16,0,33
BRDA:132,17,0,69
BRDA:140,18,0,58
BRDA:140,19,0,8
BRDA:149,20,0,70
BRDA:159,21,0,62
BRDA:159,22,0,8
BRDA:167,23,0,16
BRDA:182,24,0,14
BRDA:183,25,0,2
BRDA:197,26,0,16
BRDA:212,27,0,14
BRDA:213,28,0,2
BRF:29
BRH:26
end_of_record
TN:
SF:src/components/checkbox/checkbox.tsx
FNF:0
FNH:0
DA:1,1
DA:2,1
DA:3,1
DA:5,1
DA:7,1
DA:10,1
DA:11,37
DA:12,37
DA:13,37
DA:14,37
DA:15,37
DA:16,37
DA:17,37
DA:19,37
DA:20,37
DA:22,37
DA:23,37
DA:24,37
DA:25,37
DA:26,1
LF:20
LH:20
BRDA:10,0,0,37
BRF:1
BRH:1
end_of_record
TN:
SF:src/components/collapsible/collapsible.tsx
FN:5,Collapsible
FN:11,CollapsibleTrigger
FN:19,CollapsibleContent
FNF:3
FNH:3
FNDA:43,Collapsible
FNDA:41,CollapsibleTrigger
FNDA:41,CollapsibleContent
DA:3,1
DA:5,43
DA:6,43
DA:7,43
DA:8,43
DA:9,43
DA:11,41
DA:12,41
DA:13,41
DA:14,41
DA:15,41
DA:17,41
DA:19,41
DA:20,41
DA:21,41
DA:22,41
DA:23,41
DA:25,41
LF:18
LH:18
BRDA:5,0,0,43
BRDA:11,1,0,41
BRDA:19,2,0,41
BRF:3
BRH:3
end_of_record
TN:
SF:src/components/command/command.tsx
FN:25,CommandDialog
FN:122,CommandShortcut
FNF:2
FNH:2
FNDA:3,CommandDialog
FNDA:6,CommandShortcut
DA:3,1
DA:5,1
DA:6,1
DA:7,1
DA:8,1
DA:10,1
DA:13,1
DA:14,73
DA:15,73
DA:16,73
DA:17,73
DA:18,73
DA:19,73
DA:20,73
DA:21,73
DA:22,73
DA:23,1
DA:25,1
DA:26,3
DA:27,3
DA:28,3
DA:29,3
DA:30,3
DA:31,3
DA:32,3
DA:33,3
DA:35,3
DA:37,1
DA:40,1
DA:41,58
DA:42,58
DA:43,58
DA:44,58
DA:45,58
DA:46,58
DA:47,58
DA:48,58
DA:49,58
DA:50,58
DA:51,58
DA:52,1
DA:54,1
DA:56,1
DA:59,1
DA:60,67
DA:61,67
DA:62,67
DA:63,67
DA:64,67
DA:65,67
DA:67,1
DA:69,1
DA:72,1
DA:73,42
DA:74,1
DA:76,1
DA:78,1
DA:81,1
DA:82,81
DA:83,81
DA:84,81
DA:85,81
DA:86,81
DA:87,81
DA:88,81
DA:89,81
DA:90,81
DA:92,1
DA:94,1
DA:97,1
DA:98,41
DA:99,41
DA:100,41
DA:101,41
DA:102,41
DA:103,41
DA:104,1
DA:106,1
DA:109,1
DA:110,322
DA:111,322
DA:112,322
DA:113,322
DA:114,322
DA:115,322
DA:116,322
DA:117,322
DA:118,322
DA:120,1
DA:122,1
DA:123,6
DA:124,6
DA:125,6
DA:126,6
DA:127,6
DA:128,6
DA:129,6
DA:130,6
DA:132,6
DA:133,1
LF:100
LH:100
BRDA:13,0,0,73
BRDA:25,1,0,3
BRDA:40,2,0,58
BRDA:59,3,0,67
BRDA:72,4,0,42
BRDA:81,5,0,81
BRDA:97,6,0,41
BRDA:109,7,0,322
BRDA:122,8,0,6
BRF:9
BRH:9
end_of_record
TN:
SF:src/components/currency-input/currency-input.tsx
FN:30,formatNumber
FN:37,handleInputChange
FN:68,handleFocus
FNF:3
FNH:3
FNDA:91,formatNumber
FNDA:56,handleInputChange
FNDA:21,handleFocus
DA:1,1
DA:2,1
DA:11,1
DA:12,1
DA:13,121
DA:14,121
DA:15,121
DA:16,121
DA:17,121
DA:18,121
DA:19,121
DA:20,121
DA:21,121
DA:23,121
DA:25,121
DA:27,121
DA:30,121
DA:31,91
DA:32,91
DA:33,91
DA:34,91
DA:37,121
DA:38,56
DA:39,56
DA:42,56
DA:43,9
DA:44,9
DA:45,9
DA:46,9
DA:48,47
DA:51,47
DA:54,47
DA:57,47
DA:58,47
DA:59,47
DA:60,47
DA:61,47
DA:62,47
DA:63,47
DA:64,47
DA:65,56
DA:68,121
DA:69,21
DA:70,21
DA:71,21
DA:72,21
DA:73,21
DA:74,21
DA:75,21
DA:78,121
DA:79,35
DA:81,121
DA:83,121
DA:84,121
DA:85,121
DA:86,121
DA:87,121
DA:88,121
DA:89,121
DA:90,121
DA:91,121
DA:92,121
DA:93,121
DA:94,121
DA:95,121
DA:97,121
DA:98,1
DA:100,1
LF:68
LH:68
BRDA:12,0,0,121
BRDA:25,1,0,4
BRDA:30,2,0,91
BRDA:37,3,0,56
BRDA:42,4,0,9
BRDA:46,5,0,47
BRDA:58,6,0,47
BRDA:59,7,0,30
BRDA:68,8,0,21
BRDA:78,9,0,35
BRF:10
BRH:10
end_of_record
TN:
SF:src/components/dialog/dialog.tsx
FN:59,DialogHeader
FN:67,DialogFooter
FNF:2
FNH:2
FNDA:4,DialogHeader
FNDA:3,DialogFooter
DA:1,1
DA:2,1
DA:3,1
DA:4,1
DA:6,1
DA:8,1
DA:10,1
DA:12,1
DA:14,1
DA:17,1
DA:18,67
DA:19,67
DA:20,67
DA:21,67
DA:22,67
DA:23,67
DA:24,67
DA:25,67
DA:26,67
DA:27,1
DA:29,1
DA:34,1
DA:35,39
DA:36,39
DA:37,39
DA:38,39
DA:39,39
DA:40,39
DA:41,39
DA:42,39
DA:43,39
DA:44,39
DA:45,39
DA:47,39
DA:48,39
DA:49,38
DA:50,38
DA:51,38
DA:52,38
DA:54,39
DA:55,39
DA:56,1
DA:57,1
DA:59,1
DA:60,4
DA:61,4
DA:62,4
DA:63,4
DA:65,1
DA:67,1
DA:68,3
DA:69,3
DA:70,3
DA:71,3
DA:72,3
DA:73,3
DA:74,3
DA:76,1
DA:78,1
DA:81,1
DA:82,31
DA:83,31
DA:84,31
DA:85,31
DA:86,31
DA:87,31
DA:88,1
DA:90,1
DA:93,1
DA:94,7
DA:95,7
DA:96,7
DA:97,7
DA:98,7
DA:99,7
DA:100,1
LF:76
LH:76
BRDA:17,0,0,67
BRDA:34,1,0,39
BRDA:48,2,0,38
BRDA:59,3,0,4
BRDA:67,4,0,3
BRDA:81,5,0,31
BRDA:93,6,0,7
BRF:7
BRH:7
end_of_record
TN:
SF:src/components/dropdown-menu/dropdown-menu.tsx
FN:163,DropdownMenuShortcut
FNF:1
FNH:1
FNDA:4,DropdownMenuShortcut
DA:1,1
DA:2,1
DA:3,1
DA:5,1
DA:7,1
DA:9,1
DA:11,1
DA:13,1
DA:15,1
DA:17,1
DA:19,1
DA:24,1
DA:25,4
DA:26,4
DA:27,4
DA:28,4
DA:29,4
DA:30,4
DA:31,4
DA:32,4
DA:34,4
DA:35,4
DA:36,4
DA:37,4
DA:38,1
DA:40,1
DA:43,1
DA:44,4
DA:45,4
DA:46,4
DA:47,4
DA:48,4
DA:49,4
DA:50,4
DA:51,4
DA:52,4
DA:53,1
DA:55,1
DA:58,1
DA:59,43
DA:60,43
DA:61,43
DA:62,43
DA:63,43
DA:64,43
DA:65,43
DA:66,43
DA:67,43
DA:68,43
DA:69,43
DA:70,43
DA:71,1
DA:72,1
DA:74,1
DA:79,1
DA:80,38
DA:81,38
DA:82,38
DA:83,38
DA:84,38
DA:85,38
DA:86,38
DA:87,38
DA:88,38
DA:89,38
DA:90,1
DA:92,1
DA:95,1
DA:96,5
DA:97,5
DA:98,5
DA:99,5
DA:100,5
DA:101,5
DA:102,5
DA:103,5
DA:105,5
DA:106,5
DA:107,5
DA:108,5
DA:109,5
DA:110,5
DA:111,5
DA:112,5
DA:113,1
DA:115,1
DA:118,1
DA:119,7
DA:120,7
DA:121,7
DA:122,7
DA:123,7
DA:124,7
DA:125,7
DA:127,7
DA:128,7
DA:129,7
DA:130,7
DA:131,7
DA:132,7
DA:133,7
DA:134,7
DA:135,1
DA:137,1
DA:142,1
DA:143,4
DA:144,4
DA:145,4
DA:146,4
DA:147,4
DA:148,4
DA:149,1
DA:151,1
DA:154,1
DA:155,5
DA:156,5
DA:157,5
DA:158,5
DA:159,5
DA:160,5
DA:161,1
DA:163,1
DA:164,4
DA:165,4
DA:166,4
DA:167,4
DA:168,4
DA:169,4
DA:170,4
DA:171,4
DA:173,4
DA:174,1
LF:132
LH:132
BRDA:24,0,0,4
BRDA:29,1,0,1
BRDA:43,2,0,4
BRDA:58,3,0,43
BRDA:79,4,0,38
BRDA:84,5,0,1
BRDA:95,6,0,5
BRDA:118,7,0,7
BRDA:142,8,0,4
BRDA:145,9,0,1
BRDA:154,10,0,5
BRDA:163,11,0,4
BRF:12
BRH:12
end_of_record
TN:
SF:src/components/input/input.tsx
FNF:0
FNH:0
DA:1,1
DA:2,1
DA:3,1
DA:5,1
DA:6,1
DA:7,1
DA:8,1
DA:9,1
DA:10,1
DA:11,1
DA:12,1
DA:13,1
DA:14,1
DA:15,1
DA:16,1
DA:17,1
DA:18,1
DA:19,1
DA:20,1
DA:21,1
DA:27,1
DA:28,1
DA:29,652
DA:30,652
DA:31,652
DA:32,652
DA:33,652
DA:34,652
DA:35,652
DA:37,652
DA:38,1
DA:39,1
LF:32
LH:32
BRDA:28,0,0,652
BRF:1
BRH:1
end_of_record
TN:
SF:src/components/label/index.tsx
FN:1,(empty-report)
FNF:1
FNH:0
FNDA:0,(empty-report)
DA:1,0
LF:1
LH:0
BRDA:1,0,0,0
BRF:1
BRH:0
end_of_record
TN:
SF:src/components/label/label.tsx
FNF:0
FNH:0
DA:1,1
DA:2,1
DA:3,1
DA:4,1
DA:6,1
DA:7,1
DA:8,1
DA:10,1
DA:14,1
DA:15,34
DA:16,1
DA:17,1
LF:12
LH:12
BRDA:14,0,0,34
BRF:1
BRH:1
end_of_record
TN:
SF:src/components/multi-select/multi-select.tsx
FN:120,handleInputKeyDown
FN:131,toggleOption
FN:139,handleClear
FN:144,handleTogglePopover
FN:148,clearExtraOptions
FN:154,toggleAll
FN:187,onClick
FN:205,onClick
FN:216,onClick
FN:236,onEscapeKeyDown
FN:261,onSelect
FN:295,onSelect
FNF:12
FNH:12
FNDA:22,handleInputKeyDown
FNDA:9,toggleOption
FNDA:3,handleClear
FNDA:21,handleTogglePopover
FNDA:1,clearExtraOptions
FNDA:3,toggleAll
FNDA:1,onClick
FNDA:1,onClick
FNDA:1,onClick
FNDA:2,onEscapeKeyDown
FNDA:8,onSelect
FNDA:1,onSelect
DA:3,1
DA:4,1
DA:5,1
DA:7,1
DA:8,1
DA:9,1
DA:10,1
DA:19,1
DA:20,1
DA:26,1
DA:27,1
DA:28,1
DA:29,1
DA:30,1
DA:31,1
DA:32,1
DA:33,1
DA:34,1
DA:35,1
DA:36,1
DA:37,1
DA:38,1
DA:39,1
DA:40,1
DA:100,1
DA:101,1
DA:102,83
DA:103,83
DA:104,83
DA:105,83
DA:106,83
DA:107,83
DA:108,83
DA:109,83
DA:110,83
DA:111,83
DA:112,83
DA:113,83
DA:114,83
DA:115,83
DA:116,83
DA:117,83
DA:118,83
DA:120,83
DA:121,22
DA:122,1
DA:123,22
DA:124,1
DA:125,1
DA:126,1
DA:127,1
DA:128,1
DA:129,22
DA:131,83
DA:132,9
DA:133,3
DA:134,6
DA:135,9
DA:136,9
DA:137,9
DA:139,83
DA:140,3
DA:141,3
DA:142,3
DA:144,83
DA:145,21
DA:146,21
DA:148,83
DA:149,1
DA:150,1
DA:151,1
DA:152,1
DA:154,83
DA:155,3
DA:156,1
DA:157,3
DA:158,2
DA:159,2
DA:160,2
DA:161,2
DA:162,3
DA:164,83
DA:165,83
DA:166,83
DA:167,83
DA:168,83
DA:169,83
DA:170,83
DA:171,83
DA:172,83
DA:173,83
DA:174,83
DA:176,83
DA:177,37
DA:178,37
DA:179,37
DA:180,60
DA:182,60
DA:183,60
DA:184,60
DA:185,60
DA:186,60
DA:187,60
DA:188,1
DA:189,1
DA:190,1
DA:191,60
DA:192,60
DA:194,37
DA:195,37
DA:196,7
DA:197,7
DA:198,7
DA:199,7
DA:200,7
DA:202,7
DA:203,7
DA:204,7
DA:205,7
DA:206,1
DA:207,1
DA:208,1
DA:209,7
DA:210,7
DA:212,37
DA:213,37
DA:214,37
DA:215,37
DA:216,37
DA:217,1
DA:218,1
DA:219,1
DA:220,37
DA:221,37
DA:222,37
DA:223,37
DA:224,37
DA:226,46
DA:227,46
DA:228,46
DA:229,46
DA:231,83
DA:232,83
DA:233,83
DA:234,83
DA:235,83
DA:236,83
DA:238,83
DA:239,83
DA:240,83
DA:241,83
DA:242,83
DA:243,83
DA:244,83
DA:245,83
DA:246,83
DA:247,83
DA:248,5
DA:249,78
DA:250,83
DA:252,83
DA:253,83
DA:254,83
DA:255,83
DA:256,83
DA:257,410
DA:258,410
DA:259,410
DA:260,410
DA:261,410
DA:262,410
DA:264,410
DA:265,410
DA:266,410
DA:267,410
DA:268,74
DA:269,336
DA:270,410
DA:272,410
DA:273,410
DA:275,410
DA:276,410
DA:278,83
DA:279,83
DA:280,83
DA:281,83
DA:282,83
DA:283,83
DA:284,37
DA:285,37
DA:286,37
DA:287,37
DA:288,37
DA:290,37
DA:291,37
DA:292,37
DA:294,83
DA:295,83
DA:296,83
DA:297,83
DA:299,83
DA:300,83
DA:301,83
DA:302,83
DA:303,83
DA:304,83
DA:305,83
DA:307,83
DA:308,1
DA:310,1
LF:210
LH:210
BRDA:101,0,0,83
BRDA:176,1,0,37
BRDA:195,2,0,7
BRDA:224,3,0,46
BRDA:247,4,0,5
BRDA:248,5,0,78
BRDA:283,6,0,37
BRDA:120,7,0,22
BRDA:121,8,0,1
BRDA:123,9,0,21
BRDA:123,10,0,1
BRDA:123,11,0,1
BRDA:131,12,0,9
BRDA:132,13,0,3
BRDA:133,14,0,6
BRDA:133,15,0,4
BRDA:139,16,0,3
BRDA:144,17,0,21
BRDA:145,18,0,21
BRDA:148,19,0,1
BRDA:154,20,0,3
BRDA:155,21,0,1
BRDA:157,22,0,2
BRDA:158,23,0,10
BRDA:179,24,0,60
BRDA:180,25,0,89
BRDA:187,26,0,1
BRDA:205,27,0,1
BRDA:216,28,0,1
BRDA:236,29,0,2
BRDA:256,30,0,410
BRDA:267,31,0,74
BRDA:268,32,0,336
BRDA:261,33,0,8
BRDA:295,34,0,1
BRF:35
BRH:35
end_of_record
TN:
SF:src/components/navigation-menu/navigation-menu.tsx
FN:8,NavigationMenu
FN:32,NavigationMenuList
FN:48,NavigationMenuItem
FN:65,NavigationMenuTrigger
FN:85,NavigationMenuContent
FN:102,NavigationMenuViewport
FN:120,NavigationMenuLink
FN:136,NavigationMenuIndicator
FNF:8
FNH:7
FNDA:32,NavigationMenu
FNDA:31,NavigationMenuList
FNDA:35,NavigationMenuItem
FNDA:30,NavigationMenuTrigger
FNDA:12,NavigationMenuContent
FNDA:31,NavigationMenuViewport
FNDA:11,NavigationMenuLink
FNDA:0,NavigationMenuIndicator
DA:1,1
DA:2,1
DA:3,1
DA:6,1
DA:8,32
DA:9,32
DA:10,32
DA:11,32
DA:12,32
DA:13,32
DA:15,32
DA:16,32
DA:17,32
DA:18,32
DA:19,32
DA:20,32
DA:21,32
DA:22,32
DA:23,32
DA:24,32
DA:26,32
DA:27,32
DA:28,32
DA:30,32
DA:32,31
DA:33,31
DA:34,31
DA:35,31
DA:36,31
DA:37,31
DA:38,31
DA:39,31
DA:40,31
DA:41,31
DA:42,31
DA:43,31
DA:44,31
DA:46,31
DA:48,35
DA:49,35
DA:50,35
DA:51,35
DA:52,35
DA:53,35
DA:54,35
DA:55,35
DA:56,35
DA:57,35
DA:59,35
DA:61,1
DA:62,1
DA:63,1
DA:65,30
DA:66,30
DA:67,30
DA:68,30
DA:69,30
DA:70,30
DA:71,30
DA:72,30
DA:73,30
DA:74,30
DA:76,30
DA:77,30
DA:78,30
DA:79,30
DA:80,30
DA:81,30
DA:83,30
DA:85,12
DA:86,12
DA:87,12
DA:88,12
DA:89,12
DA:90,12
DA:91,12
DA:92,12
DA:93,12
DA:94,12
DA:95,12
DA:96,12
DA:97,12
DA:98,12
DA:100,12
DA:102,31
DA:103,31
DA:104,31
DA:105,31
DA:106,31
DA:107,31
DA:108,31
DA:109,31
DA:110,31
DA:111,31
DA:112,31
DA:113,31
DA:114,31
DA:115,31
DA:116,31
DA:118,31
DA:120,11
DA:121,11
DA:122,11
DA:123,11
DA:124,11
DA:125,11
DA:126,11
DA:127,11
DA:128,11
DA:129,11
DA:130,11
DA:131,11
DA:132,11
DA:134,11
DA:136,0
DA:137,0
DA:138,0
DA:139,0
DA:140,0
DA:141,0
DA:142,0
DA:143,0
DA:144,0
DA:145,0
DA:146,0
DA:147,0
DA:149,0
DA:150,0
DA:152,0
LF:129
LH:114
BRDA:8,0,0,32
BRDA:27,1,0,31
BRDA:32,2,0,31
BRDA:48,3,0,35
BRDA:65,4,0,30
BRDA:85,5,0,12
BRDA:102,6,0,31
BRDA:120,7,0,11
BRF:8
BRH:8
end_of_record
TN:
SF:src/components/pagination/pagination.tsx
FN:6,Pagination
FN:38,PaginationLink
FN:61,PaginationPrevious
FN:75,PaginationNext
FN:85,PaginationEllipsis
FNF:5
FNH:5
FNDA:48,Pagination
FNDA:66,PaginationLink
FNDA:11,PaginationPrevious
FNDA:11,PaginationNext
FNDA:8,PaginationEllipsis
DA:1,1
DA:2,1
DA:3,1
DA:4,1
DA:6,1
DA:7,48
DA:8,48
DA:9,48
DA:10,48
DA:11,48
DA:12,48
DA:14,1
DA:16,1
DA:17,1
DA:18,47
DA:19,47
DA:20,47
DA:21,47
DA:22,47
DA:24,1
DA:25,1
DA:27,1
DA:28,1
DA:29,74
DA:31,1
DA:32,1
DA:38,1
DA:39,66
DA:40,66
DA:41,66
DA:42,66
DA:43,66
DA:44,66
DA:45,66
DA:46,66
DA:47,66
DA:48,66
DA:49,66
DA:50,66
DA:51,66
DA:52,66
DA:53,66
DA:54,66
DA:56,66
DA:57,66
DA:59,1
DA:61,1
DA:62,11
DA:63,11
DA:64,11
DA:65,11
DA:66,11
DA:67,11
DA:68,11
DA:70,11
DA:71,11
DA:73,1
DA:75,1
DA:76,11
DA:77,11
DA:78,11
DA:79,11
DA:80,11
DA:81,11
DA:83,1
DA:85,1
DA:86,8
DA:87,8
DA:88,8
DA:89,8
DA:91,8
DA:92,8
DA:93,8
DA:95,1
LF:74
LH:74
BRDA:6,0,0,48
BRDA:17,1,0,47
BRDA:28,2,0,74
BRDA:38,3,0,66
BRDA:45,4,0,8
BRDA:45,5,0,58
BRDA:48,6,0,8
BRDA:48,7,0,58
BRDA:51,8,0,8
BRDA:51,9,0,58
BRDA:61,10,0,11
BRDA:75,11,0,11
BRDA:85,12,0,8
BRF:13
BRH:13
end_of_record
TN:
SF:src/components/password-input/password-input.tsx
FN:21,PasswordInput
FN:41,calculateStrength
FN:50,getStrengthLabel
FN:61,handleChange
FN:81,onClick
FNF:5
FNH:5
FNDA:271,PasswordInput
FNDA:271,calculateStrength
FNDA:271,getStrengthLabel
FNDA:225,handleChange
FNDA:7,onClick
DA:1,1
DA:2,1
DA:3,1
DA:4,1
DA:5,1
DA:21,1
DA:22,271
DA:23,271
DA:24,271
DA:25,271
DA:26,271
DA:27,271
DA:28,271
DA:29,271
DA:30,271
DA:31,271
DA:32,271
DA:33,271
DA:34,271
DA:35,271
DA:36,271
DA:38,271
DA:39,271
DA:41,271
DA:42,271
DA:43,271
DA:44,271
DA:45,271
DA:46,271
DA:47,271
DA:48,271
DA:50,271
DA:51,271
DA:52,271
DA:53,271
DA:54,271
DA:55,11
DA:56,271
DA:58,271
DA:59,271
DA:61,271
DA:62,225
DA:63,225
DA:64,225
DA:66,271
DA:67,271
DA:68,271
DA:69,271
DA:70,271
DA:71,271
DA:72,271
DA:73,271
DA:74,271
DA:75,271
DA:76,271
DA:77,271
DA:78,271
DA:79,271
DA:80,271
DA:81,271
DA:82,271
DA:83,271
DA:85,271
DA:86,271
DA:87,271
DA:88,271
DA:89,270
DA:90,270
DA:91,270
DA:92,270
DA:93,270
DA:94,270
DA:95,270
DA:97,271
DA:99,271
LF:75
LH:75
BRDA:21,0,0,271
BRDA:71,1,0,6
BRDA:71,2,0,265
BRDA:74,3,0,270
BRDA:82,4,0,6
BRDA:82,5,0,265
BRDA:85,6,0,6
BRDA:85,7,0,265
BRDA:88,8,0,270
BRDA:41,9,0,271
BRDA:43,10,0,128
BRDA:44,11,0,215
BRDA:45,12,0,62
BRDA:46,13,0,11
BRDA:50,14,0,271
BRDA:51,15,0,49
BRDA:51,16,0,222
BRDA:52,17,0,59
BRDA:52,18,0,163
BRDA:53,19,0,143
BRDA:53,20,0,20
BRDA:54,21,0,9
BRDA:54,22,0,11
BRDA:61,23,0,225
BRDA:63,24,0,14
BRDA:81,25,0,7
BRF:26
BRH:26
end_of_record
TN:
SF:src/components/popover/popover.tsx
FNF:0
FNH:0
DA:1,1
DA:2,1
DA:3,1
DA:5,1
DA:7,1
DA:9,1
DA:11,1
DA:14,1
DA:15,118
DA:16,118
DA:17,118
DA:18,118
DA:19,118
DA:20,118
DA:21,118
DA:22,118
DA:23,118
DA:24,118
DA:25,118
DA:26,118
DA:27,1
DA:28,1
LF:22
LH:22
BRDA:14,0,0,118
BRF:1
BRH:1
end_of_record
TN:
SF:src/components/progress/progress.tsx
FNF:0
FNH:0
DA:1,1
DA:2,1
DA:4,1
DA:6,1
DA:9,1
DA:10,349
DA:11,349
DA:12,349
DA:13,349
DA:14,349
DA:15,349
DA:16,349
DA:18,349
DA:19,349
DA:20,349
DA:21,349
DA:22,349
DA:23,349
DA:24,1
LF:19
LH:19
BRDA:9,0,0,349
BRDA:20,1,0,58
BRF:2
BRH:2
end_of_record
TN:
SF:src/components/radio-group/radio-group.tsx
FNF:0
FNH:0
DA:1,1
DA:2,1
DA:3,1
DA:4,1
DA:6,1
DA:9,1
DA:10,47
DA:11,47
DA:12,47
DA:13,47
DA:14,47
DA:15,47
DA:17,47
DA:18,1
DA:20,1
DA:23,1
DA:24,82
DA:25,82
DA:26,82
DA:27,82
DA:28,82
DA:29,82
DA:30,82
DA:31,82
DA:33,82
DA:34,82
DA:35,82
DA:36,82
DA:38,82
DA:39,1
LF:30
LH:30
BRDA:9,0,0,47
BRDA:23,1,0,82
BRF:2
BRH:2
end_of_record
TN:
SF:src/components/select/select.tsx
FNF:0
FNH:0
DA:1,1
DA:2,1
DA:3,1
DA:4,1
DA:6,1
DA:8,1
DA:10,1
DA:12,1
DA:15,1
DA:16,51
DA:17,51
DA:18,51
DA:19,51
DA:20,51
DA:21,51
DA:22,51
DA:24,51
DA:25,51
DA:26,51
DA:27,51
DA:28,51
DA:29,51
DA:30,1
DA:32,1
DA:35,1
DA:36,95
DA:37,95
DA:38,95
DA:39,95
DA:41,95
DA:42,95
DA:43,95
DA:44,1
DA:46,1
DA:49,1
DA:50,95
DA:51,95
DA:52,95
DA:53,95
DA:55,95
DA:56,95
DA:57,95
DA:58,1
DA:60,1
DA:63,1
DA:64,51
DA:65,51
DA:66,51
DA:67,51
DA:68,51
DA:69,50
DA:70,51
DA:71,51
DA:72,51
DA:73,51
DA:75,51
DA:76,51
DA:77,51
DA:78,51
DA:79,51
DA:80,50
DA:81,51
DA:83,51
DA:84,51
DA:85,51
DA:86,51
DA:87,51
DA:88,1
DA:90,1
DA:93,1
DA:94,12
DA:95,12
DA:96,12
DA:97,12
DA:98,12
DA:99,12
DA:100,1
DA:102,1
DA:105,1
DA:106,315
DA:107,315
DA:108,315
DA:109,315
DA:110,315
DA:111,315
DA:112,315
DA:114,315
DA:115,315
DA:116,315
DA:117,315
DA:118,315
DA:119,315
DA:120,315
DA:121,315
DA:122,1
DA:124,1
DA:127,1
DA:128,6
DA:129,6
DA:130,6
DA:131,6
DA:132,6
DA:133,6
DA:134,1
LF:104
LH:104
BRDA:15,0,0,51
BRDA:35,1,0,95
BRDA:49,2,0,95
BRDA:63,3,0,51
BRDA:68,4,0,50
BRDA:79,5,0,50
BRDA:93,6,0,12
BRDA:105,7,0,315
BRDA:127,8,0,6
BRF:9
BRH:9
end_of_record
TN:
SF:src/components/separator/index.tsx
FNF:0
FNH:0
DA:1,1
LF:1
LH:1
BRF:0
BRH:0
end_of_record
TN:
SF:src/components/separator/separator.tsx
FNF:0
FNH:0
DA:3,1
DA:4,1
DA:6,1
DA:8,1
DA:11,1
DA:12,164
DA:13,164
DA:14,164
DA:15,164
DA:16,164
DA:17,164
DA:18,164
DA:19,164
DA:20,164
DA:21,164
DA:22,164
DA:23,164
DA:24,1
LF:18
LH:18
BRDA:11,0,0,164
BRDA:18,1,0,68
BRDA:18,2,0,96
BRF:3
BRH:3
end_of_record
TN:
SF:src/components/sheet/index.tsx
FN:1,(empty-report)
FNF:1
FNH:0
FNDA:0,(empty-report)
DA:1,0
LF:1
LH:0
BRDA:1,0,0,0
BRF:1
BRH:0
end_of_record
TN:
SF:src/components/sheet/sheet.tsx
FN:9,Sheet
FN:13,SheetTrigger
FN:17,SheetClose
FN:21,SheetPortal
FN:25,SheetOverlay
FN:41,SheetContent
FN:78,SheetHeader
FN:88,SheetFooter
FN:98,SheetTitle
FN:111,SheetDescription
FNF:10
FNH:10
FNDA:56,Sheet
FNDA:56,SheetTrigger
FNDA:3,SheetClose
FNDA:56,SheetPortal
FNDA:111,SheetOverlay
FNDA:56,SheetContent
FNDA:3,SheetHeader
FNDA:3,SheetFooter
FNDA:50,SheetTitle
FNDA:48,SheetDescription
DA:3,1
DA:4,1
DA:7,1
DA:9,56
DA:10,56
DA:11,56
DA:13,56
DA:14,56
DA:15,56
DA:17,3
DA:18,3
DA:19,3
DA:21,56
DA:22,56
DA:23,56
DA:25,111
DA:26,111
DA:27,111
DA:28,111
DA:29,111
DA:30,111
DA:31,111
DA:32,111
DA:33,111
DA:34,111
DA:35,111
DA:36,111
DA:37,111
DA:39,111
DA:41,56
DA:42,56
DA:43,56
DA:44,56
DA:45,56
DA:46,56
DA:48,56
DA:49,56
DA:50,56
DA:51,56
DA:52,56
DA:53,56
DA:54,56
DA:55,56
DA:56,56
DA:57,53
DA:58,56
DA:59,1
DA:60,56
DA:61,1
DA:62,56
DA:63,1
DA:64,56
DA:65,56
DA:66,56
DA:68,56
DA:69,56
DA:70,56
DA:71,56
DA:72,56
DA:73,56
DA:74,56
DA:76,56
DA:78,3
DA:79,3
DA:80,3
DA:81,3
DA:82,3
DA:83,3
DA:84,3
DA:86,3
DA:88,3
DA:89,3
DA:90,3
DA:91,3
DA:92,3
DA:93,3
DA:94,3
DA:96,3
DA:98,50
DA:99,50
DA:100,50
DA:101,50
DA:102,50
DA:103,50
DA:104,50
DA:105,50
DA:106,50
DA:107,50
DA:109,50
DA:111,48
DA:112,48
DA:113,48
DA:114,48
DA:115,48
DA:116,48
DA:117,48
DA:118,48
DA:119,48
DA:120,48
DA:122,48
LF:100
LH:100
BRDA:9,0,0,56
BRDA:13,1,0,56
BRDA:17,2,0,3
BRDA:21,3,0,56
BRDA:25,4,0,111
BRDA:41,5,0,56
BRDA:56,6,0,53
BRDA:58,7,0,1
BRDA:60,8,0,1
BRDA:62,9,0,1
BRDA:78,10,0,3
BRDA:88,11,0,3
BRDA:98,12,0,50
BRDA:111,13,0,48
BRF:14
BRH:14
end_of_record
TN:
SF:src/components/skeleton/skeleton.tsx
FN:7,Skeleton
FNF:1
FNH:1
FNDA:95,Skeleton
DA:1,1
DA:7,1
DA:9,95
DA:10,95
DA:13,95
DA:14,1
DA:15,1
DA:17,94
DA:18,94
DA:19,94
DA:20,326
DA:21,326
DA:22,326
DA:23,326
DA:24,326
DA:25,326
DA:26,326
DA:27,326
DA:28,326
DA:29,94
DA:30,94
DA:32,94
LF:22
LH:22
BRDA:7,0,0,95
BRDA:10,1,0,94
BRDA:10,2,0,93
BRDA:10,3,0,3
BRDA:10,4,0,92
BRDA:13,5,0,1
BRDA:15,6,0,94
BRDA:19,7,0,326
BRF:8
BRH:8
end_of_record
TN:
SF:src/components/slider/index.tsx
FN:1,(empty-report)
FNF:1
FNH:0
FNDA:0,(empty-report)
DA:1,0
LF:1
LH:0
BRDA:1,0,0,0
BRF:1
BRH:0
end_of_record
TN:
SF:src/components/slider/slider.tsx
FN:8,Slider
FNF:1
FNH:1
FNDA:37,Slider
DA:3,1
DA:4,1
DA:6,1
DA:8,37
DA:9,37
DA:10,37
DA:11,37
DA:12,37
DA:13,37
DA:14,37
DA:15,37
DA:16,37
DA:17,37
DA:18,37
DA:19,8
DA:20,29
DA:21,11
DA:22,18
DA:23,37
DA:24,37
DA:26,37
DA:27,37
DA:28,37
DA:29,37
DA:30,37
DA:31,37
DA:32,37
DA:33,37
DA:34,37
DA:35,37
DA:36,37
DA:37,37
DA:39,37
DA:40,37
DA:41,37
DA:42,37
DA:43,37
DA:45,37
DA:46,37
DA:47,37
DA:48,37
DA:49,37
DA:50,37
DA:51,37
DA:52,37
DA:53,67
DA:54,67
DA:55,67
DA:56,67
DA:57,67
DA:58,37
DA:59,37
DA:61,37
LF:53
LH:53
BRDA:8,0,0,37
BRDA:17,1,0,37
BRDA:18,2,0,8
BRDA:19,3,0,29
BRDA:20,4,0,11
BRDA:21,5,0,18
BRDA:52,6,0,67
BRF:7
BRH:7
end_of_record
TN:
SF:src/components/spinner/spinner.tsx
FN:55,Spinner
FNF:1
FNH:1
FNDA:43,Spinner
DA:1,1
DA:2,1
DA:3,1
DA:6,1
DA:7,1
DA:8,1
DA:9,1
DA:10,1
DA:11,1
DA:12,1
DA:13,1
DA:14,1
DA:15,1
DA:18,1
DA:20,1
DA:21,1
DA:22,1
DA:23,1
DA:24,1
DA:25,1
DA:26,1
DA:27,1
DA:28,1
DA:29,1
DA:30,1
DA:31,1
DA:32,1
DA:33,1
DA:34,1
DA:35,1
DA:36,1
DA:37,1
DA:38,1
DA:39,1
DA:40,1
DA:41,1
DA:42,1
DA:43,1
DA:44,1
DA:45,1
DA:46,1
DA:47,1
DA:48,1
DA:55,1
DA:56,43
DA:58,43
DA:59,43
DA:60,43
DA:61,43
DA:62,43
DA:64,43
LF:51
LH:51
BRDA:55,0,0,43
BRDA:61,1,0,11
BRF:2
BRH:2
end_of_record
TN:
SF:src/components/switch/switch.tsx
FNF:0
FNH:0
DA:1,1
DA:2,1
DA:3,1
DA:5,1
DA:8,1
DA:9,45
DA:10,45
DA:11,45
DA:12,45
DA:13,45
DA:14,45
DA:15,45
DA:17,45
DA:18,45
DA:19,45
DA:20,45
DA:21,45
DA:22,45
DA:23,45
DA:24,1
LF:20
LH:20
BRDA:8,0,0,45
BRF:1
BRH:1
end_of_record
TN:
SF:src/components/table/table.tsx
FNF:0
FNH:0
DA:1,1
DA:2,1
DA:4,1
DA:5,1
DA:6,42
DA:7,42
DA:8,42
DA:9,42
DA:10,42
DA:11,42
DA:12,42
DA:14,1
DA:15,1
DA:17,1
DA:20,1
DA:21,11
DA:22,1
DA:23,1
DA:25,1
DA:28,1
DA:29,30
DA:30,1
DA:31,1
DA:33,1
DA:36,1
DA:37,4
DA:38,4
DA:39,4
DA:40,4
DA:41,4
DA:42,4
DA:43,1
DA:45,1
DA:48,1
DA:49,147
DA:50,147
DA:51,147
DA:52,147
DA:53,147
DA:54,147
DA:55,147
DA:56,147
DA:57,147
DA:58,1
DA:60,1
DA:63,1
DA:64,14
DA:65,14
DA:66,14
DA:67,14
DA:68,14
DA:69,14
DA:70,14
DA:71,14
DA:72,14
DA:73,1
DA:75,1
DA:78,1
DA:79,247
DA:80,247
DA:81,247
DA:82,247
DA:83,247
DA:84,247
DA:85,247
DA:86,247
DA:87,247
DA:88,1
DA:90,1
DA:93,1
DA:94,5
DA:95,5
DA:96,5
DA:97,5
DA:98,5
DA:99,5
DA:100,1
LF:77
LH:77
BRDA:5,0,0,42
BRDA:20,1,0,11
BRDA:28,2,0,30
BRDA:36,3,0,4
BRDA:48,4,0,147
BRDA:63,5,0,14
BRDA:78,6,0,247
BRDA:93,7,0,5
BRF:8
BRH:8
end_of_record
TN:
SF:src/components/tabs/tabs.tsx
FN:45,Tabs
FN:79,TabsContent
FNF:2
FNH:2
FNDA:38,Tabs
FNDA:47,TabsContent
DA:2,1
DA:3,1
DA:4,1
DA:5,1
DA:7,1
DA:8,1
DA:9,1
DA:10,1
DA:11,1
DA:12,1
DA:13,1
DA:14,1
DA:15,1
DA:16,1
DA:17,1
DA:18,1
DA:19,1
DA:20,1
DA:21,1
DA:22,1
DA:24,1
DA:25,1
DA:26,1
DA:27,1
DA:28,1
DA:29,1
DA:30,1
DA:31,1
DA:32,1
DA:33,1
DA:34,1
DA:35,1
DA:36,1
DA:37,1
DA:38,1
DA:39,1
DA:45,38
DA:46,38
DA:47,38
DA:48,38
DA:49,38
DA:50,38
DA:51,38
DA:53,38
DA:55,1
DA:58,1
DA:59,38
DA:60,38
DA:61,38
DA:62,38
DA:63,38
DA:64,38
DA:65,38
DA:67,1
DA:70,1
DA:71,72
DA:72,72
DA:73,72
DA:74,72
DA:75,72
DA:76,72
DA:77,72
DA:79,47
DA:80,47
DA:81,47
DA:82,47
DA:83,47
DA:84,47
DA:85,47
DA:86,47
DA:87,47
DA:88,47
DA:90,47
LF:73
LH:73
BRDA:45,0,0,38
BRDA:58,1,0,38
BRDA:70,2,0,72
BRDA:79,3,0,47
BRF:4
BRH:4
end_of_record
TN:
SF:src/components/tag-input/tag-input.tsx
FN:24,TagInput
FN:54,addTag
FN:63,removeTag
FN:68,handleKeyDown
FN:77,handleInputChange
FN:92,handleContainerClick
FN:113,onClick
FNF:7
FNH:7
FNDA:321,TagInput
FNDA:22,addTag
FNDA:3,removeTag
FNDA:273,handleKeyDown
FNDA:251,handleInputChange
FNDA:27,handleContainerClick
FNDA:2,onClick
DA:3,1
DA:4,1
DA:5,1
DA:24,1
DA:25,321
DA:26,321
DA:27,321
DA:28,321
DA:29,321
DA:30,321
DA:31,321
DA:32,321
DA:33,321
DA:34,321
DA:36,321
DA:37,57
DA:38,5
DA:40,5
DA:41,2
DA:42,5
DA:43,3
DA:44,3
DA:46,5
DA:47,5
DA:48,5
DA:49,5
DA:50,321
DA:52,321
DA:54,321
DA:55,22
DA:56,22
DA:57,20
DA:58,20
DA:59,20
DA:60,22
DA:61,22
DA:63,321
DA:64,3
DA:65,3
DA:66,3
DA:68,321
DA:69,273
DA:70,21
DA:71,21
DA:72,273
DA:73,1
DA:74,1
DA:75,273
DA:77,321
DA:78,251
DA:80,251
DA:81,1
DA:82,1
DA:83,1
DA:85,1
DA:86,1
DA:87,251
DA:88,250
DA:89,250
DA:90,251
DA:92,321
DA:93,27
DA:94,1
DA:95,1
DA:96,27
DA:98,321
DA:99,321
DA:100,321
DA:101,321
DA:102,321
DA:104,321
DA:105,321
DA:106,107
DA:107,107
DA:108,107
DA:110,107
DA:111,107
DA:112,107
DA:113,107
DA:114,107
DA:115,107
DA:117,107
DA:118,107
DA:119,107
DA:120,321
DA:122,321
DA:123,321
DA:124,321
DA:125,321
DA:126,321
DA:127,321
DA:128,321
DA:129,321
DA:130,321
DA:131,321
DA:132,321
DA:134,321
DA:135,321
DA:137,321
LF:99
LH:99
BRDA:24,0,0,321
BRDA:128,1,0,244
BRDA:128,2,0,77
BRDA:134,3,0,2
BRDA:36,4,0,57
BRDA:37,5,0,6
BRDA:37,6,0,5
BRDA:40,7,0,2
BRDA:42,8,0,3
BRDA:41,9,0,3
BRDA:43,10,0,11
BRDA:54,11,0,22
BRDA:56,12,0,21
BRDA:56,13,0,20
BRDA:58,14,0,19
BRDA:63,15,0,3
BRDA:64,16,0,7
BRDA:68,17,0,273
BRDA:69,18,0,258
BRDA:69,19,0,21
BRDA:72,20,0,252
BRDA:72,21,0,3
BRDA:72,22,0,2
BRDA:72,23,0,1
BRDA:77,24,0,251
BRDA:80,25,0,1
BRDA:87,26,0,250
BRDA:92,27,0,27
BRDA:93,28,0,1
BRDA:105,29,0,107
BRDA:113,30,0,2
BRF:31
BRH:31
end_of_record
TN:
SF:src/components/textarea/textarea.tsx
FNF:0
FNH:0
DA:1,1
DA:2,1
DA:4,1
DA:5,1
DA:6,69
DA:7,69
DA:8,69
DA:9,69
DA:10,69
DA:11,69
DA:12,69
DA:13,69
DA:14,69
DA:16,69
DA:17,1
DA:18,1
LF:16
LH:16
BRDA:5,0,0,69
BRF:1
BRH:1
end_of_record
TN:
SF:src/components/toaster/toast.tsx
FN:6,ToastCloseButton
FN:14,success
FN:17,onClick
FN:21,error
FN:24,onClick
FN:28,warning
FN:31,onClick
FN:35,info
FN:38,onClick
FNF:9
FNH:4
FNDA:0,ToastCloseButton
FNDA:21,success
FNDA:0,onClick
FNDA:4,error
FNDA:0,onClick
FNDA:4,warning
FNDA:0,onClick
FNDA:3,info
FNDA:0,onClick
DA:1,1
DA:3,1
DA:4,1
DA:6,1
DA:7,0
DA:8,0
DA:9,0
DA:12,1
DA:13,1
DA:14,1
DA:15,21
DA:16,21
DA:17,21
DA:18,21
DA:19,21
DA:20,21
DA:21,1
DA:22,4
DA:23,4
DA:24,4
DA:25,4
DA:26,4
DA:27,4
DA:28,1
DA:29,4
DA:30,4
DA:31,4
DA:32,4
DA:33,4
DA:34,4
DA:35,1
DA:36,3
DA:37,3
DA:38,3
DA:39,3
DA:40,3
DA:41,3
DA:42,1
LF:38
LH:35
BRDA:14,0,0,21
BRDA:21,1,0,4
BRDA:28,2,0,4
BRDA:35,3,0,3
BRF:4
BRH:4
end_of_record
TN:
SF:src/components/toaster/toaster.tsx
FN:10,Toaster
FNF:1
FNH:1
FNDA:37,Toaster
DA:1,1
DA:10,1
DA:11,37
DA:12,37
DA:13,37
DA:14,37
DA:15,37
DA:16,37
DA:17,37
DA:18,37
DA:19,37
DA:20,37
DA:21,37
DA:22,37
DA:23,37
DA:24,37
DA:25,37
DA:26,37
DA:27,37
DA:29,37
LF:20
LH:20
BRDA:10,0,0,37
BRF:1
BRH:1
end_of_record
TN:
SF:src/components/toggle/toggle.tsx
FNF:0
FNH:0
DA:1,1
DA:2,1
DA:3,1
DA:4,1
DA:6,1
DA:7,1
DA:8,1
DA:9,1
DA:10,1
DA:11,1
DA:12,1
DA:13,1
DA:14,1
DA:15,1
DA:16,1
DA:17,1
DA:18,1
DA:19,1
DA:20,1
DA:21,1
DA:22,1
DA:23,1
DA:24,1
DA:25,1
DA:26,1
DA:28,1
DA:32,1
DA:33,52
DA:34,52
DA:35,52
DA:36,52
DA:37,52
DA:38,52
DA:40,1
LF:34
LH:34
BRDA:32,0,0,52
BRF:1
BRH:1
end_of_record
TN:
SF:src/components/toggle-group/toggle-group.tsx
FNF:0
FNH:0
DA:3,1
DA:4,1
DA:6,1
DA:7,1
DA:9,1
DA:10,1
DA:11,1
DA:12,1
DA:14,1
DA:18,1
DA:19,25
DA:20,25
DA:21,25
DA:22,25
DA:24,25
DA:25,25
DA:26,25
DA:27,25
DA:28,25
DA:30,1
DA:32,1
DA:36,1
DA:37,32
DA:39,32
DA:40,32
DA:41,32
DA:42,32
DA:43,32
DA:44,32
DA:45,32
DA:46,32
DA:47,32
DA:48,32
DA:49,32
DA:51,32
DA:52,32
DA:54,32
DA:56,1
LF:38
LH:38
BRDA:18,0,0,25
BRDA:36,1,0,32
BRDA:44,2,0,26
BRDA:45,3,0,28
BRF:4
BRH:4
end_of_record
TN:
SF:src/components/tooltip/tooltip.tsx
FN:8,TooltipProvider
FN:21,Tooltip
FN:29,TooltipTrigger
FN:35,TooltipContent
FNF:4
FNH:4
FNDA:63,TooltipProvider
FNDA:56,Tooltip
FNDA:51,TooltipTrigger
FNDA:47,TooltipContent
DA:3,1
DA:6,1
DA:8,63
DA:9,63
DA:10,63
DA:11,63
DA:12,63
DA:13,63
DA:14,63
DA:15,63
DA:16,63
DA:17,63
DA:19,63
DA:21,56
DA:22,56
DA:23,56
DA:24,56
DA:25,56
DA:27,56
DA:29,51
DA:30,51
DA:31,51
DA:32,51
DA:33,51
DA:35,47
DA:36,47
DA:37,47
DA:38,47
DA:39,47
DA:40,47
DA:41,47
DA:42,47
DA:43,47
DA:44,47
DA:45,47
DA:46,47
DA:47,47
DA:48,47
DA:49,47
DA:50,47
DA:52,47
DA:53,47
DA:54,47
DA:55,47
DA:57,47
LF:45
LH:45
BRDA:8,0,0,63
BRDA:21,1,0,56
BRDA:29,2,0,51
BRDA:35,3,0,47
BRF:4
BRH:4
end_of_record
TN:
SF:src/lib/hooks/use-array.ts
FN:1,(empty-report)
FNF:1
FNH:0
FNDA:0,(empty-report)
DA:1,0
DA:3,0
DA:4,0
DA:6,0
DA:7,0
DA:8,0
DA:10,0
DA:11,0
DA:12,0
DA:13,0
DA:14,0
DA:16,0
DA:17,0
DA:18,0
DA:19,0
DA:20,0
DA:22,0
DA:23,0
LF:18
LH:0
BRDA:1,0,0,0
BRF:1
BRH:0
end_of_record
TN:
SF:src/lib/hooks/use-copy-to-clipboard.ts
FN:1,(empty-report)
FNF:1
FNH:0
FNDA:0,(empty-report)
DA:1,0
DA:6,0
DA:7,0
DA:9,0
DA:10,0
DA:11,0
DA:12,0
DA:13,0
DA:16,0
DA:17,0
DA:18,0
DA:19,0
DA:20,0
DA:21,0
DA:22,0
DA:23,0
DA:24,0
DA:25,0
DA:27,0
DA:28,0
LF:20
LH:0
BRDA:1,0,0,0
BRF:1
BRH:0
end_of_record
TN:
SF:src/lib/hooks/use-debounce.ts
FN:1,(empty-report)
FNF:1
FNH:0
FNDA:0,(empty-report)
DA:1,0
DA:4,0
DA:6,0
DA:7,0
DA:8,0
DA:10,0
DA:11,0
DA:12,0
DA:16,0
DA:17,0
DA:18,0
DA:19,0
DA:20,0
DA:21,0
DA:22,0
DA:23,0
LF:16
LH:0
BRDA:1,0,0,0
BRF:1
BRH:0
end_of_record
TN:
SF:src/lib/hooks/use-dialog.tsx
FN:1,(empty-report)
FNF:1
FNH:1
FNDA:1,(empty-report)
DA:3,0
DA:11,0
DA:12,0
DA:13,0
DA:55,0
DA:57,0
DA:58,0
DA:59,0
DA:60,0
DA:61,0
DA:62,0
DA:64,0
DA:65,0
DA:66,0
DA:67,0
DA:68,0
DA:69,0
DA:70,0
DA:71,0
DA:73,0
DA:74,0
DA:77,0
DA:78,0
DA:79,0
DA:80,0
DA:82,0
DA:83,0
DA:84,0
DA:86,0
DA:87,0
DA:88,0
DA:90,0
DA:91,0
DA:92,0
DA:93,0
DA:94,0
DA:95,0
DA:97,0
DA:98,0
DA:99,0
DA:100,0
DA:101,0
DA:102,0
DA:104,0
DA:105,0
DA:106,0
DA:107,0
DA:108,0
DA:109,0
DA:111,0
DA:112,0
DA:113,0
DA:114,0
DA:115,0
DA:116,0
DA:118,0
DA:119,0
DA:120,0
DA:121,0
DA:122,0
DA:123,0
DA:125,0
DA:126,0
DA:127,0
DA:128,0
DA:129,0
DA:130,0
DA:132,0
DA:133,0
DA:134,0
DA:135,0
DA:136,0
DA:137,0
DA:139,0
DA:140,0
DA:141,0
DA:143,0
DA:144,0
DA:145,0
DA:146,0
DA:147,0
DA:148,0
DA:149,0
DA:150,0
DA:152,0
DA:154,0
DA:155,0
DA:156,0
DA:157,0
DA:158,0
DA:159,0
DA:160,0
DA:161,0
DA:162,0
DA:163,0
DA:164,0
DA:165,0
DA:166,0
DA:168,0
DA:170,0
DA:171,0
DA:172,0
DA:173,0
DA:174,0
DA:175,0
DA:176,0
DA:177,0
DA:178,0
DA:179,0
DA:180,0
DA:181,0
DA:182,0
DA:183,0
DA:184,0
DA:186,0
DA:187,0
DA:188,0
DA:189,0
DA:190,0
DA:191,0
DA:192,0
DA:193,0
DA:194,0
DA:195,0
DA:196,0
DA:197,0
DA:198,0
DA:200,0
DA:201,0
DA:202,0
DA:203,0
DA:205,0
DA:206,0
DA:207,0
DA:208,0
DA:209,0
DA:210,0
DA:211,0
DA:212,0
DA:213,0
DA:214,0
DA:215,0
DA:216,0
DA:218,0
DA:220,0
DA:221,0
DA:222,0
DA:223,0
DA:224,0
DA:225,0
DA:226,0
DA:227,0
DA:228,0
DA:229,0
DA:230,0
DA:231,0
DA:233,0
DA:234,0
DA:235,0
DA:236,0
DA:237,0
DA:238,0
DA:239,0
DA:240,0
DA:241,0
DA:243,0
DA:244,0
DA:246,0
DA:248,0
DA:249,0
DA:250,0
DA:252,0
DA:254,0
DA:255,0
DA:256,0
DA:257,0
DA:258,0
DA:259,0
DA:260,0
LF:179
LH:0
BRDA:1,0,0,1
BRF:1
BRH:1
end_of_record
TN:
SF:src/lib/hooks/use-disclosure-bool.ts
FN:1,(empty-report)
FNF:1
FNH:0
FNDA:0,(empty-report)
DA:1,0
DA:3,0
DA:4,0
DA:6,0
DA:7,0
DA:9,0
DA:10,0
LF:7
LH:0
BRDA:1,0,0,0
BRF:1
BRH:0
end_of_record
TN:
SF:src/lib/hooks/use-disclosure.ts
FN:1,(empty-report)
FNF:1
FNH:0
FNDA:0,(empty-report)
DA:1,0
DA:3,0
DA:4,0
DA:6,0
DA:7,0
DA:8,0
DA:10,0
DA:11,0
LF:8
LH:0
BRDA:1,0,0,0
BRF:1
BRH:0
end_of_record
TN:
SF:src/lib/hooks/use-file-utilities.ts
FN:1,(empty-report)
FNF:1
FNH:0
FNDA:0,(empty-report)
DA:1,0
DA:3,0
DA:4,0
DA:5,0
DA:6,0
DA:7,0
DA:9,0
DA:11,0
DA:12,0
DA:13,0
DA:14,0
DA:15,0
DA:16,0
DA:17,0
DA:18,0
DA:19,0
DA:20,0
DA:21,0
DA:22,0
DA:24,0
DA:25,0
DA:26,0
DA:27,0
DA:28,0
DA:29,0
DA:30,0
DA:31,0
DA:32,0
DA:33,0
DA:35,0
DA:36,0
LF:31
LH:0
BRDA:1,0,0,0
BRF:1
BRH:0
end_of_record
TN:
SF:src/lib/hooks/use-key-press.ts
FN:1,(empty-report)
FNF:1
FNH:0
FNDA:0,(empty-report)
DA:1,0
DA:3,0
DA:4,0
DA:5,0
DA:6,0
DA:7,0
DA:9,0
DA:10,0
DA:11,0
DA:12,0
DA:13,0
DA:15,0
DA:16,0
DA:17,0
DA:18,0
DA:19,0
DA:21,0
DA:22,0
DA:23,0
DA:25,0
DA:26,0
DA:27,0
DA:28,0
DA:29,0
DA:31,0
DA:32,0
DA:34,0
DA:36,0
DA:37,0
LF:29
LH:0
BRDA:1,0,0,0
BRF:1
BRH:0
end_of_record
TN:
SF:src/lib/hooks/use-local-storage.ts
FN:1,(empty-report)
FNF:1
FNH:0
FNDA:0,(empty-report)
DA:1,0
DA:4,0
DA:7,0
DA:8,0
DA:10,0
DA:12,0
DA:13,0
DA:15,0
DA:16,0
DA:17,0
DA:18,0
DA:21,0
DA:22,0
DA:24,0
DA:26,0
DA:28,0
DA:29,0
DA:31,0
DA:32,0
DA:33,0
DA:34,0
DA:35,0
DA:36,0
DA:37,0
DA:38,0
DA:39,0
DA:40,0
DA:41,0
DA:42,0
DA:43,0
LF:30
LH:0
BRDA:1,0,0,0
BRF:1
BRH:0
end_of_record
TN:
SF:src/lib/hooks/use-media-query.ts
FN:1,(empty-report)
FNF:1
FNH:0
FNDA:0,(empty-report)
DA:1,0
DA:3,0
DA:4,0
DA:6,0
DA:7,0
DA:8,0
DA:9,0
DA:10,0
DA:11,0
DA:12,0
DA:13,0
DA:14,0
DA:16,0
DA:17,0
LF:14
LH:0
BRDA:1,0,0,0
BRF:1
BRH:0
end_of_record
TN:
SF:src/lib/hooks/use-mobile.tsx
FN:1,(empty-report)
FNF:1
FNH:0
FNDA:0,(empty-report)
DA:1,0
DA:3,0
DA:5,0
DA:6,0
DA:8,0
DA:9,0
DA:10,0
DA:11,0
DA:12,0
DA:13,0
DA:14,0
DA:15,0
DA:16,0
DA:18,0
DA:19,0
LF:15
LH:0
BRDA:1,0,0,0
BRF:1
BRH:0
end_of_record
TN:
SF:src/lib/hooks/use-pwa-install.ts
FN:1,(empty-report)
FNF:1
FNH:1
FNDA:1,(empty-report)
DA:2,0
DA:10,0
DA:11,0
DA:12,0
DA:14,0
DA:16,0
DA:17,0
DA:18,0
DA:19,0
DA:20,0
DA:21,0
DA:23,0
DA:24,0
DA:25,0
DA:26,0
DA:27,0
DA:30,0
DA:31,0
DA:32,0
DA:35,0
DA:36,0
DA:37,0
DA:38,0
DA:40,0
DA:41,0
DA:42,0
DA:43,0
DA:44,0
DA:45,0
DA:46,0
DA:47,0
DA:48,0
DA:50,0
DA:51,0
DA:52,0
DA:53,0
DA:54,0
DA:55,0
LF:38
LH:0
BRDA:1,0,0,1
BRF:1
BRH:1
end_of_record
TN:
SF:src/lib/hooks/use-sanitized-html.tsx
FN:1,(empty-report)
FNF:1
FNH:0
FNDA:0,(empty-report)
DA:1,0
DA:15,0
DA:16,0
DA:17,0
DA:18,0
DA:19,0
DA:20,0
DA:21,0
DA:22,0
DA:23,0
DA:24,0
DA:25,0
DA:26,0
DA:27,0
DA:28,0
DA:29,0
DA:30,0
DA:31,0
DA:32,0
DA:33,0
DA:34,0
DA:35,0
DA:36,0
DA:37,0
DA:38,0
DA:39,0
DA:40,0
DA:41,0
DA:42,0
DA:43,0
DA:44,0
DA:45,0
DA:46,0
DA:47,0
DA:48,0
DA:49,0
DA:50,0
DA:51,0
DA:52,0
DA:53,0
DA:54,0
DA:55,0
DA:56,0
DA:57,0
DA:58,0
DA:59,0
DA:60,0
DA:61,0
DA:76,0
DA:77,0
DA:78,0
DA:79,0
DA:80,0
DA:82,0
DA:83,0
DA:86,0
DA:89,0
DA:90,0
DA:93,0
DA:94,0
DA:95,0
DA:96,0
DA:97,0
DA:98,0
DA:99,0
DA:100,0
DA:101,0
DA:102,0
DA:103,0
DA:107,0
DA:108,0
DA:109,0
DA:114,0
DA:118,0
DA:119,0
DA:120,0
DA:121,0
DA:126,0
DA:127,0
DA:128,0
DA:129,0
DA:130,0
DA:131,0
DA:132,0
DA:133,0
DA:134,0
DA:135,0
DA:136,0
DA:137,0
DA:138,0
DA:139,0
DA:140,0
DA:141,0
DA:142,0
DA:143,0
DA:144,0
DA:145,0
DA:146,0
DA:147,0
DA:152,0
DA:153,0
DA:154,0
DA:155,0
DA:156,0
DA:157,0
DA:158,0
DA:159,0
DA:160,0
DA:161,0
DA:162,0
DA:163,0
DA:164,0
DA:165,0
DA:166,0
DA:167,0
DA:168,0
DA:169,0
DA:170,0
DA:171,0
DA:172,0
DA:173,0
DA:174,0
DA:175,0
DA:176,0
DA:177,0
DA:178,0
DA:179,0
DA:180,0
DA:181,0
DA:182,0
DA:183,0
DA:184,0
DA:185,0
DA:186,0
DA:187,0
DA:188,0
DA:189,0
DA:190,0
DA:191,0
DA:192,0
DA:193,0
DA:194,0
DA:199,0
DA:200,0
DA:201,0
DA:202,0
DA:203,0
DA:204,0
LF:148
LH:0
BRDA:1,0,0,0
BRF:1
BRH:0
end_of_record
TN:
SF:src/lib/types/ts-utilities.ts
FN:1,(empty-report)
FNF:1
FNH:1
FNDA:1,(empty-report)
LF:0
LH:0
BRDA:1,0,0,1
BRF:1
BRH:1
end_of_record
TN:
SF:src/lib/utils/cn.ts
FN:4,cn
FNF:1
FNH:1
FNDA:8387,cn
DA:1,1
DA:2,1
DA:4,1
DA:5,8387
DA:6,8387
LF:5
LH:5
BRDA:4,0,0,8387
BRF:1
BRH:1
end_of_record
TN:
SF:src/lib/utils/date-formatters.ts
FN:4,formatDateUTC
FN:18,formatDateMonthYear
FN:24,formatDateDayMonth
FN:30,formatDateAndTime
FN:39,getMonthName
FN:44,getLongDate
FN:47,formatDateAndWeekday
FN:54,formatDateAndWeekdayAndYear
FN:65,formatDateAndMonth
FN:71,formatLongDate
FN:76,formatShortDate
FN:79,getMonthYearFromISODate
FN:83,formatWeekDayAndShortDate
FNF:13
FNH:0
FNDA:0,formatDateUTC
FNDA:0,formatDateMonthYear
FNDA:0,formatDateDayMonth
FNDA:0,formatDateAndTime
FNDA:0,getMonthName
FNDA:0,getLongDate
FNDA:0,formatDateAndWeekday
FNDA:0,formatDateAndWeekdayAndYear
FNDA:0,formatDateAndMonth
FNDA:0,formatLongDate
FNDA:0,formatShortDate
FNDA:0,getMonthYearFromISODate
FNDA:0,formatWeekDayAndShortDate
DA:1,1
DA:2,1
DA:4,1
DA:5,0
DA:6,0
DA:7,0
DA:8,0
DA:9,0
DA:11,0
DA:12,0
DA:13,0
DA:14,0
DA:15,0
DA:16,0
DA:18,1
DA:19,0
DA:20,0
DA:21,0
DA:22,0
DA:24,1
DA:25,0
DA:26,0
DA:27,0
DA:28,0
DA:30,1
DA:31,0
DA:32,0
DA:33,0
DA:34,0
DA:35,0
DA:36,0
DA:37,0
DA:39,1
DA:40,0
DA:41,0
DA:42,0
DA:44,1
DA:45,0
DA:47,1
DA:48,0
DA:49,0
DA:50,0
DA:51,0
DA:52,0
DA:54,1
DA:55,0
DA:56,0
DA:58,0
DA:59,0
DA:60,0
DA:61,0
DA:62,0
DA:63,0
DA:65,1
DA:66,0
DA:67,0
DA:68,0
DA:69,0
DA:71,1
DA:72,0
DA:73,0
DA:74,0
DA:76,1
DA:77,0
DA:79,1
DA:80,0
DA:81,0
DA:83,1
DA:84,0
DA:85,0
DA:86,0
DA:87,0
DA:88,0
DA:89,0
LF:74
LH:15
BRF:0
BRH:0
end_of_record
TN:
SF:src/lib/utils/formatters.ts
FN:1,formatCurrency
FN:13,padString
FNF:2
FNH:0
FNDA:0,formatCurrency
FNDA:0,padString
DA:1,1
DA:2,0
DA:3,0
DA:4,0
DA:5,0
DA:6,0
DA:7,0
DA:8,0
DA:9,0
DA:10,0
DA:11,0
DA:13,1
DA:14,0
DA:15,0
DA:16,0
DA:17,0
LF:16
LH:2
BRF:0
BRH:0
end_of_record
TN:
SF:src/lib/utils/merge-objects.ts
FN:9,mergeObjects
FNF:1
FNH:0
FNDA:0,mergeObjects
DA:9,1
DA:10,0
DA:11,0
DA:12,0
DA:13,0
DA:15,0
DA:16,0
DA:17,0
DA:18,0
DA:19,0
DA:20,0
DA:21,0
DA:22,0
DA:23,0
DA:24,0
DA:26,0
DA:27,0
DA:29,0
DA:30,0
DA:31,0
DA:32,0
DA:34,0
DA:35,0
LF:23
LH:1
BRF:0
BRH:0
end_of_record
TN:
SF:src/lib/utils/string.ts
FN:1,normalizeString
FN:9,normalizeStringToCompare
FN:18,containSearchStrings
FN:22,sortNormalize
FN:32,sortByName
FN:42,sortByField
FN:52,sortByFieldDesc
FN:62,sortByNestedField
FN:78,capitalize
FN:82,replaceTemplateWithVariables
FNF:10
FNH:2
FNDA:0,normalizeString
FNDA:580,normalizeStringToCompare
FNDA:290,containSearchStrings
FNDA:0,sortNormalize
FNDA:0,sortByName
FNDA:0,sortByField
FNDA:0,sortByFieldDesc
FNDA:0,sortByNestedField
FNDA:0,capitalize
FNDA:0,replaceTemplateWithVariables
DA:1,1
DA:2,0
DA:3,0
DA:4,0
DA:5,0
DA:6,0
DA:7,0
DA:9,1
DA:10,580
DA:11,427
DA:12,427
DA:13,427
DA:14,427
DA:15,427
DA:16,153
DA:18,1
DA:19,290
DA:20,290
DA:22,1
DA:23,0
DA:24,0
DA:25,0
DA:26,0
DA:27,0
DA:28,0
DA:29,0
DA:30,0
DA:32,1
DA:33,0
DA:34,0
DA:35,0
DA:36,0
DA:37,0
DA:38,0
DA:39,0
DA:40,0
DA:42,1
DA:43,0
DA:44,0
DA:45,0
DA:46,0
DA:47,0
DA:48,0
DA:49,0
DA:50,0
DA:52,1
DA:53,0
DA:54,0
DA:55,0
DA:56,0
DA:57,0
DA:58,0
DA:59,0
DA:60,0
DA:62,1
DA:63,0
DA:64,0
DA:65,0
DA:66,0
DA:67,0
DA:68,0
DA:69,0
DA:70,0
DA:71,0
DA:72,0
DA:73,0
DA:74,0
DA:75,0
DA:78,1
DA:79,0
DA:80,0
DA:82,1
DA:83,0
DA:84,0
DA:85,0
DA:86,0
DA:87,0
DA:88,0
DA:89,0
LF:79
LH:19
BRDA:9,0,0,580
BRDA:10,1,0,427
BRDA:15,2,0,153
BRDA:18,3,0,290
BRF:4
BRH:4
end_of_record
